MPASM  5.43                        TIMERS.ASM   9-14-2013  21:10:32         PAGE  1


LOC  OBJECT CODE     LINE SOURCE TEXT
  VALUE

                      00001 ;**********************************************************************
                      00002 ;   This file is a basic code template for object module code         *
                      00003 ;   generation on the PIC16F628A. This file contains the              *
                      00004 ;   basic code building blocks to build upon.                         *
                      00005 ;                                                                     *
                      00006 ;   Refer to the MPASM User's Guide for additional information on     *
                      00007 ;   features of the assembler and linker (Document DS33014).          *
                      00008 ;                                                                     *
                      00009 ;   Refer to the respective PIC data sheet for additional             *
                      00010 ;   information on the instruction set.                               *
                      00011 ;                                                                     *
                      00012 ;**********************************************************************
                      00013 ;                                                                     *
                      00014 ;    Filename:        xxx.asm                                         *
                      00015 ;    Date:                                                            *
                      00016 ;    File Version:                                                    *
                      00017 ;                                                                     *
                      00018 ;    Author:                                                          *
                      00019 ;    Company:                                                         *
                      00020 ;                                                                     *
                      00021 ;                                                                     *
                      00022 ;**********************************************************************
                      00023 ;                                                                     *
                      00024 ;    Files required: P16F628A.INC                                     *
                      00025 ;                                                                     *
                      00026 ;**********************************************************************
                      00027 ;                                                                     *
                      00028 ;    Notes:                                                           *
                      00029 ;                                                                     *
                      00030 ;**********************************************************************
                      00031 
                      00032     list      p=16F628A           ; list directive to define processor
                      00033     #include <p16F628A.inc>       ; processor specific variable definitions
                      00001         LIST
                      00002 
                      00003 ;==========================================================================
                      00004 ;  MPASM PIC16F628A processor include
                      00005 ; 
                      00006 ;  (c) Copyright 1999-2011 Microchip Technology, All rights reserved
                      00007 ;==========================================================================
                      00008 
                      00383         LIST
                      00034 
                      00035     errorlevel  -302              ; suppress message 302 from list file
                      00036 
2007   3F61           00037   __CONFIG    _XT_OSC & _LVP_OFF & _WDT_OFF & _PWRTE_ON & _BODEN_ON
                      00038 
                      00039 ; '__CONFIG' directive is used to embed configuration word within .asm file.
                      00040 ; The lables following the directive are located in the respective .inc file.
                      00041 ; See data sheet for additional information on configuration word settings.
                      00042 
                      00043 ;***** VARIABLE DEFINITIONS (examples)
                      00044 
MPASM  5.43                        TIMERS.ASM   9-14-2013  21:10:32         PAGE  2


LOC  OBJECT CODE     LINE SOURCE TEXT
  VALUE

                      00045 ; example of using Shared Uninitialized Data Section
                      00046 INT_VAR        UDATA_SHR     
0000                  00047 w_temp         RES     1        ; variable used for context saving 
0001                  00048 status_temp    RES     1        ; variable used for context saving
0002                  00049 dc1                        RES     1
0003                  00050 dc2                        RES     1
0004                  00051 dc3                        RES     1
                      00052 
                      00053 
                      00054 ;**********************************************************************
                      00055 RESET_VECTOR    CODE   0x0000     ; processor reset vector
0000   2???           00056         goto    START             ; go to beginning of program
                      00057     
                      00058 INT_VECTOR    CODE    0x0004      ; interrupt vector location
                      00059 
0004                  00060 INTERRUPT
                      00061 
0004   00??           00062         movwf   w_temp            ; save off current W register contents
0005   0803           00063         movf    STATUS,w          ; move status register into W register
0006   00??           00064         movwf   status_temp       ; save off contents of STATUS register
                      00065 
                      00066 
                      00067 ; isr code can go here or be located as a call subroutine elsewhere
                      00068 
                      00069 
0007   08??           00070         movf    status_temp,w     ; retrieve copy of STATUS register
0008   0083           00071         movwf   STATUS            ; restore pre-isr STATUS register contents
0009   0E??           00072         swapf   w_temp,f
000A   0E??           00073         swapf   w_temp,w          ; restore pre-isr W register contents
000B   0009           00074         retfie                    ; return from interrupt
                      00075 
                      00076 MAIN_PROG     CODE
                      00077 
0000                  00078 START
                      00079 ; remaining code goes here
0000   01??           00080           clrf dc1
0001   01??           00081           clrf dc2
0002   01??           00082           clrf dc3
                      00083 
                      00084           
                      00085 
0003   0185           00086           clrf PORTA
0004   1683           00087           bsf  STATUS, RP0
0005   0185           00088           clrf TRISA
0006   1283           00089           bcf  STATUS, RP0
                      00090 
                      00091 ; 
                      00092 ; ------------------------ 
                      00093 ; FUNCTION OF PORT A PINS 
                      00094 ; ------------------------ 
                      00095 ; 
0007   3007           00096         MOVLW    7 
0008   009F           00097         MOVWF    CMCON ; Comparators off, all pins digital I/O 
MPASM  5.43                        TIMERS.ASM   9-14-2013  21:10:32         PAGE  3


LOC  OBJECT CODE     LINE SOURCE TEXT
  VALUE

                      00098 
0009                  00099 MAINLOOP
0009   300F           00100           movlw b'1111'
000A   0085           00101           movwf PORTA
                      00102 
000B   3087           00103           movlw 87
000C   2???           00104           call DELAY_10
                      00105           ;call DELAY
                      00106           ;call DELAY
                      00107           
000D   3000           00108           movlw b'0000'
000E   0085           00109           movwf PORTA
                      00110 
000F   3013           00111           movlw 13
0010   2???           00112           call DELAY_10
                      00113           ;call DELAY
                      00114           ;call DELAY
                      00115 
0011   2???           00116           goto MAINLOOP
                      00117 
                      00118         ;goto     $                ; loop forever
0012                  00119 DELAY_10
                      00120           ;movlw d'15'
0012   00??           00121           movwf dc3
                      00122 
0013   300D           00123           movlw d'13'
0014   00??           00124           movwf dc2
                      00125 
0015   0000           00126 DL1 nop
0016   0B??           00127           decfsz dc1, f
0017   2???           00128           goto DL1
                      00129 
0018   0000           00130 DL2 nop
0019   0B??           00131           decfsz dc2, f
001A   2???           00132           goto DL2
                      00133 
001B   0000           00134 DL3 nop
001C   0B??           00135           decfsz dc3, f
001D   2???           00136           goto DL1
001E   0008           00137           RETURN
                      00138         
                      00139 
                      00140 ; initialize eeprom locations
                      00141 
                      00142 EE        CODE    0x2100
2100   0000 0001 0002 00143         DE    0x00, 0x01, 0x02, 0x03
       0003 
                      00144 
3F61                  00145         END                       ; directive 'end of program'
MPASM  5.43                        TIMERS.ASM   9-14-2013  21:10:32         PAGE  4


SYMBOL TABLE
  LABEL                             VALUE 

ADDEN                             00000003
ADEN                              00000003
BRGH                              00000002
C                                 00000000
C1INV                             00000004
C1OUT                             00000006
C2INV                             00000005
C2OUT                             00000007
CCP1CON                           00000017
CCP1IE                            00000002
CCP1IF                            00000002
CCP1M0                            00000000
CCP1M1                            00000001
CCP1M2                            00000002
CCP1M3                            00000003
CCP1X                             00000005
CCP1Y                             00000004
CCPR1                             00000015
CCPR1H                            00000016
CCPR1L                            00000015
CIS                               00000003
CM0                               00000000
CM1                               00000001
CM2                               00000002
CMCON                             0000001F
CMIE                              00000006
CMIF                              00000006
CREN                              00000004
CSRC                              00000007
DATA_CP_OFF                       00003FFF
DATA_CP_ON                        00003EFF
DC                                00000001
DELAY_10                          00000012
DL1                               00000015
DL2                               00000018
DL3                               0000001B
EEADR                             0000009B
EECON1                            0000009C
EECON2                            0000009D
EEDATA                            0000009A
EEIE                              00000007
EEIF                              00000007
F                                 00000001
FERR                              00000002
FSR                               00000004
GIE                               00000007
INDF                              00000000
INTCON                            0000000B
INTE                              00000004
INTEDG                            00000006
INTERRUPT                         00000004
INTF                              00000001
IRP                               00000007
MPASM  5.43                        TIMERS.ASM   9-14-2013  21:10:32         PAGE  5


SYMBOL TABLE
  LABEL                             VALUE 

MAINLOOP                          00000009
NOT_BO                            00000000
NOT_BOD                           00000000
NOT_BOR                           00000000
NOT_PD                            00000003
NOT_POR                           00000001
NOT_RBPU                          00000007
NOT_T1SYNC                        00000002
NOT_TO                            00000004
OERR                              00000001
OPTION_REG                        00000081
OSCF                              00000003
PCL                               00000002
PCLATH                            0000000A
PCON                              0000008E
PEIE                              00000006
PIE1                              0000008C
PIR1                              0000000C
PORTA                             00000005
PORTB                             00000006
PR2                               00000092
PS0                               00000000
PS1                               00000001
PS2                               00000002
PSA                               00000003
RA0                               00000000
RA1                               00000001
RA2                               00000002
RA3                               00000003
RA4                               00000004
RA5                               00000005
RA6                               00000006
RA7                               00000007
RB0                               00000000
RB1                               00000001
RB2                               00000002
RB3                               00000003
RB4                               00000004
RB5                               00000005
RB6                               00000006
RB7                               00000007
RBIE                              00000003
RBIF                              00000000
RCIE                              00000005
RCIF                              00000005
RCREG                             0000001A
RCSTA                             00000018
RD                                00000000
RP0                               00000005
RP1                               00000006
RX9                               00000006
RX9D                              00000000
SPBRG                             00000099
MPASM  5.43                        TIMERS.ASM   9-14-2013  21:10:32         PAGE  6


SYMBOL TABLE
  LABEL                             VALUE 

SPEN                              00000007
SREN                              00000005
START                             00000000
STATUS                            00000003
SYNC                              00000004
T0CS                              00000005
T0IE                              00000005
T0IF                              00000002
T0SE                              00000004
T1CKPS0                           00000004
T1CKPS1                           00000005
T1CON                             00000010
T1OSCEN                           00000003
T2CKPS0                           00000000
T2CKPS1                           00000001
T2CON                             00000012
TMR0                              00000001
TMR0IE                            00000005
TMR0IF                            00000002
TMR1CS                            00000001
TMR1H                             0000000F
TMR1IE                            00000000
TMR1IF                            00000000
TMR1L                             0000000E
TMR1ON                            00000000
TMR2                              00000011
TMR2IE                            00000001
TMR2IF                            00000001
TMR2ON                            00000002
TOUTPS0                           00000003
TOUTPS1                           00000004
TOUTPS2                           00000005
TOUTPS3                           00000006
TRISA                             00000085
TRISA0                            00000000
TRISA1                            00000001
TRISA2                            00000002
TRISA3                            00000003
TRISA4                            00000004
TRISA5                            00000005
TRISA6                            00000006
TRISA7                            00000007
TRISB                             00000086
TRISB0                            00000000
TRISB1                            00000001
TRISB2                            00000002
TRISB3                            00000003
TRISB4                            00000004
TRISB5                            00000005
TRISB6                            00000006
TRISB7                            00000007
TRMT                              00000001
TX9                               00000006
MPASM  5.43                        TIMERS.ASM   9-14-2013  21:10:32         PAGE  7


SYMBOL TABLE
  LABEL                             VALUE 

TX9D                              00000000
TXEN                              00000005
TXIE                              00000004
TXIF                              00000004
TXREG                             00000019
TXSTA                             00000098
VR0                               00000000
VR1                               00000001
VR2                               00000002
VR3                               00000003
VRCON                             0000009F
VREN                              00000007
VROE                              00000006
VRR                               00000005
W                                 00000000
WR                                00000001
WREN                              00000002
WRERR                             00000003
Z                                 00000002
_BODEN_OFF                        00003FBF
_BODEN_ON                         00003FFF
_BOREN_OFF                        00003FBF
_BOREN_ON                         00003FFF
_CONFIG                           00002007
_CPD_OFF                          00003FFF
_CPD_ON                           00003EFF
_CP_OFF                           00003FFF
_CP_ON                            00001FFF
_DEVID1                           00002006
_ER_OSC_CLKOUT                    00003FFF
_ER_OSC_NOCLKOUT                  00003FFE
_EXTCLK_OSC                       00003FEF
_FOSC_ECIO                        00003FEF
_FOSC_EXTRCCLK                    00003FFF
_FOSC_EXTRCIO                     00003FFE
_FOSC_HS                          00003FEE
_FOSC_INTOSCCLK                   00003FFD
_FOSC_INTOSCIO                    00003FFC
_FOSC_LP                          00003FEC
_FOSC_XT                          00003FED
_HS_OSC                           00003FEE
_IDLOC0                           00002000
_IDLOC1                           00002001
_IDLOC2                           00002002
_IDLOC3                           00002003
_INTOSC_OSC_CLKOUT                00003FFD
_INTOSC_OSC_NOCLKOUT              00003FFC
_INTRC_OSC_CLKOUT                 00003FFD
_INTRC_OSC_NOCLKOUT               00003FFC
_LP_OSC                           00003FEC
_LVP_OFF                          00003F7F
_LVP_ON                           00003FFF
_MCLRE_OFF                        00003FDF
MPASM  5.43                        TIMERS.ASM   9-14-2013  21:10:32         PAGE  8


SYMBOL TABLE
  LABEL                             VALUE 

_MCLRE_ON                         00003FFF
_PWRTE_OFF                        00003FFF
_PWRTE_ON                         00003FF7
_RC_OSC_CLKOUT                    00003FFF
_RC_OSC_NOCLKOUT                  00003FFE
_WDTE_OFF                         00003FFB
_WDTE_ON                          00003FFF
_WDT_OFF                          00003FFB
_WDT_ON                           00003FFF
_XT_OSC                           00003FED
__16F628A                         00000001
__DEBUG                           1
dc1                               00000002
dc2                               00000003
dc3                               00000004
status_temp                       00000001
w_temp                            00000000

Errors   :     0
Warnings :     0 reported,     0 suppressed
Messages :     0 reported,     1 suppressed

