MPASM  5.43                          MAIN.ASM   1-11-2014  21:52:41         PAGE  1


LOC  OBJECT CODE     LINE SOURCE TEXT
  VALUE

                      00001 ;**********************************************************************
                      00002 ;   This file is a basic code template for object module code         *
                      00003 ;   generation on the PIC16F628A. This file contains the              *
                      00004 ;   basic code building blocks to build upon.                         *
                      00005 ;                                                                     *
                      00006 ;   Refer to the MPASM User's Guide for additional information on     *
                      00007 ;   features of the assembler and linker (Document DS33014).          *
                      00008 ;                                                                     *
                      00009 ;   Refer to the respective PIC data sheet for additional             *
                      00010 ;   information on the instruction set.                               *
                      00011 ;                                                                     *
                      00012 ;**********************************************************************
                      00013 ;                                                                     *
                      00014 ;    Filename:        xxx.asm                                         *
                      00015 ;    Date:                                                            *
                      00016 ;    File Version:                                                    *
                      00017 ;                                                                     *
                      00018 ;    Author:                                                          *
                      00019 ;    Company:                                                         *
                      00020 ;                                                                     *
                      00021 ;                                                                     *
                      00022 ;**********************************************************************
                      00023 ;                                                                     *
                      00024 ;    Files required: P16F628A.INC                                     *
                      00025 ;                                                                     *
                      00026 ;**********************************************************************
                      00027 ;                                                                     *
                      00028 ;    Notes:                                                           *
                      00029 ;                                                                     *
                      00030 ;**********************************************************************
                      00031 
                      00032     list      p=16F628A           ; list directive to define processor
                      00033     #include <p16F628A.inc>       ; processor specific variable definitions
                      00001         LIST
                      00002 
                      00003 ;==========================================================================
                      00004 ;  MPASM PIC16F628A processor include
                      00005 ; 
                      00006 ;  (c) Copyright 1999-2011 Microchip Technology, All rights reserved
                      00007 ;==========================================================================
                      00008 
                      00383         LIST
                      00034 
                      00035     errorlevel  -302              ; suppress message 302 from list file
                      00036 
                      00037     ;__CONFIG   _CP_OFF & _DATA_CP_OFF & _LVP_OFF & _BOREN_OFF & _MCLRE_ON & _WDT_OFF & _PWRTE_ON & _INT
                            OSC_OSC_NOCLKOUT 
2007   3F61           00038         __CONFIG    _XT_OSC & _LVP_OFF & _WDT_OFF & _PWRTE_ON & _BODEN_ON
                      00039 
                      00040 ; '__CONFIG' directive is used to embed configuration word within .asm file.
                      00041 ; The lables following the directive are located in the respective .inc file.
                      00042 ; See data sheet for additional information on configuration word settings.
                      00043 
MPASM  5.43                          MAIN.ASM   1-11-2014  21:52:41         PAGE  2


LOC  OBJECT CODE     LINE SOURCE TEXT
  VALUE

                      00044 ;***** VARIABLE DEFINITIONS (examples)
                      00045 
                      00046 ; example of using Shared Uninitialized Data Section
                      00047 INT_VAR        UDATA_SHR     
0000                  00048 w_temp         RES     1        ; variable used for context saving 
0001                  00049 status_temp    RES     1        ; variable used for context saving
0002                  00050 timer_scale             RES             1
0003                  00051 duty                    RES             1
0004                  00052 duty_inc                RES             1
0005                  00053 pattern                 RES             1
                      00054 
                      00055 
                      00056 ;**********************************************************************
                      00057 RESET_VECTOR    CODE   0x0000     ; processor reset vector
0000   2???           00058         goto    START             ; go to beginning of program
                      00059     
                      00060 INT_VECTOR    CODE    0x0004      ; interrupt vector location
                      00061 
0004                  00062 INTERRUPT
                      00063 
0004   00??           00064         movwf   w_temp            ; save off current W register contents
0005   0803           00065         movf    STATUS,w          ; move status register into W register
0006   00??           00066         movwf   status_temp       ; save off contents of STATUS register
                      00067 
                      00068 
                      00069 ; isr code can go here or be located as a call subroutine elsewhere
                      00070 
                      00071 
0007   08??           00072         movf    status_temp,w     ; retrieve copy of STATUS register
0008   0083           00073         movwf   STATUS            ; restore pre-isr STATUS register contents
0009   0E??           00074         swapf   w_temp,f
000A   0E??           00075         swapf   w_temp,w          ; restore pre-isr W register contents
000B   0009           00076         retfie                    ; return from interrupt
                      00077 
                      00078 MAIN_PROG     CODE
                      00079 
0000                  00080 START
0000   0186           00081                 clrf    PORTB
                      00082 
0001   1683           00083                 bsf             STATUS, RP0                     ; Switching to Bank 1
                      00084 
0002   0064           00085                 clrwdt
                      00086 
0003   3004           00087                 movlw   b'00000100'
                      00088                                  ;-----100                      ; Prescale value of 1:32
Warning[224]: Use of this instruction is not recommended.
0004   0062           00089                 option
                      00090 
0005   0064           00091                 clrwdt
                      00092 
0006   0186           00093                 clrf    TRISB
0007   1283           00094                 bcf             STATUS, RP0                     ; Switching to Bank 0
                      00095 
MPASM  5.43                          MAIN.ASM   1-11-2014  21:52:41         PAGE  3


LOC  OBJECT CODE     LINE SOURCE TEXT
  VALUE

0008   01??           00096                 clrf    timer_scale
                      00097 
                      00098                 ;movlw  b'00000001'
0009   3000           00099                 movlw   0x0
000A   00??           00100                 movwf   pattern 
                      00101 
000B                  00102 reset_duty
                      00103 
000B   300A           00104                 movlw   .10
000C   00??           00105                 movwf   duty_inc
000D                  00106 MAINLOOP
                      00107 
                      00108                 ;movlw  b'00000001'
                      00109                 ;movwf  PORTB
                      00110                 
                      00111                 ;movlw  .1
                      00112                 ;call   DELAY
                      00113                 
                      00114                 ;movlw  b'00000000'
                      00115                 ;movwf  PORTB
                      00116 
                      00117                 ;movlw  .39
                      00118                 ;call   DELAY
                      00119                 ;rlf            pattern, f
                      00120                 ;movlw  .1      
000D   08??           00121                 movf    duty_inc, w
000E   00??           00122                 movwf   duty
                      00123                 ;movlw  b'00000001'
                      00124                 
000F   08??           00125                 movf    pattern, w
0010   2???           00126                 call    pat_1
0011   2???           00127                 call    LEDON
                      00128 
                      00129                 ;incf   pattern, f
                      00130 
                      00131                 ;clrf   STATUS, C
                      00132                 
                      00133                 ;movlw  b'00000010'
                      00134                 ;movwf  pattern
                      00135                 ;incf   duty_inc, f
                      00136 
                      00137                 ;movlw  .39
                      00138                 ;xorwf  duty_inc, w
                      00139                 ;btfsc  STATUS, Z
                      00140                 ;goto     $ 
                      00141                 ;goto   reset_duty
                      00142                 
0012   30C8           00143                 movlw   .200
0013   2???           00144                 call    DELAY
                      00145                 ;call   DELAY   
                      00146 
0014   2???           00147                 goto    MAINLOOP
                      00148         ;goto     $                ; loop forever
MPASM  5.43                          MAIN.ASM   1-11-2014  21:52:41         PAGE  4


LOC  OBJECT CODE     LINE SOURCE TEXT
  VALUE

                      00149 
0015                  00150 DELAY
0015   00??           00151                 movwf   timer_scale
                      00152                 ;clrf   timer_counter
0016                  00153 tmr_clr
0016   0181           00154                 clrf    TMR0
0017                  00155 tmr_inner
0017   3004           00156                 movlw   .4
0018   0601           00157                 xorwf   TMR0, w                         ; Delay = 32 * 4 = 0.128 ms
0019   1D03           00158                 btfss   STATUS, Z
001A   2???           00159                 goto    tmr_inner
                      00160                 
                      00161                 ;incf   timer_counter, f
                      00162                 ;movf   timer_scale, w
                      00163                 ;xorwf  timer_counter
                      00164                 ;btfss  STATUS, Z
001B   0B??           00165                 decfsz  timer_scale, f
001C   2???           00166                 goto    tmr_clr
                      00167 
001D   0008           00168                 return
                      00169 
001E                  00170 LEDON
                      00171                 ;movlw  b'00000001'
001E   0086           00172                 movwf   PORTB
                      00173                 
                      00174                 ;movlw  .1
001F   08??           00175                 movf    duty, w
0020   2???           00176                 call    DELAY
                      00177 
                      00178                 ;movlw  .40
                      00179                 ;subwf  duty
                      00180                 ;movwf  duty
0021   08??           00181                 movf    duty, w
0022   3C28           00182                 sublw   .40
0023   00??           00183                 movwf   duty
                      00184                 
0024   3000           00185                 movlw   b'00000000'
0025   0086           00186                 movwf   PORTB
                      00187 
                      00188                 ;movlw  .39
0026   08??           00189                 movf    duty, w
0027   2???           00190                 call    DELAY
                      00191         
0028   0008           00192                 return
                      00193 
0029                  00194 pat_1
0029   0782           00195                 addwf   PCL, f
002A   3401           00196                 retlw   b'00000001'
002B   3402           00197                 retlw   b'00000010'
002C   3404           00198                 retlw   b'00000100'
002D   3408           00199                 retlw   b'00001000'
002E   3410           00200                 retlw   b'00010000'
002F   3420           00201                 retlw   b'00100000'
MPASM  5.43                          MAIN.ASM   1-11-2014  21:52:41         PAGE  5


LOC  OBJECT CODE     LINE SOURCE TEXT
  VALUE

0030   3440           00202                 retlw   b'01000000'
0031   3480           00203                 retlw   b'10000000'
                      00204 
                      00205 ; initialize eeprom locations
                      00206 
                      00207 EE        CODE    0x2100
2100   0000 0001 0002 00208         DE    0x00, 0x01, 0x02, 0x03
       0003 
                      00209 
3F61                  00210         END                       ; directive 'end of program'
MPASM  5.43                          MAIN.ASM   1-11-2014  21:52:41         PAGE  6


SYMBOL TABLE
  LABEL                             VALUE 

ADDEN                             00000003
ADEN                              00000003
BRGH                              00000002
C                                 00000000
C1INV                             00000004
C1OUT                             00000006
C2INV                             00000005
C2OUT                             00000007
CCP1CON                           00000017
CCP1IE                            00000002
CCP1IF                            00000002
CCP1M0                            00000000
CCP1M1                            00000001
CCP1M2                            00000002
CCP1M3                            00000003
CCP1X                             00000005
CCP1Y                             00000004
CCPR1                             00000015
CCPR1H                            00000016
CCPR1L                            00000015
CIS                               00000003
CM0                               00000000
CM1                               00000001
CM2                               00000002
CMCON                             0000001F
CMIE                              00000006
CMIF                              00000006
CREN                              00000004
CSRC                              00000007
DATA_CP_OFF                       00003FFF
DATA_CP_ON                        00003EFF
DC                                00000001
DELAY                             00000015
EEADR                             0000009B
EECON1                            0000009C
EECON2                            0000009D
EEDATA                            0000009A
EEIE                              00000007
EEIF                              00000007
F                                 00000001
FERR                              00000002
FSR                               00000004
GIE                               00000007
INDF                              00000000
INTCON                            0000000B
INTE                              00000004
INTEDG                            00000006
INTERRUPT                         00000004
INTF                              00000001
IRP                               00000007
LEDON                             0000001E
MAINLOOP                          0000000D
NOT_BO                            00000000
MPASM  5.43                          MAIN.ASM   1-11-2014  21:52:41         PAGE  7


SYMBOL TABLE
  LABEL                             VALUE 

NOT_BOD                           00000000
NOT_BOR                           00000000
NOT_PD                            00000003
NOT_POR                           00000001
NOT_RBPU                          00000007
NOT_T1SYNC                        00000002
NOT_TO                            00000004
OERR                              00000001
OPTION_REG                        00000081
OSCF                              00000003
PCL                               00000002
PCLATH                            0000000A
PCON                              0000008E
PEIE                              00000006
PIE1                              0000008C
PIR1                              0000000C
PORTA                             00000005
PORTB                             00000006
PR2                               00000092
PS0                               00000000
PS1                               00000001
PS2                               00000002
PSA                               00000003
RA0                               00000000
RA1                               00000001
RA2                               00000002
RA3                               00000003
RA4                               00000004
RA5                               00000005
RA6                               00000006
RA7                               00000007
RB0                               00000000
RB1                               00000001
RB2                               00000002
RB3                               00000003
RB4                               00000004
RB5                               00000005
RB6                               00000006
RB7                               00000007
RBIE                              00000003
RBIF                              00000000
RCIE                              00000005
RCIF                              00000005
RCREG                             0000001A
RCSTA                             00000018
RD                                00000000
RP0                               00000005
RP1                               00000006
RX9                               00000006
RX9D                              00000000
SPBRG                             00000099
SPEN                              00000007
SREN                              00000005
MPASM  5.43                          MAIN.ASM   1-11-2014  21:52:41         PAGE  8


SYMBOL TABLE
  LABEL                             VALUE 

START                             00000000
STATUS                            00000003
SYNC                              00000004
T0CS                              00000005
T0IE                              00000005
T0IF                              00000002
T0SE                              00000004
T1CKPS0                           00000004
T1CKPS1                           00000005
T1CON                             00000010
T1OSCEN                           00000003
T2CKPS0                           00000000
T2CKPS1                           00000001
T2CON                             00000012
TMR0                              00000001
TMR0IE                            00000005
TMR0IF                            00000002
TMR1CS                            00000001
TMR1H                             0000000F
TMR1IE                            00000000
TMR1IF                            00000000
TMR1L                             0000000E
TMR1ON                            00000000
TMR2                              00000011
TMR2IE                            00000001
TMR2IF                            00000001
TMR2ON                            00000002
TOUTPS0                           00000003
TOUTPS1                           00000004
TOUTPS2                           00000005
TOUTPS3                           00000006
TRISA                             00000085
TRISA0                            00000000
TRISA1                            00000001
TRISA2                            00000002
TRISA3                            00000003
TRISA4                            00000004
TRISA5                            00000005
TRISA6                            00000006
TRISA7                            00000007
TRISB                             00000086
TRISB0                            00000000
TRISB1                            00000001
TRISB2                            00000002
TRISB3                            00000003
TRISB4                            00000004
TRISB5                            00000005
TRISB6                            00000006
TRISB7                            00000007
TRMT                              00000001
TX9                               00000006
TX9D                              00000000
TXEN                              00000005
MPASM  5.43                          MAIN.ASM   1-11-2014  21:52:41         PAGE  9


SYMBOL TABLE
  LABEL                             VALUE 

TXIE                              00000004
TXIF                              00000004
TXREG                             00000019
TXSTA                             00000098
VR0                               00000000
VR1                               00000001
VR2                               00000002
VR3                               00000003
VRCON                             0000009F
VREN                              00000007
VROE                              00000006
VRR                               00000005
W                                 00000000
WR                                00000001
WREN                              00000002
WRERR                             00000003
Z                                 00000002
_BODEN_OFF                        00003FBF
_BODEN_ON                         00003FFF
_BOREN_OFF                        00003FBF
_BOREN_ON                         00003FFF
_CONFIG                           00002007
_CPD_OFF                          00003FFF
_CPD_ON                           00003EFF
_CP_OFF                           00003FFF
_CP_ON                            00001FFF
_DEVID1                           00002006
_ER_OSC_CLKOUT                    00003FFF
_ER_OSC_NOCLKOUT                  00003FFE
_EXTCLK_OSC                       00003FEF
_FOSC_ECIO                        00003FEF
_FOSC_EXTRCCLK                    00003FFF
_FOSC_EXTRCIO                     00003FFE
_FOSC_HS                          00003FEE
_FOSC_INTOSCCLK                   00003FFD
_FOSC_INTOSCIO                    00003FFC
_FOSC_LP                          00003FEC
_FOSC_XT                          00003FED
_HS_OSC                           00003FEE
_IDLOC0                           00002000
_IDLOC1                           00002001
_IDLOC2                           00002002
_IDLOC3                           00002003
_INTOSC_OSC_CLKOUT                00003FFD
_INTOSC_OSC_NOCLKOUT              00003FFC
_INTRC_OSC_CLKOUT                 00003FFD
_INTRC_OSC_NOCLKOUT               00003FFC
_LP_OSC                           00003FEC
_LVP_OFF                          00003F7F
_LVP_ON                           00003FFF
_MCLRE_OFF                        00003FDF
_MCLRE_ON                         00003FFF
_PWRTE_OFF                        00003FFF
MPASM  5.43                          MAIN.ASM   1-11-2014  21:52:41         PAGE 10


SYMBOL TABLE
  LABEL                             VALUE 

_PWRTE_ON                         00003FF7
_RC_OSC_CLKOUT                    00003FFF
_RC_OSC_NOCLKOUT                  00003FFE
_WDTE_OFF                         00003FFB
_WDTE_ON                          00003FFF
_WDT_OFF                          00003FFB
_WDT_ON                           00003FFF
_XT_OSC                           00003FED
__16F628A                         00000001
__DEBUG                           1
duty                              00000003
duty_inc                          00000004
pat_1                             00000029
pattern                           00000005
reset_duty                        0000000B
status_temp                       00000001
timer_scale                       00000002
tmr_clr                           00000016
tmr_inner                         00000017
w_temp                            00000000

Errors   :     0
Warnings :     1 reported,     0 suppressed
Messages :     0 reported,     1 suppressed

