

Microchip Technology PIC LITE Macro Assembler V1.30 build 55553 
                                                                                               Thu May 01 23:14:36 2014

Microchip Technology Omniscient Code Generator (Lite mode) build 55553
     1                           	processor	16F877A
     2                           	opt	pw 120
     3                           	opt	lm
     4                           	psect	text0,local,class=CODE,merge=1,delta=2
     5                           	psect	cinit,global,class=CODE,merge=1,delta=2
     6                           	psect	cstackCOMMON,global,class=COMMON,space=1,delta=1
     7                           	psect	cstackBANK0,global,class=BANK0,space=1,delta=1
     8                           	psect	maintext,global,class=CODE,split=1,delta=2
     9                           	psect	text1,local,class=CODE,merge=1,delta=2
    10                           	psect	text2,local,class=CODE,merge=1,delta=2
    11                           	psect	text3,local,class=CODE,merge=1,delta=2
    12                           	psect	text4,local,class=CODE,merge=1,delta=2
    13                           	psect	intentry,global,class=CODE,delta=2
    14                           	dabs	1,0x7E,2
    15  0000                     	;# 
    16  0001                     	;# 
    17  0002                     	;# 
    18  0003                     	;# 
    19  0004                     	;# 
    20  0005                     	;# 
    21  0006                     	;# 
    22  0007                     	;# 
    23  0008                     	;# 
    24  0009                     	;# 
    25  000A                     	;# 
    26  000B                     	;# 
    27  000C                     	;# 
    28  000D                     	;# 
    29  000E                     	;# 
    30  000E                     	;# 
    31  000F                     	;# 
    32  0010                     	;# 
    33  0011                     	;# 
    34  0012                     	;# 
    35  0013                     	;# 
    36  0014                     	;# 
    37  0015                     	;# 
    38  0015                     	;# 
    39  0016                     	;# 
    40  0017                     	;# 
    41  0018                     	;# 
    42  0019                     	;# 
    43  001A                     	;# 
    44  001B                     	;# 
    45  001B                     	;# 
    46  001C                     	;# 
    47  001D                     	;# 
    48  001E                     	;# 
    49  001F                     	;# 
    50  0081                     	;# 
    51  0085                     	;# 
    52  0086                     	;# 
    53  0087                     	;# 
    54  0088                     	;# 
    55  0089                     	;# 
    56  008C                     	;# 
    57  008D                     	;# 
    58  008E                     	;# 
    59  0091                     	;# 
    60  0092                     	;# 
    61  0093                     	;# 
    62  0094                     	;# 
    63  0098                     	;# 
    64  0099                     	;# 
    65  009C                     	;# 
    66  009D                     	;# 
    67  009E                     	;# 
    68  009F                     	;# 
    69  010C                     	;# 
    70  010D                     	;# 
    71  010E                     	;# 
    72  010F                     	;# 
    73  018C                     	;# 
    74  018D                     	;# 
    75  0017                     _CCP1CONbits	set	23
    76  001D                     _CCP2CONbits	set	29
    77  0015                     _CCPR1L	set	21
    78  0007                     _PORTC	set	7
    79  0012                     _T2CON	set	18
    80  0012                     _T2CONbits	set	18
    81  0001                     _TMR0	set	1
    82  0031                     _RB1	set	49
    83  0032                     _RB2	set	50
    84  005D                     _TMR0IE	set	93
    85  005A                     _TMR0IF	set	90
    86  009F                     _ADCON1	set	159
    87  0092                     _PR2	set	146
    88  0087                     _TRISC	set	135
    89                           
    90                           	psect	text0
    91  0000                     __ptext0:	
    92                           ; #config settings
    93                           
    94                           
    95                           ;psect for function _tc_int
    96  0000                     
    97                           	psect	cinit
    98  0015                     start_initialization:	
    99  0015                     __initialization:	
   100  0015                     end_of_initialization:	
   101                           ;End of C runtime variable initialization code
   102                           
   103  0015                     __end_of__initialization:	
   104  0015  0183               	clrf	3
   105  0016  120A  118A  2819   	ljmp	_main	;jump to C main() function
   106                           
   107                           	psect	cstackCOMMON
   108  0070                     __pcstackCOMMON:	
   109  0070                     ?_init:	
   110  0070                     ?_tc_int:	
   111                           ; 0 bytes @ 0x0
   112                           
   113  0070                     ??_tc_int:	
   114                           ; 0 bytes @ 0x0
   115                           
   116  0070                     ?_set_speed:	
   117                           ; 0 bytes @ 0x0
   118                           
   119  0070                     ?_debounce_lo:	
   120                           ; 0 bytes @ 0x0
   121                           
   122  0070                     ?_main:	
   123                           ; 1 bytes @ 0x0
   124                           
   125                           
   126                           ; 2 bytes @ 0x0
   127  0070                     	ds	4
   128  0074                     ??_init:	
   129  0074                     ??_debounce_lo:	
   130                           ; 0 bytes @ 0x4
   131                           
   132  0074                     ??_set_speed:	
   133                           ; 0 bytes @ 0x4
   134                           
   135  0074                     set_speed@sp:	
   136                           ; 0 bytes @ 0x4
   137                           
   138                           
   139                           ; 1 bytes @ 0x4
   140  0074                     	ds	2
   141  0076                     debounce_lo@prt:	
   142                           
   143                           ; 1 bytes @ 0x6
   144  0076                     	ds	1
   145  0077                     debounce_lo@count:	
   146                           
   147                           ; 1 bytes @ 0x7
   148  0077                     	ds	1
   149  0078                     main@button_pressed:	
   150                           
   151                           ; 1 bytes @ 0x8
   152  0078                     	ds	1
   153                           
   154                           	psect	cstackBANK0
   155  0020                     __pcstackBANK0:	
   156  0020                     ??_main:	
   157                           
   158                           ; 0 bytes @ 0x0
   159  0020                     	ds	3
   160                           
   161                           	psect	maintext
   162  0019                     __pmaintext:	
   163 ;;
   164 ;;Main: autosize = 0, tempsize = 3, incstack = 0, save=0
   165 ;;
   166 ;; *************** function _main *****************
   167 ;; Defined at:
   168 ;;		line 115 in file "C:\Users\Dinusha\Documents\PICProjects\PIC877AProjects\CProjects\PWM0\main.c"
   169 ;; Parameters:    Size  Location     Type
   170 ;;		None
   171 ;; Auto vars:     Size  Location     Type
   172 ;;  button_press    1    8[COMMON] unsigned char 
   173 ;; Return value:  Size  Location     Type
   174 ;;                  2   59[COMMON] int 
   175 ;; Registers used:
   176 ;;		wreg, status,2, status,0, pclath, cstack
   177 ;; Tracked objects:
   178 ;;		On entry : 17F/0
   179 ;;		On exit  : 0/0
   180 ;;		Unchanged: 0/0
   181 ;; Data sizes:     COMMON   BANK0   BANK1   BANK3   BANK2
   182 ;;      Params:         0       0       0       0       0
   183 ;;      Locals:         1       0       0       0       0
   184 ;;      Temps:          0       3       0       0       0
   185 ;;      Totals:         1       3       0       0       0
   186 ;;Total ram usage:        4 bytes
   187 ;; Hardware stack levels required when called:    2
   188 ;; This function calls:
   189 ;;		_debounce_lo
   190 ;;		_init
   191 ;;		_set_speed
   192 ;; This function is called by:
   193 ;;		Startup code after reset
   194 ;; This function uses a non-reentrant model
   195 ;;
   196                           
   197                           
   198                           ;psect for function _main
   199  0019                     _main:	
   200                           
   201                           ;main.c: 118: uint8_t button_pressed = 0;
   202                           
   203                           ;incstack = 0
   204                           ; Regs used in _main: [wreg+status,2+status,0+pclath+cstack]
   205  0019  01F8               	clrf	main@button_pressed
   206                           
   207                           ;main.c: 120: init();
   208  001A  120A  118A  20BA   	fcall	_init
      +       120A  118A         
   209  001F  2832               	goto	l637
   210  0020                     l655:	
   211  0020  3000               	movlw	0
   212  0021  1283               	bcf	3,5	;RP0=0, select bank0
   213  0022  1303               	bcf	3,6	;RP1=0, select bank0
   214  0023  1886               	btfsc	6,1	;volatile
   215  0024  3001               	movlw	1
   216  0025  120A  118A  20DF   	fcall	_debounce_lo
      +       120A  118A         
   217  002A  3A00               	xorlw	0
   218  002B  1903               	skipnz
   219  002C  2885               	goto	l61
   220                           
   221                           ;main.c: 173: RB2 = 0x01;
   222  002D  1283               	bcf	3,5	;RP0=0, select bank0
   223  002E  1303               	bcf	3,6	;RP1=0, select bank0
   224  002F  1506               	bsf	6,2	;volatile
   225                           
   226                           ;main.c: 176: button_pressed = 1;
   227  0030  01F8               	clrf	main@button_pressed
   228  0031  0AF8               	incf	main@button_pressed,f
   229  0032                     l637:	
   230                           ;main.c: 146: while( 1 ){
   231                           
   232                           ;main.c: 181: }else{
   233                           
   234                           
   235                           ;main.c: 163: set_speed(1);
   236  0032  3001               	movlw	1
   237  0033  120A  118A  2095   	fcall	_set_speed
      +       120A  118A         
   238                           
   239                           ;main.c: 164: _delay((unsigned long)((2000)*(20000000/4000.0)));
   240  0038  3033               	movlw	51
   241  0039  1283               	bcf	3,5	;RP0=0, select bank0
   242  003A  1303               	bcf	3,6	;RP1=0, select bank0
   243  003B  00A2               	movwf	??_main+2
   244  003C  30BC               	movlw	188
   245  003D  00A1               	movwf	??_main+1
   246  003E  3010               	movlw	16
   247  003F  00A0               	movwf	??_main
   248  0040                     u177:	
   249  0040  0BA0               	decfsz	??_main,f
   250  0041  2840               	goto	u177
   251  0042  0BA1               	decfsz	??_main+1,f
   252  0043  2840               	goto	u177
   253  0044  0BA2               	decfsz	??_main+2,f
   254  0045  2840               	goto	u177
   255                           
   256                           ;main.c: 165: set_speed(2);
   257  0046  3002               	movlw	2
   258  0047  120A  118A  2095   	fcall	_set_speed
      +       120A  118A         
   259                           
   260                           ;main.c: 166: _delay((unsigned long)((2000)*(20000000/4000.0)));
   261  004C  3033               	movlw	51
   262  004D  1283               	bcf	3,5	;RP0=0, select bank0
   263  004E  1303               	bcf	3,6	;RP1=0, select bank0
   264  004F  00A2               	movwf	??_main+2
   265  0050  30BC               	movlw	188
   266  0051  00A1               	movwf	??_main+1
   267  0052  3010               	movlw	16
   268  0053  00A0               	movwf	??_main
   269  0054                     u187:	
   270  0054  0BA0               	decfsz	??_main,f
   271  0055  2854               	goto	u187
   272  0056  0BA1               	decfsz	??_main+1,f
   273  0057  2854               	goto	u187
   274  0058  0BA2               	decfsz	??_main+2,f
   275  0059  2854               	goto	u187
   276                           
   277                           ;main.c: 167: set_speed(3);
   278  005A  3003               	movlw	3
   279  005B  120A  118A  2095   	fcall	_set_speed
      +       120A  118A         
   280                           
   281                           ;main.c: 168: _delay((unsigned long)((2000)*(20000000/4000.0)));
   282  0060  3033               	movlw	51
   283  0061  1283               	bcf	3,5	;RP0=0, select bank0
   284  0062  1303               	bcf	3,6	;RP1=0, select bank0
   285  0063  00A2               	movwf	??_main+2
   286  0064  30BC               	movlw	188
   287  0065  00A1               	movwf	??_main+1
   288  0066  3010               	movlw	16
   289  0067  00A0               	movwf	??_main
   290  0068                     u197:	
   291  0068  0BA0               	decfsz	??_main,f
   292  0069  2868               	goto	u197
   293  006A  0BA1               	decfsz	??_main+1,f
   294  006B  2868               	goto	u197
   295  006C  0BA2               	decfsz	??_main+2,f
   296  006D  2868               	goto	u197
   297                           
   298                           ;main.c: 169: set_speed(4);
   299  006E  3004               	movlw	4
   300  006F  120A  118A  2095   	fcall	_set_speed
      +       120A  118A         
   301                           
   302                           ;main.c: 170: _delay((unsigned long)((2000)*(20000000/4000.0)));
   303  0074  3033               	movlw	51
   304  0075  1283               	bcf	3,5	;RP0=0, select bank0
   305  0076  1303               	bcf	3,6	;RP1=0, select bank0
   306  0077  00A2               	movwf	??_main+2
   307  0078  30BC               	movlw	188
   308  0079  00A1               	movwf	??_main+1
   309  007A  3010               	movlw	16
   310  007B  00A0               	movwf	??_main
   311  007C                     u207:	
   312  007C  0BA0               	decfsz	??_main,f
   313  007D  287C               	goto	u207
   314  007E  0BA1               	decfsz	??_main+1,f
   315  007F  287C               	goto	u207
   316  0080  0BA2               	decfsz	??_main+2,f
   317  0081  287C               	goto	u207
   318                           
   319                           ;main.c: 172: if( !button_pressed && debounce_lo( RB1 ) ){
   320  0082  08F8               	movf	main@button_pressed,f
   321  0083  1903               	btfsc	3,2
   322  0084  2820               	goto	l655
   323  0085                     l61:	
   324                           
   325                           ;main.c: 182: RB2 = 0x00;
   326  0085  1283               	bcf	3,5	;RP0=0, select bank0
   327  0086  1303               	bcf	3,6	;RP1=0, select bank0
   328  0087  1106               	bcf	6,2	;volatile
   329                           
   330                           ;main.c: 183: if(!debounce_lo( RB1 ))
   331  0088  3000               	movlw	0
   332  0089  1886               	btfsc	6,1	;volatile
   333  008A  3001               	movlw	1
   334  008B  120A  118A  20DF   	fcall	_debounce_lo
      +       120A  118A         
   335  0090  3800               	iorlw	0
   336  0091  1D03               	skipz
   337  0092  2832               	goto	l637
   338                           
   339                           ;main.c: 184: button_pressed = 0;
   340  0093  01F8               	clrf	main@button_pressed
   341  0094  2832               	goto	l637
   342  0095                     __end_of_main:	
   343                           ;main.c: 185: }
   344                           ;main.c: 188: }
   345                           ;main.c: 190: return 0;
   346                           ;	Return value of _main is never used
   347                           
   348                           
   349                           	psect	text1
   350  0095                     __ptext1:	
   351 ;; *************** function _set_speed *****************
   352 ;; Defined at:
   353 ;;		line 102 in file "C:\Users\Dinusha\Documents\PICProjects\PIC877AProjects\CProjects\PWM0\main.c"
   354 ;; Parameters:    Size  Location     Type
   355 ;;  sp              1    wreg     unsigned char 
   356 ;; Auto vars:     Size  Location     Type
   357 ;;  sp              1    4[COMMON] unsigned char 
   358 ;; Return value:  Size  Location     Type
   359 ;;		None               void
   360 ;; Registers used:
   361 ;;		wreg
   362 ;; Tracked objects:
   363 ;;		On entry : 0/0
   364 ;;		On exit  : 0/0
   365 ;;		Unchanged: 0/0
   366 ;; Data sizes:     COMMON   BANK0   BANK1   BANK3   BANK2
   367 ;;      Params:         0       0       0       0       0
   368 ;;      Locals:         1       0       0       0       0
   369 ;;      Temps:          0       0       0       0       0
   370 ;;      Totals:         1       0       0       0       0
   371 ;;Total ram usage:        1 bytes
   372 ;; Hardware stack levels used:    1
   373 ;; Hardware stack levels required when called:    1
   374 ;; This function calls:
   375 ;;		Nothing
   376 ;; This function is called by:
   377 ;;		_main
   378 ;; This function uses a non-reentrant model
   379 ;;
   380                           
   381                           
   382                           ;psect for function _set_speed
   383  0095                     _set_speed:	
   384                           
   385                           ;incstack = 0
   386                           ; Regs used in _set_speed: [wreg]
   387                           ;set_speed@sp stored from wreg
   388  0095  00F4               	movwf	set_speed@sp
   389                           
   390                           ;main.c: 104: if( sp == 1 ){
   391  0096  0874               	movf	set_speed@sp,w
   392  0097  3A01               	xorlw	1
   393  0098  1D03               	skipz
   394  0099  289F               	goto	l591
   395                           
   396                           ;main.c: 105: CCPR1L = 32;
   397  009A  3020               	movlw	32
   398  009B  1283               	bcf	3,5	;RP0=0, select bank0
   399  009C  1303               	bcf	3,6	;RP1=0, select bank0
   400  009D  0095               	movwf	21	;volatile
   401                           
   402                           ;main.c: 106: }else if( sp == 2 ){
   403  009E  0008               	return
   404  009F                     l591:	
   405  009F  0874               	movf	set_speed@sp,w
   406  00A0  3A02               	xorlw	2
   407  00A1  1D03               	skipz
   408  00A2  28A8               	goto	l595
   409                           
   410                           ;main.c: 107: CCPR1L = 64;
   411  00A3  3040               	movlw	64
   412  00A4  1283               	bcf	3,5	;RP0=0, select bank0
   413  00A5  1303               	bcf	3,6	;RP1=0, select bank0
   414  00A6  0095               	movwf	21	;volatile
   415                           
   416                           ;main.c: 108: }else if( sp == 3 ){
   417  00A7  0008               	return
   418  00A8                     l595:	
   419  00A8  0874               	movf	set_speed@sp,w
   420  00A9  3A03               	xorlw	3
   421  00AA  1D03               	skipz
   422  00AB  28B1               	goto	l599
   423                           
   424                           ;main.c: 109: CCPR1L = 96;
   425  00AC  3060               	movlw	96
   426  00AD  1283               	bcf	3,5	;RP0=0, select bank0
   427  00AE  1303               	bcf	3,6	;RP1=0, select bank0
   428  00AF  0095               	movwf	21	;volatile
   429                           
   430                           ;main.c: 110: }else if( sp == 4 ){
   431  00B0  0008               	return
   432  00B1                     l599:	
   433  00B1  0874               	movf	set_speed@sp,w
   434  00B2  3A04               	xorlw	4
   435  00B3  1D03               	skipz
   436  00B4  0008               	return
   437                           
   438                           ;main.c: 111: CCPR1L = 127;
   439  00B5  307F               	movlw	127
   440  00B6  1283               	bcf	3,5	;RP0=0, select bank0
   441  00B7  1303               	bcf	3,6	;RP1=0, select bank0
   442  00B8  0095               	movwf	21	;volatile
   443  00B9  0008               	return
   444  00BA                     __end_of_set_speed:	
   445                           
   446                           	psect	text2
   447  00BA                     __ptext2:	
   448 ;; *************** function _init *****************
   449 ;; Defined at:
   450 ;;		line 15 in file "C:\Users\Dinusha\Documents\PICProjects\PIC877AProjects\CProjects\PWM0\main.c"
   451 ;; Parameters:    Size  Location     Type
   452 ;;		None
   453 ;; Auto vars:     Size  Location     Type
   454 ;;		None
   455 ;; Return value:  Size  Location     Type
   456 ;;		None               void
   457 ;; Registers used:
   458 ;;		wreg, status,2
   459 ;; Tracked objects:
   460 ;;		On entry : 0/0
   461 ;;		On exit  : 0/0
   462 ;;		Unchanged: 0/0
   463 ;; Data sizes:     COMMON   BANK0   BANK1   BANK3   BANK2
   464 ;;      Params:         0       0       0       0       0
   465 ;;      Locals:         0       0       0       0       0
   466 ;;      Temps:          2       0       0       0       0
   467 ;;      Totals:         2       0       0       0       0
   468 ;;Total ram usage:        2 bytes
   469 ;; Hardware stack levels used:    1
   470 ;; Hardware stack levels required when called:    1
   471 ;; This function calls:
   472 ;;		Nothing
   473 ;; This function is called by:
   474 ;;		_main
   475 ;; This function uses a non-reentrant model
   476 ;;
   477                           
   478                           
   479                           ;psect for function _init
   480  00BA                     _init:	
   481                           
   482                           ;main.c: 23: ADCON1 = 0x06;
   483                           
   484                           ;incstack = 0
   485                           ; Regs used in _init: [wreg+status,2]
   486  00BA  3006               	movlw	6
   487  00BB  1683               	bsf	3,5	;RP0=1, select bank1
   488  00BC  1303               	bcf	3,6	;RP1=0, select bank1
   489  00BD  009F               	movwf	31	;volatile
   490                           
   491                           ;main.c: 26: TRISC = 0x00;
   492  00BE  0187               	clrf	7	;volatile
   493                           
   494                           ;main.c: 27: PORTC = 0x00;
   495  00BF  1283               	bcf	3,5	;RP0=0, select bank0
   496  00C0  1303               	bcf	3,6	;RP1=0, select bank0
   497  00C1  0187               	clrf	7	;volatile
   498                           
   499                           ;main.c: 31: CCP1CONbits.CCP1M0 = 0;
   500  00C2  1017               	bcf	23,0	;volatile
   501                           
   502                           ;main.c: 32: CCP1CONbits.CCP1M1 = 0;
   503  00C3  1097               	bcf	23,1	;volatile
   504                           
   505                           ;main.c: 33: CCP1CONbits.CCP1M2 = 1;
   506  00C4  1517               	bsf	23,2	;volatile
   507                           
   508                           ;main.c: 34: CCP1CONbits.CCP1M3 = 1;
   509  00C5  1597               	bsf	23,3	;volatile
   510                           
   511                           ;main.c: 38: CCP2CONbits.CCP2M0 = 0;
   512  00C6  101D               	bcf	29,0	;volatile
   513                           
   514                           ;main.c: 39: CCP2CONbits.CCP2M1 = 0;
   515  00C7  109D               	bcf	29,1	;volatile
   516                           
   517                           ;main.c: 40: CCP2CONbits.CCP2M2 = 1;
   518  00C8  151D               	bsf	29,2	;volatile
   519                           
   520                           ;main.c: 41: CCP2CONbits.CCP2M3 = 1;
   521  00C9  159D               	bsf	29,3	;volatile
   522                           
   523                           ;main.c: 44: PR2 = 126;
   524  00CA  307E               	movlw	126
   525  00CB  1683               	bsf	3,5	;RP0=1, select bank1
   526  00CC  1303               	bcf	3,6	;RP1=0, select bank1
   527  00CD  0092               	movwf	18	;volatile
   528                           
   529                           ;main.c: 47: T2CON = 0x00;
   530  00CE  1283               	bcf	3,5	;RP0=0, select bank0
   531  00CF  1303               	bcf	3,6	;RP1=0, select bank0
   532  00D0  0192               	clrf	18	;volatile
   533                           
   534                           ;main.c: 49: T2CONbits.T2CKPS0 = 1;
   535  00D1  1412               	bsf	18,0	;volatile
   536                           
   537                           ;main.c: 50: T2CONbits.T2CKPS1 = 1;
   538  00D2  1492               	bsf	18,1	;volatile
   539                           
   540                           ;main.c: 53: CCPR1L = 0x00;
   541  00D3  0195               	clrf	21	;volatile
   542                           
   543                           ;main.c: 55: T2CONbits.TMR2ON = 1;
   544  00D4  1512               	bsf	18,2	;volatile
   545                           
   546                           ;main.c: 61: _delay((unsigned long)((10)*(20000000/4000.0)));
   547  00D5  3041               	movlw	65
   548  00D6  00F5               	movwf	??_init+1
   549  00D7  30EE               	movlw	238
   550  00D8  00F4               	movwf	??_init
   551  00D9                     u217:	
   552  00D9  0BF4               	decfsz	??_init,f
   553  00DA  28D9               	goto	u217
   554  00DB  0BF5               	decfsz	??_init+1,f
   555  00DC  28D9               	goto	u217
   556  00DD  0000               	nop
   557  00DE  0008               	return
   558  00DF                     __end_of_init:	
   559                           
   560                           	psect	text3
   561  00DF                     __ptext3:	
   562 ;; *************** function _debounce_lo *****************
   563 ;; Defined at:
   564 ;;		line 87 in file "C:\Users\Dinusha\Documents\PICProjects\PIC877AProjects\CProjects\PWM0\main.c"
   565 ;; Parameters:    Size  Location     Type
   566 ;;  prt             1    wreg     unsigned char 
   567 ;; Auto vars:     Size  Location     Type
   568 ;;  prt             1    6[COMMON] unsigned char 
   569 ;;  count           1    7[COMMON] unsigned char 
   570 ;; Return value:  Size  Location     Type
   571 ;;                  1    wreg      unsigned char 
   572 ;; Registers used:
   573 ;;		wreg, status,2, status,0
   574 ;; Tracked objects:
   575 ;;		On entry : 0/0
   576 ;;		On exit  : 0/0
   577 ;;		Unchanged: 0/0
   578 ;; Data sizes:     COMMON   BANK0   BANK1   BANK3   BANK2
   579 ;;      Params:         0       0       0       0       0
   580 ;;      Locals:         2       0       0       0       0
   581 ;;      Temps:          2       0       0       0       0
   582 ;;      Totals:         4       0       0       0       0
   583 ;;Total ram usage:        4 bytes
   584 ;; Hardware stack levels used:    1
   585 ;; Hardware stack levels required when called:    1
   586 ;; This function calls:
   587 ;;		Nothing
   588 ;; This function is called by:
   589 ;;		_main
   590 ;; This function uses a non-reentrant model
   591 ;;
   592                           
   593                           
   594                           ;psect for function _debounce_lo
   595  00DF                     _debounce_lo:	
   596                           
   597                           ;incstack = 0
   598                           ; Regs used in _debounce_lo: [wreg+status,2+status,0]
   599                           ;debounce_lo@prt stored from wreg
   600  00DF  00F6               	movwf	debounce_lo@prt
   601                           
   602                           ;main.c: 89: uint8_t count = 0;
   603  00E0  01F7               	clrf	debounce_lo@count
   604                           
   605                           ;main.c: 91: if( !prt ){
   606  00E1  08F6               	movf	debounce_lo@prt,f
   607  00E2  1903               	btfsc	3,2
   608  00E3  28F1               	goto	l41
   609  00E4  28FE               	goto	l583
   610  00E5                     l571:	
   611                           ;main.c: 92: while( !prt && count < 10 ){
   612                           
   613                           
   614                           ;main.c: 93: _delay((unsigned long)((1)*(20000000/4000.0)));
   615  00E5  3007               	movlw	7
   616  00E6  00F5               	movwf	??_debounce_lo+1
   617  00E7  307D               	movlw	125
   618  00E8  00F4               	movwf	??_debounce_lo
   619  00E9                     u227:	
   620  00E9  0BF4               	decfsz	??_debounce_lo,f
   621  00EA  28E9               	goto	u227
   622  00EB  0BF5               	decfsz	??_debounce_lo+1,f
   623  00EC  28E9               	goto	u227
   624                           
   625                           ;main.c: 94: count++;
   626  00ED  3001               	movlw	1
   627  00EE  00F4               	movwf	??_debounce_lo
   628  00EF  0874               	movf	??_debounce_lo,w
   629  00F0  07F7               	addwf	debounce_lo@count,f
   630  00F1                     l41:	
   631  00F1  08F6               	movf	debounce_lo@prt,f
   632  00F2  1D03               	skipz
   633  00F3  28F8               	goto	l577
   634  00F4  300A               	movlw	10
   635  00F5  0277               	subwf	debounce_lo@count,w
   636  00F6  1C03               	skipc
   637  00F7  28E5               	goto	l571
   638  00F8                     l577:	
   639                           
   640                           ;main.c: 95: }
   641                           ;main.c: 96: if( count == 10 )
   642  00F8  0877               	movf	debounce_lo@count,w
   643  00F9  3A0A               	xorlw	10
   644  00FA  1D03               	skipz
   645  00FB  28FE               	goto	l583
   646                           
   647                           ;main.c: 97: return 1;
   648  00FC  3001               	movlw	1
   649  00FD  0008               	return
   650  00FE                     l583:	
   651                           
   652                           ;main.c: 98: }
   653                           ;main.c: 99: return 0;
   654  00FE  3000               	movlw	0
   655  00FF  0008               	return
   656  0100                     __end_of_debounce_lo:	
   657                           
   658                           	psect	text4
   659  0100                     __ptext4:	
   660 ;; *************** function _tc_int *****************
   661 ;; Defined at:
   662 ;;		line 76 in file "C:\Users\Dinusha\Documents\PICProjects\PIC877AProjects\CProjects\PWM0\main.c"
   663 ;; Parameters:    Size  Location     Type
   664 ;;		None
   665 ;; Auto vars:     Size  Location     Type
   666 ;;		None
   667 ;; Return value:  Size  Location     Type
   668 ;;		None               void
   669 ;; Registers used:
   670 ;;		status,2
   671 ;; Tracked objects:
   672 ;;		On entry : 0/0
   673 ;;		On exit  : 0/0
   674 ;;		Unchanged: 0/0
   675 ;; Data sizes:     COMMON   BANK0   BANK1   BANK3   BANK2
   676 ;;      Params:         0       0       0       0       0
   677 ;;      Locals:         0       0       0       0       0
   678 ;;      Temps:          4       0       0       0       0
   679 ;;      Totals:         4       0       0       0       0
   680 ;;Total ram usage:        4 bytes
   681 ;; Hardware stack levels used:    1
   682 ;; This function calls:
   683 ;;		Nothing
   684 ;; This function is called by:
   685 ;;		Interrupt level 1
   686 ;; This function uses a non-reentrant model
   687 ;;
   688                           
   689                           
   690                           ;psect for function _tc_int
   691  0100                     _tc_int:	
   692                           
   693                           ;main.c: 78: if( TMR0IE && TMR0IF ){
   694  0100  1A8B               	btfsc	11,5	;volatile
   695  0101  1D0B               	btfss	11,2	;volatile
   696  0102  2905               	goto	i1l37
   697                           
   698                           ;main.c: 79: TMR0IF = 0;
   699  0103  110B               	bcf	11,2	;volatile
   700                           
   701                           ;main.c: 80: TMR0 = 0;
   702  0104  0181               	clrf	1	;volatile
   703  0105                     i1l37:	
   704                           ;main.c: 83: return;
   705                           
   706  0105  0873               	movf	??_tc_int+3,w
   707  0106  00FF               	movwf	127
   708  0107  0872               	movf	??_tc_int+2,w
   709  0108  008A               	movwf	10
   710  0109  0871               	movf	??_tc_int+1,w
   711  010A  0084               	movwf	4
   712  010B  0E70               	swapf	??_tc_int^(0+-128),w
   713  010C  0083               	movwf	3
   714  010D  0EFE               	swapf	126,f
   715  010E  0E7E               	swapf	126,w
   716  010F  0009               	retfie
   717  0110                     __end_of_tc_int:	
   718  007E                     btemp	set	126	;btemp
   719  007E                     wtemp	set	126
   720  007E                     wtemp0	set	126
   721  0080                     wtemp1	set	128
   722  0082                     wtemp2	set	130
   723  0084                     wtemp3	set	132
   724  0086                     wtemp4	set	134
   725  0088                     wtemp5	set	136
   726  007F                     wtemp6	set	127
   727  007E                     ttemp	set	126
   728  007E                     ttemp0	set	126
   729  0081                     ttemp1	set	129
   730  0084                     ttemp2	set	132
   731  0087                     ttemp3	set	135
   732  007F                     ttemp4	set	127
   733  007E                     ltemp	set	126
   734  007E                     ltemp0	set	126
   735  0082                     ltemp1	set	130
   736  0086                     ltemp2	set	134
   737  0080                     ltemp3	set	128
   738                           
   739                           	psect	intentry
   740  0004                     __pintentry:	
   741                           ;incstack = 0
   742                           ; Regs used in _tc_int: [status,2]
   743                           
   744  0004                     interrupt_function:	
   745  007E                     saved_w	set	btemp
   746  0004  00FE               	movwf	btemp
   747  0005  0E03               	swapf	3,w
   748  0006  00F0               	movwf	??_tc_int
   749  0007  0804               	movf	4,w
   750  0008  00F1               	movwf	??_tc_int+1
   751  0009  080A               	movf	10,w
   752  000A  00F2               	movwf	??_tc_int+2
   753  000B  1283               	bcf	3,5	;RP0=0, select bank0
   754  000C  1303               	bcf	3,6	;RP1=0, select bank0
   755  000D  087F               	movf	btemp+1,w
   756  000E  00F3               	movwf	??_tc_int+3
   757  000F  120A  118A  2900   	ljmp	_tc_int


Data Sizes:
    Strings     0
    Constant    0
    Data        0
    BSS         0
    Persistent  0
    Stack       0

Auto Spaces:
    Space          Size  Autos    Used
    COMMON           14      9       9
    BANK0            80      3       3
    BANK1            80      0       0
    BANK3            96      0       0
    BANK2            96      0       0

Pointer List with Targets:

    None.

Critical Paths under _main in COMMON

    _main->_debounce_lo

Critical Paths under _tc_int in COMMON

    None.

Critical Paths under _main in BANK0

    None.

Critical Paths under _tc_int in BANK0

    None.

Critical Paths under _main in BANK1

    None.

Critical Paths under _tc_int in BANK1

    None.

Critical Paths under _main in BANK3

    None.

Critical Paths under _tc_int in BANK3

    None.

Critical Paths under _main in BANK2

    None.

Critical Paths under _tc_int in BANK2

    None.

Call Graph Tables:

 ---------------------------------------------------------------------------------
 (Depth) Function   	        Calls       Base Space   Used Autos Params    Refs
 ---------------------------------------------------------------------------------
 (0) _main                                                 4     4      0     145
                                              8 COMMON     1     1      0
                                              0 BANK0      3     3      0
                        _debounce_lo
                               _init
                          _set_speed
 ---------------------------------------------------------------------------------
 (1) _set_speed                                            1     1      0      60
                                              4 COMMON     1     1      0
 ---------------------------------------------------------------------------------
 (1) _init                                                 2     2      0       0
                                              4 COMMON     2     2      0
 ---------------------------------------------------------------------------------
 (1) _debounce_lo                                          4     4      0      60
                                              4 COMMON     4     4      0
 ---------------------------------------------------------------------------------
 Estimated maximum stack depth 1
 ---------------------------------------------------------------------------------
 (Depth) Function   	        Calls       Base Space   Used Autos Params    Refs
 ---------------------------------------------------------------------------------
 (2) _tc_int                                               4     4      0       0
                                              0 COMMON     4     4      0
 ---------------------------------------------------------------------------------
 Estimated maximum stack depth 2
 ---------------------------------------------------------------------------------

 Call Graph Graphs:

 _main (ROOT)
   _debounce_lo
   _init
   _set_speed

 _tc_int (ROOT)

 Address spaces:
Name               Size   Autos  Total    Cost      Usage
BITCOMMON            E      0       0       0        0.0%
EEDATA             100      0       0       0        0.0%
NULL                 0      0       0       0        0.0%
CODE                 0      0       0       0        0.0%
COMMON               E      9       9       1       64.3%
BITSFR0              0      0       0       1        0.0%
SFR0                 0      0       0       1        0.0%
BITSFR1              0      0       0       2        0.0%
SFR1                 0      0       0       2        0.0%
STACK                0      0       0       2        0.0%
ABS                  0      0       0       3        0.0%
BITBANK0            50      0       0       4        0.0%
BITSFR3              0      0       0       4        0.0%
SFR3                 0      0       0       4        0.0%
BANK0               50      3       3       5        3.8%
BITSFR2              0      0       0       5        0.0%
SFR2                 0      0       0       5        0.0%
BITBANK1            50      0       0       6        0.0%
BANK1               50      0       0       7        0.0%
BITBANK3            60      0       0       8        0.0%
BANK3               60      0       0       9        0.0%
BITBANK2            60      0       0      10        0.0%
BANK2               60      0       0      11        0.0%
DATA                 0      0       0      12        0.0%


Microchip Technology PIC Macro Assembler V1.30 build 55553 
Symbol Table                                                                                   Thu May 01 23:14:36 2014

            __CFG_CP$OFF 0000                       l41 00F1                       l61 0085  
                    l571 00E5                      l637 0032                      l583 00FE  
                    l591 009F                      l655 0020                      l577 00F8  
                    l595 00A8                      l599 00B1                      _RB1 0031  
                    _RB2 0032                      u207 007C                      u217 00D9  
                    u227 00E9                      _PR2 0092                      u177 0040  
           __CFG_CPD$OFF 0000                      u187 0054                      u197 0068  
                    fsr0 0004             __CFG_FOSC$HS 0000             __CFG_LVP$OFF 0000  
                   i1l37 0105                     _TMR0 0001                     _main 0019  
                   _init 00BA                     btemp 007E            __CFG_BOREN$ON 0000  
                   ltemp 007E                     start 0012                     ttemp 007E  
                   wtemp 007E                    ?_main 0070                    ?_init 0070  
          __CFG_WDTE$OFF 0000                    _T2CON 0012                    _PORTC 0007  
                  _TRISC 0087            __CFG_PWRTE$ON 0000                    pclath 000A  
                  ltemp0 007E                    ltemp1 0082                    ltemp2 0086  
                  ltemp3 0080       main@button_pressed 0078                    ttemp0 007E  
                  ttemp1 0081                    ttemp2 0084                    ttemp3 0087  
                  ttemp4 007F                    status 0003                    wtemp0 007E  
                  wtemp1 0080                    wtemp2 0082                    wtemp3 0084  
                  wtemp4 0086                    wtemp5 0088                    wtemp6 007F  
   __size_of_debounce_lo 0021          __initialization 0015             __end_of_main 0095  
           __end_of_init 00DF                   ??_main 0020                   ??_init 0074  
                 _ADCON1 009F                   _CCPR1L 0015                   _TMR0IE 005D  
                 _TMR0IF 005A                   _tc_int 0100                   saved_w 007E  
__end_of__initialization 0015           __pcstackCOMMON 0070               __pmaintext 0019  
             __pintentry 0004                  ?_tc_int 0070       __size_of_set_speed 0025  
        __size_of_tc_int 0010                  __ptext0 0000                  __ptext1 0095  
                __ptext2 00BA                  __ptext3 00DF                  __ptext4 0100  
              _T2CONbits 0012     end_of_initialization 0015            ??_debounce_lo 0074  
            set_speed@sp 0074        __end_of_set_speed 00BA              _CCP1CONbits 0017  
            _CCP2CONbits 001D      __end_of_debounce_lo 0100           __end_of_tc_int 0110  
    start_initialization 0015                 ??_tc_int 0070                ___latbits 0002  
          __pcstackBANK0 0020         debounce_lo@count 0077              _debounce_lo 00DF  
      interrupt_function 0004                _set_speed 0095               ?_set_speed 0070  
          __size_of_main 007C            __size_of_init 0025           debounce_lo@prt 0076  
               intlevel1 0000             ?_debounce_lo 0070              ??_set_speed 0074  
