Warning[205] C:\USERS\DINUSHA\DOCUMENTS\PICPROJECTS\DHT11_4\HD44780.ASM 3 : Found directive in column 1. (GLOBAL)
Warning[205] C:\USERS\DINUSHA\DOCUMENTS\PICPROJECTS\DHT11_4\HD44780.ASM 4 : Found directive in column 1. (GLOBAL)
Warning[205] C:\USERS\DINUSHA\DOCUMENTS\PICPROJECTS\DHT11_4\HD44780.ASM 5 : Found directive in column 1. (GLOBAL)
Warning[205] C:\USERS\DINUSHA\DOCUMENTS\PICPROJECTS\DHT11_4\HD44780.ASM 6 : Found directive in column 1. (GLOBAL)
Warning[205] C:\USERS\DINUSHA\DOCUMENTS\PICPROJECTS\DHT11_4\HD44780.ASM 7 : Found directive in column 1. (GLOBAL)
Warning[205] C:\USERS\DINUSHA\DOCUMENTS\PICPROJECTS\DHT11_4\HD44780.ASM 8 : Found directive in column 1. (GLOBAL)
Warning[205] C:\USERS\DINUSHA\DOCUMENTS\PICPROJECTS\DHT11_4\HD44780.ASM 9 : Found directive in column 1. (GLOBAL)
Warning[205] C:\USERS\DINUSHA\DOCUMENTS\PICPROJECTS\DHT11_4\HD44780.ASM 10 : Found directive in column 1. (GLOBAL)
Warning[205] C:\USERS\DINUSHA\DOCUMENTS\PICPROJECTS\DHT11_4\HD44780.ASM 11 : Found directive in column 1. (GLOBAL)
Warning[205] C:\USERS\DINUSHA\DOCUMENTS\PICPROJECTS\DHT11_4\HD44780.ASM 12 : Found directive in column 1. (GLOBAL)
Warning[205] C:\USERS\DINUSHA\DOCUMENTS\PICPROJECTS\DHT11_4\HD44780.ASM 14 : Found directive in column 1. (EXTERN)
Warning[205] C:\USERS\DINUSHA\DOCUMENTS\PICPROJECTS\DHT11_4\HD44780.ASM 15 : Found directive in column 1. (EXTERN)
Warning[205] C:\USERS\DINUSHA\DOCUMENTS\PICPROJECTS\DHT11_4\HD44780.ASM 16 : Found directive in column 1. (EXTERN)
Warning[205] C:\USERS\DINUSHA\DOCUMENTS\PICPROJECTS\DHT11_4\HD44780.ASM 17 : Found directive in column 1. (EXTERN)
Warning[205] C:\USERS\DINUSHA\DOCUMENTS\PICPROJECTS\DHT11_4\HD44780.ASM 18 : Found directive in column 1. (EXTERN)
Warning[205] C:\USERS\DINUSHA\DOCUMENTS\PICPROJECTS\DHT11_4\HD44780.ASM 19 : Found directive in column 1. (EXTERN)
Warning[205] C:\USERS\DINUSHA\DOCUMENTS\PICPROJECTS\DHT11_4\HD44780.ASM 28 : Found directive in column 1. (UDATA)
Warning[205] C:\USERS\DINUSHA\DOCUMENTS\PICPROJECTS\DHT11_4\HD44780.ASM 38 : Found directive in column 1. (CODE)
Message[302] C:\USERS\DINUSHA\DOCUMENTS\PICPROJECTS\DHT11_4\HD44780.ASM 43 : Register in operand not in bank 0.  Ensure that bank bits are correct.
Message[302] C:\USERS\DINUSHA\DOCUMENTS\PICPROJECTS\DHT11_4\HD44780.ASM 148 : Register in operand not in bank 0.  Ensure that bank bits are correct.
Message[302] C:\USERS\DINUSHA\DOCUMENTS\PICPROJECTS\DHT11_4\HD44780.ASM 162 : Register in operand not in bank 0.  Ensure that bank bits are correct.
Message[312] C:\USERS\DINUSHA\DOCUMENTS\PICPROJECTS\DHT11_4\HD44780.ASM 197 : Page or Bank selection not needed for this device.  No code generated.
Message[305] C:\USERS\DINUSHA\DOCUMENTS\PICPROJECTS\DHT11_4\HD44780.ASM 209 : Using default destination of 1 (file).
Message[305] C:\USERS\DINUSHA\DOCUMENTS\PICPROJECTS\DHT11_4\HD44780.ASM 224 : Using default destination of 1 (file).
Message[305] C:\USERS\DINUSHA\DOCUMENTS\PICPROJECTS\DHT11_4\HD44780.ASM 238 : Using default destination of 1 (file).
Message[305] C:\USERS\DINUSHA\DOCUMENTS\PICPROJECTS\DHT11_4\HD44780.ASM 246 : Using default destination of 1 (file).
Message[305] C:\USERS\DINUSHA\DOCUMENTS\PICPROJECTS\DHT11_4\HD44780.ASM 247 : Using default destination of 1 (file).
Message[305] C:\USERS\DINUSHA\DOCUMENTS\PICPROJECTS\DHT11_4\HD44780.ASM 248 : Using default destination of 1 (file).
Warning[205] C:\USERS\DINUSHA\DOCUMENTS\PICPROJECTS\DHT11_4\HD44780.ASM 286 : Found directive in column 1. (END)
