

Microchip Technology PIC LITE Macro Assembler V1.30 build 55553 
                                                                                               Sun Apr 06 19:34:03 2014

Microchip Technology Omniscient Code Generator (Lite mode) build 55553
     1                           	processor	16F877A
     2                           	opt	pw 120
     3                           	opt	lm
     4                           	psect	text0,local,class=CODE,merge=1,delta=2
     5                           	psect	cinit,global,class=CODE,merge=1,delta=2
     6                           	psect	cstackCOMMON,global,class=COMMON,space=1,delta=1
     7                           	psect	maintext,global,class=CODE,split=1,delta=2
     8                           	psect	text1,local,class=CODE,merge=1,delta=2
     9                           	dabs	1,0x7E,2
    10  0000                     	;# 
    11  0001                     	;# 
    12  0002                     	;# 
    13  0003                     	;# 
    14  0004                     	;# 
    15  0005                     	;# 
    16  0006                     	;# 
    17  0007                     	;# 
    18  0008                     	;# 
    19  0009                     	;# 
    20  000A                     	;# 
    21  000B                     	;# 
    22  000C                     	;# 
    23  000D                     	;# 
    24  000E                     	;# 
    25  000E                     	;# 
    26  000F                     	;# 
    27  0010                     	;# 
    28  0011                     	;# 
    29  0012                     	;# 
    30  0013                     	;# 
    31  0014                     	;# 
    32  0015                     	;# 
    33  0015                     	;# 
    34  0016                     	;# 
    35  0017                     	;# 
    36  0018                     	;# 
    37  0019                     	;# 
    38  001A                     	;# 
    39  001B                     	;# 
    40  001B                     	;# 
    41  001C                     	;# 
    42  001D                     	;# 
    43  001E                     	;# 
    44  001F                     	;# 
    45  0081                     	;# 
    46  0085                     	;# 
    47  0086                     	;# 
    48  0087                     	;# 
    49  0088                     	;# 
    50  0089                     	;# 
    51  008C                     	;# 
    52  008D                     	;# 
    53  008E                     	;# 
    54  0091                     	;# 
    55  0092                     	;# 
    56  0093                     	;# 
    57  0094                     	;# 
    58  0098                     	;# 
    59  0099                     	;# 
    60  009C                     	;# 
    61  009D                     	;# 
    62  009E                     	;# 
    63  009F                     	;# 
    64  010C                     	;# 
    65  010D                     	;# 
    66  010E                     	;# 
    67  010F                     	;# 
    68  018C                     	;# 
    69  018D                     	;# 
    70  0006                     _PORTBbits	set	6
    71  0086                     _TRISB	set	134
    72                           
    73                           	psect	text0
    74  0000                     __ptext0:	
    75                           ; #config settings
    76                           
    77                           
    78                           ;psect for function _init
    79  0000                     
    80                           	psect	cinit
    81  07FC                     start_initialization:	
    82  07FC                     __initialization:	
    83  07FC                     end_of_initialization:	
    84                           ;End of C runtime variable initialization code
    85                           
    86  07FC                     __end_of__initialization:	
    87  07FC  0183               	clrf	3
    88  07FD  120A  118A  2FD6   	ljmp	_main	;jump to C main() function
    89                           
    90                           	psect	cstackCOMMON
    91  0070                     __pcstackCOMMON:	
    92  0070                     ?_init:	
    93  0070                     ??_init:	
    94                           ; 0 bytes @ 0x0
    95                           
    96  0070                     ??_main:	
    97                           ; 0 bytes @ 0x0
    98                           
    99  0070                     ?_main:	
   100                           ; 0 bytes @ 0x0
   101                           
   102                           
   103                           ; 2 bytes @ 0x0
   104  0070                     	ds	3
   105                           
   106                           	psect	maintext
   107  07D6                     __pmaintext:	
   108 ;;
   109 ;;Main: autosize = 0, tempsize = 3, incstack = 0, save=0
   110 ;;
   111 ;; *************** function _main *****************
   112 ;; Defined at:
   113 ;;		line 14 in file "C:\Users\Dinusha\Documents\PICProjects\PIC877AProjects\CProjects\Blink\main.c"
   114 ;; Parameters:    Size  Location     Type
   115 ;;		None
   116 ;; Auto vars:     Size  Location     Type
   117 ;;		None
   118 ;; Return value:  Size  Location     Type
   119 ;;                  2   11[COMMON] int 
   120 ;; Registers used:
   121 ;;		wreg, status,2, status,0, pclath, cstack
   122 ;; Tracked objects:
   123 ;;		On entry : 17F/0
   124 ;;		On exit  : 0/0
   125 ;;		Unchanged: 0/0
   126 ;; Data sizes:     COMMON   BANK0   BANK1   BANK3   BANK2
   127 ;;      Params:         0       0       0       0       0
   128 ;;      Locals:         0       0       0       0       0
   129 ;;      Temps:          3       0       0       0       0
   130 ;;      Totals:         3       0       0       0       0
   131 ;;Total ram usage:        3 bytes
   132 ;; Hardware stack levels required when called:    1
   133 ;; This function calls:
   134 ;;		_init
   135 ;; This function is called by:
   136 ;;		Startup code after reset
   137 ;; This function uses a non-reentrant model
   138 ;;
   139                           
   140                           
   141                           ;psect for function _main
   142  07D6                     _main:	
   143                           
   144                           ;main.c: 16: init();
   145                           
   146                           ;incstack = 0
   147                           ; Regs used in _main: [wreg+status,2+status,0+pclath+cstack]
   148  07D6  120A  118A  27D1   	fcall	_init
      +       120A  118A         
   149  07DB                     l476:	
   150                           ;main.c: 18: while( 1 ){
   151                           
   152                           
   153                           ;main.c: 19: PORTBbits.RB2 = 1;
   154  07DB  1283               	bcf	3,5	;RP0=0, select bank0
   155  07DC  1303               	bcf	3,6	;RP1=0, select bank0
   156  07DD  1506               	bsf	6,2	;volatile
   157                           
   158                           ;main.c: 20: _delay((unsigned long)((100)*(20000000/4000.0)));
   159  07DE  3003               	movlw	3
   160  07DF  00F2               	movwf	??_main+2
   161  07E0  308A               	movlw	138
   162  07E1  00F1               	movwf	??_main+1
   163  07E2  3056               	movlw	86
   164  07E3  00F0               	movwf	??_main
   165  07E4                     u17:	
   166  07E4  0BF0               	decfsz	??_main,f
   167  07E5  2FE4               	goto	u17
   168  07E6  0BF1               	decfsz	??_main+1,f
   169  07E7  2FE4               	goto	u17
   170  07E8  0BF2               	decfsz	??_main+2,f
   171  07E9  2FE4               	goto	u17
   172  07EA  2FEB               	nop2
   173                           
   174                           ;main.c: 21: PORTBbits.RB2 = 0;
   175  07EB  1283               	bcf	3,5	;RP0=0, select bank0
   176  07EC  1303               	bcf	3,6	;RP1=0, select bank0
   177  07ED  1106               	bcf	6,2	;volatile
   178                           
   179                           ;main.c: 22: _delay((unsigned long)((100)*(20000000/4000.0)));
   180  07EE  3003               	movlw	3
   181  07EF  00F2               	movwf	??_main+2
   182  07F0  308A               	movlw	138
   183  07F1  00F1               	movwf	??_main+1
   184  07F2  3056               	movlw	86
   185  07F3  00F0               	movwf	??_main
   186  07F4                     u27:	
   187  07F4  0BF0               	decfsz	??_main,f
   188  07F5  2FF4               	goto	u27
   189  07F6  0BF1               	decfsz	??_main+1,f
   190  07F7  2FF4               	goto	u27
   191  07F8  0BF2               	decfsz	??_main+2,f
   192  07F9  2FF4               	goto	u27
   193  07FA  2FFB               	nop2
   194  07FB  2FDB               	goto	l476
   195  07FC                     __end_of_main:	
   196                           ;main.c: 23: }
   197                           ;main.c: 25: return 0;
   198                           ;	Return value of _main is never used
   199                           
   200                           
   201                           	psect	text1
   202  07D1                     __ptext1:	
   203 ;; *************** function _init *****************
   204 ;; Defined at:
   205 ;;		line 8 in file "C:\Users\Dinusha\Documents\PICProjects\PIC877AProjects\CProjects\Blink\main.c"
   206 ;; Parameters:    Size  Location     Type
   207 ;;		None
   208 ;; Auto vars:     Size  Location     Type
   209 ;;		None
   210 ;; Return value:  Size  Location     Type
   211 ;;		None               void
   212 ;; Registers used:
   213 ;;		wreg
   214 ;; Tracked objects:
   215 ;;		On entry : 0/0
   216 ;;		On exit  : 0/0
   217 ;;		Unchanged: 0/0
   218 ;; Data sizes:     COMMON   BANK0   BANK1   BANK3   BANK2
   219 ;;      Params:         0       0       0       0       0
   220 ;;      Locals:         0       0       0       0       0
   221 ;;      Temps:          0       0       0       0       0
   222 ;;      Totals:         0       0       0       0       0
   223 ;;Total ram usage:        0 bytes
   224 ;; Hardware stack levels used:    1
   225 ;; This function calls:
   226 ;;		Nothing
   227 ;; This function is called by:
   228 ;;		_main
   229 ;; This function uses a non-reentrant model
   230 ;;
   231                           
   232                           
   233                           ;psect for function _init
   234  07D1                     _init:	
   235                           
   236                           ;main.c: 11: TRISB = 0x01;
   237                           
   238                           ;incstack = 0
   239                           ; Regs used in _init: [wreg]
   240  07D1  3001               	movlw	1
   241  07D2  1683               	bsf	3,5	;RP0=1, select bank1
   242  07D3  1303               	bcf	3,6	;RP1=0, select bank1
   243  07D4  0086               	movwf	6	;volatile
   244  07D5  0008               	return
   245  07D6                     __end_of_init:	
   246  007E                     btemp	set	126	;btemp
   247  007E                     wtemp	set	126
   248  007E                     wtemp0	set	126
   249  0080                     wtemp1	set	128
   250  0082                     wtemp2	set	130
   251  0084                     wtemp3	set	132
   252  0086                     wtemp4	set	134
   253  0088                     wtemp5	set	136
   254  007F                     wtemp6	set	127
   255  007E                     ttemp	set	126
   256  007E                     ttemp0	set	126
   257  0081                     ttemp1	set	129
   258  0084                     ttemp2	set	132
   259  0087                     ttemp3	set	135
   260  007F                     ttemp4	set	127
   261  007E                     ltemp	set	126
   262  007E                     ltemp0	set	126
   263  0082                     ltemp1	set	130
   264  0086                     ltemp2	set	134
   265  0080                     ltemp3	set	128


Data Sizes:
    Strings     0
    Constant    0
    Data        0
    BSS         0
    Persistent  0
    Stack       0

Auto Spaces:
    Space          Size  Autos    Used
    COMMON           14      3       3
    BANK0            80      0       0
    BANK1            80      0       0
    BANK3            96      0       0
    BANK2            96      0       0

Pointer List with Targets:

    None.

Critical Paths under _main in COMMON

    None.

Critical Paths under _main in BANK0

    None.

Critical Paths under _main in BANK1

    None.

Critical Paths under _main in BANK3

    None.

Critical Paths under _main in BANK2

    None.

Call Graph Tables:

 ---------------------------------------------------------------------------------
 (Depth) Function   	        Calls       Base Space   Used Autos Params    Refs
 ---------------------------------------------------------------------------------
 (0) _main                                                 3     3      0       0
                                              0 COMMON     3     3      0
                               _init
 ---------------------------------------------------------------------------------
 (1) _init                                                 0     0      0       0
 ---------------------------------------------------------------------------------
 Estimated maximum stack depth 1
 ---------------------------------------------------------------------------------

 Call Graph Graphs:

 _main (ROOT)
   _init

 Address spaces:
Name               Size   Autos  Total    Cost      Usage
BITCOMMON            E      0       0       0        0.0%
EEDATA             100      0       0       0        0.0%
NULL                 0      0       0       0        0.0%
CODE                 0      0       0       0        0.0%
COMMON               E      3       3       1       21.4%
BITSFR0              0      0       0       1        0.0%
SFR0                 0      0       0       1        0.0%
BITSFR1              0      0       0       2        0.0%
SFR1                 0      0       0       2        0.0%
STACK                0      0       0       2        0.0%
ABS                  0      0       0       3        0.0%
BITBANK0            50      0       0       4        0.0%
BITSFR3              0      0       0       4        0.0%
SFR3                 0      0       0       4        0.0%
BANK0               50      0       0       5        0.0%
BITSFR2              0      0       0       5        0.0%
SFR2                 0      0       0       5        0.0%
BITBANK1            50      0       0       6        0.0%
BANK1               50      0       0       7        0.0%
BITBANK3            60      0       0       8        0.0%
BANK3               60      0       0       9        0.0%
BITBANK2            60      0       0      10        0.0%
BANK2               60      0       0      11        0.0%
DATA                 0      0       0      12        0.0%


Microchip Technology PIC Macro Assembler V1.30 build 55553 
Symbol Table                                                                                   Sun Apr 06 19:34:03 2014

            __CFG_CP$OFF 0000                       u17 07E4                       u27 07F4  
                    l476 07DB             __CFG_CPD$OFF 0000             __CFG_FOSC$HS 0000  
           __CFG_LVP$OFF 0000                     _main 07D6                     _init 07D1  
                   btemp 007E            __CFG_BOREN$ON 0000                     ltemp 007E  
                   start 0000                     ttemp 007E                     wtemp 007E  
                  ?_main 0070                    ?_init 0070            __CFG_WDTE$OFF 0000  
                  _TRISB 0086            __CFG_PWRTE$ON 0000                    ltemp0 007E  
                  ltemp1 0082                    ltemp2 0086                    ltemp3 0080  
                  ttemp0 007E                    ttemp1 0081                    ttemp2 0084  
                  ttemp3 0087                    ttemp4 007F                    status 0003  
                  wtemp0 007E                    wtemp1 0080                    wtemp2 0082  
                  wtemp3 0084                    wtemp4 0086                    wtemp5 0088  
                  wtemp6 007F          __initialization 07FC             __end_of_main 07FC  
           __end_of_init 07D6                   ??_main 0070                   ??_init 0070  
__end_of__initialization 07FC           __pcstackCOMMON 0070               __pmaintext 07D6  
                __ptext0 0000                  __ptext1 07D1     end_of_initialization 07FC  
              _PORTBbits 0006      start_initialization 07FC                ___latbits 0002  
          __size_of_main 0026            __size_of_init 0005  
