

Microchip Technology PIC LITE Macro Assembler V1.30 build 55553 
                                                                                               Sun Mar 09 10:58:08 2014

Microchip Technology Omniscient Code Generator (Lite mode) build 55553
     1                           	processor	16F628A
     2                           	opt	pw 120
     3                           	opt	lm
     4                           	psect	maintext,global,class=CODE,split=1,delta=2
     5                           	psect	cinit,global,class=CODE,merge=1,delta=2
     6                           	psect	cstackCOMMON,global,class=COMMON,space=1,delta=1
     7                           	dabs	1,0x7E,2
     8  0000                     	;# 
     9  0001                     	;# 
    10  0002                     	;# 
    11  0003                     	;# 
    12  0004                     	;# 
    13  0005                     	;# 
    14  0006                     	;# 
    15  000A                     	;# 
    16  000B                     	;# 
    17  000C                     	;# 
    18  000E                     	;# 
    19  000E                     	;# 
    20  000F                     	;# 
    21  0010                     	;# 
    22  0011                     	;# 
    23  0012                     	;# 
    24  0015                     	;# 
    25  0015                     	;# 
    26  0016                     	;# 
    27  0017                     	;# 
    28  0018                     	;# 
    29  0019                     	;# 
    30  001A                     	;# 
    31  001F                     	;# 
    32  0081                     	;# 
    33  0085                     	;# 
    34  0086                     	;# 
    35  008C                     	;# 
    36  008E                     	;# 
    37  0092                     	;# 
    38  0098                     	;# 
    39  0099                     	;# 
    40  009A                     	;# 
    41  009B                     	;# 
    42  009C                     	;# 
    43  009D                     	;# 
    44  009F                     	;# 
    45  0029                     _RA1	set	41
    46  0085                     _TRISA	set	133
    47                           
    48                           	psect	maintext
    49  07DE                     __pmaintext:	
    50                           ; #config settings
    51                           
    52                           
    53                           ;psect for function _main
    54  0000                     
    55 ;;
    56 ;;Main: autosize = 0, tempsize = 3, incstack = 0, save=0
    57 ;;
    58 ;; *************** function _main *****************
    59 ;; Defined at:
    60 ;;		line 7 in file "C:\Users\Dinusha\Documents\PICProjects\CProjects\Buzz00\main.c"
    61 ;; Parameters:    Size  Location     Type
    62 ;;		None
    63 ;; Auto vars:     Size  Location     Type
    64 ;;		None
    65 ;; Return value:  Size  Location     Type
    66 ;;                  2    8[COMMON] int 
    67 ;; Registers used:
    68 ;;		wreg, status,2
    69 ;; Tracked objects:
    70 ;;		On entry : 17F/0
    71 ;;		On exit  : 0/0
    72 ;;		Unchanged: 0/0
    73 ;; Data sizes:     COMMON   BANK0   BANK1   BANK2
    74 ;;      Params:         0       0       0       0
    75 ;;      Locals:         0       0       0       0
    76 ;;      Temps:          3       0       0       0
    77 ;;      Totals:         3       0       0       0
    78 ;;Total ram usage:        3 bytes
    79 ;; This function calls:
    80 ;;		Nothing
    81 ;; This function is called by:
    82 ;;		Startup code after reset
    83 ;; This function uses a non-reentrant model
    84 ;;
    85  07DE                     _main:	
    86                           
    87                           ;main.c: 9: TRISA = 0x00;
    88                           
    89                           ;incstack = 0
    90                           ; Regs used in _main: [wreg+status,2]
    91  07DE  1683               	bsf	3,5	;RP0=1, select bank1
    92  07DF  1303               	bcf	3,6	;RP1=0, select bank1
    93  07E0  0185               	clrf	5	;volatile
    94  07E1                     l471:	
    95                           ;main.c: 11: while(1){
    96                           
    97                           
    98                           ;main.c: 12: RA1 = 0x1;
    99  07E1  1283               	bcf	3,5	;RP0=0, select bank0
   100  07E2  1303               	bcf	3,6	;RP1=0, select bank0
   101  07E3  1485               	bsf	5,1	;volatile
   102                           
   103                           ;main.c: 13: _delay((unsigned long)((100)*(4000000/4000.0)));
   104  07E4  3082               	movlw	130
   105  07E5  00F1               	movwf	??_main+1
   106  07E6  30DD               	movlw	221
   107  07E7  00F0               	movwf	??_main
   108  07E8                     u17:	
   109  07E8  0BF0               	decfsz	??_main,f
   110  07E9  2FE8               	goto	u17
   111  07EA  0BF1               	decfsz	??_main+1,f
   112  07EB  2FE8               	goto	u17
   113  07EC  2FED               	nop2
   114                           
   115                           ;main.c: 14: RA1 = 0x0;
   116  07ED  1283               	bcf	3,5	;RP0=0, select bank0
   117  07EE  1303               	bcf	3,6	;RP1=0, select bank0
   118  07EF  1085               	bcf	5,1	;volatile
   119                           
   120                           ;main.c: 15: _delay((unsigned long)((900)*(4000000/4000.0)));
   121  07F0  3005               	movlw	5
   122  07F1  00F2               	movwf	??_main+2
   123  07F2  3091               	movlw	145
   124  07F3  00F1               	movwf	??_main+1
   125  07F4  30D2               	movlw	210
   126  07F5  00F0               	movwf	??_main
   127  07F6                     u27:	
   128  07F6  0BF0               	decfsz	??_main,f
   129  07F7  2FF6               	goto	u27
   130  07F8  0BF1               	decfsz	??_main+1,f
   131  07F9  2FF6               	goto	u27
   132  07FA  0BF2               	decfsz	??_main+2,f
   133  07FB  2FF6               	goto	u27
   134  07FC  2FFD               	nop2
   135  07FD  2FE1               	goto	l471
   136  07FE                     __end_of_main:	
   137                           ;main.c: 16: }
   138                           ;main.c: 17: return 0;
   139                           ;	Return value of _main is never used
   140                           
   141  007E                     btemp	set	126	;btemp
   142  007E                     wtemp	set	126
   143  007E                     wtemp0	set	126
   144  0080                     wtemp1	set	128
   145  0082                     wtemp2	set	130
   146  0084                     wtemp3	set	132
   147  0086                     wtemp4	set	134
   148  0088                     wtemp5	set	136
   149  007F                     wtemp6	set	127
   150  007E                     ttemp	set	126
   151  007E                     ttemp0	set	126
   152  0081                     ttemp1	set	129
   153  0084                     ttemp2	set	132
   154  0087                     ttemp3	set	135
   155  007F                     ttemp4	set	127
   156  007E                     ltemp	set	126
   157  007E                     ltemp0	set	126
   158  0082                     ltemp1	set	130
   159  0086                     ltemp2	set	134
   160  0080                     ltemp3	set	128
   161                           
   162                           	psect	cinit
   163  07FE                     start_initialization:	
   164  07FE                     __initialization:	
   165  07FE                     end_of_initialization:	
   166                           ;End of C runtime variable initialization code
   167                           
   168  07FE                     __end_of__initialization:	
   169  07FE  0183               	clrf	3
   170  07FF  2FDE               	ljmp	_main	;jump to C main() function
   171                           
   172                           	psect	cstackCOMMON
   173  0070                     __pcstackCOMMON:	
   174  0070                     ??_main:	
   175  0070                     ?_main:	
   176                           ; 0 bytes @ 0x0
   177                           
   178                           
   179                           ; 2 bytes @ 0x0
   180  0070                     	ds	3


Data Sizes:
    Strings     0
    Constant    0
    Data        0
    BSS         0
    Persistent  0
    Stack       0

Auto Spaces:
    Space          Size  Autos    Used
    COMMON           14      3       3
    BANK0            80      0       0
    BANK1            80      0       0
    BANK2            48      0       0

Pointer List with Targets:

    None.

Critical Paths under _main in COMMON

    None.

Critical Paths under _main in BANK0

    None.

Critical Paths under _main in BANK1

    None.

Critical Paths under _main in BANK2

    None.

Call Graph Tables:

 ---------------------------------------------------------------------------------
 (Depth) Function   	        Calls       Base Space   Used Autos Params    Refs
 ---------------------------------------------------------------------------------
 (0) _main                                                 3     3      0       0
                                              0 COMMON     3     3      0
 ---------------------------------------------------------------------------------
 Estimated maximum stack depth 0
 ---------------------------------------------------------------------------------

 Call Graph Graphs:

 _main (ROOT)

 Address spaces:
Name               Size   Autos  Total    Cost      Usage
BITCOMMON            E      0       0       0        0.0%
EEDATA              80      0       0       0        0.0%
NULL                 0      0       0       0        0.0%
CODE                 0      0       0       0        0.0%
COMMON               E      3       3       1       21.4%
BITSFR0              0      0       0       1        0.0%
SFR0                 0      0       0       1        0.0%
BITSFR1              0      0       0       2        0.0%
SFR1                 0      0       0       2        0.0%
STACK                0      0       0       2        0.0%
BANK0               50      0       0       3        0.0%
BITSFR3              0      0       0       4        0.0%
SFR3                 0      0       0       4        0.0%
ABS                  0      0       0       4        0.0%
BITBANK0            50      0       0       5        0.0%
BITSFR2              0      0       0       5        0.0%
SFR2                 0      0       0       5        0.0%
BITBANK1            50      0       0       6        0.0%
BANK1               50      0       0       7        0.0%
BITBANK2            30      0       0       8        0.0%
BANK2               30      0       0       9        0.0%
DATA                 0      0       0      10        0.0%


Microchip Technology PIC Macro Assembler V1.30 build 55553 
Symbol Table                                                                                   Sun Mar 09 10:58:08 2014

            __CFG_CP$OFF 0000                       u17 07E8                       u27 07F6  
                    l471 07E1                      _RA1 0029             __CFG_CPD$OFF 0000  
           __CFG_FOSC$XT 0000             __CFG_LVP$OFF 0000                     _main 07DE  
                   btemp 007E            __CFG_BOREN$ON 0000                     ltemp 007E  
                   start 0000                     ttemp 007E                     wtemp 007E  
          __CFG_MCLRE$ON 0000                    ?_main 0070            __CFG_WDTE$OFF 0000  
                  _TRISA 0085            __CFG_PWRTE$ON 0000                    ltemp0 007E  
                  ltemp1 0082                    ltemp2 0086                    ltemp3 0080  
                  ttemp0 007E                    ttemp1 0081                    ttemp2 0084  
                  ttemp3 0087                    ttemp4 007F                    status 0003  
                  wtemp0 007E                    wtemp1 0080                    wtemp2 0082  
                  wtemp3 0084                    wtemp4 0086                    wtemp5 0088  
                  wtemp6 007F          __initialization 07FE             __end_of_main 07FE  
                 ??_main 0070  __end_of__initialization 07FE           __pcstackCOMMON 0070  
             __pmaintext 07DE     end_of_initialization 07FE      start_initialization 07FE  
              ___latbits 0000            __size_of_main 0020  
