MPASM  5.43                          MAIN.ASM   1-21-2014  23:21:46         PAGE  1


LOC  OBJECT CODE     LINE SOURCE TEXT
  VALUE

                      00001 ;**********************************************************************
                      00002 ;   This file is a basic code template for object module code         *
                      00003 ;   generation on the PIC16F716. This file contains the               *
                      00004 ;   basic code building blocks to build upon.                         *
                      00005 ;                                                                     *
                      00006 ;   Refer to the MPASM User's Guide for additional information on     *
                      00007 ;   features of the assembler and linker (Document DS33014).          *
                      00008 ;                                                                     *
                      00009 ;   Refer to the respective PIC data sheet for additional             *
                      00010 ;   information on the instruction set.                               *
                      00011 ;                                                                     *
                      00012 ;**********************************************************************
                      00013 ;                                                                     *
                      00014 ;    Filename:      xxx.asm                                           *
                      00015 ;    Date:                                                            *
                      00016 ;    File Version:                                                    *
                      00017 ;                                                                     *
                      00018 ;    Author:                                                          *
                      00019 ;    Company:                                                         *
                      00020 ;                                                                     *
                      00021 ;                                                                     *
                      00022 ;**********************************************************************
                      00023 ;                                                                     *
                      00024 ;    Files required: P16F716.INC                                      *
                      00025 ;                                                                     *
                      00026 ;                                                                     *
                      00027 ;                                                                     *
                      00028 ;**********************************************************************
                      00029 ;                                                                     *
                      00030 ;    Notes:                                                           *
                      00031 ;                                                                     *
                      00032 ;                                                                     *
                      00033 ;                                                                     *
                      00034 ;                                                                     *
                      00035 ;**********************************************************************
                      00036 
                      00037     list      p=16F716              ; list directive to define processor
                      00038     #include <p16F716.inc>          ; processor specific variable definitions
                      00001         LIST
                      00002 
                      00003 ;==========================================================================
                      00004 ;  MPASM PIC16F716 processor include
                      00005 ; 
                      00006 ;  (c) Copyright 1999-2011 Microchip Technology, All rights reserved
                      00007 ;==========================================================================
                      00008 
                      00370         LIST
                      00039 
                      00040     errorlevel  -302                ; suppress message 302 from list file
                      00041 
                      00042 ; '__CONFIG' directive is used to embed configuration word within .asm file.
                      00043 ; The lables following the directive are located in the respective .inc file.
                      00044 ; See data sheet for additional information on configuration word settings.
MPASM  5.43                          MAIN.ASM   1-21-2014  23:21:46         PAGE  2


LOC  OBJECT CODE     LINE SOURCE TEXT
  VALUE

                      00045 
2007   3F31           00046     __CONFIG    _CP_OFF & _VBOR_25 & _BOREN_OFF & _PWRTE_ON & _WDT_OFF & _XT_OSC
                      00047 
                      00048 ;***** VARIABLE DEFINITIONS (examples)
                      00049 
                      00050 ; example of using Shared Uninitialized Data Section
                      00051 INT_VAR     UDATA    
0000                  00052 w_temp      RES     1       ; variable used for context saving 
0001                  00053 status_temp RES     1       ; variable used for context saving
0002                  00054 count1      RES 1               ;variable used in delay routines.
0003                  00055 counta      RES 1               ;variable used in delay routines.
0004                  00056 countb      RES 1               ;variable used in delay routines.
0005                  00057 temp            RES     1
                      00058 
                      00059 INT_VAR1    UDATA   
0000                  00060 w1_temp     RES 1           ; bank 1 w_temp register
                      00061 
                      00062 #define         lcd_tris        TRISB
                      00063 #define         lcd_port        PORTB
                      00064 
                      00065 #define         lcd_en          PORTB, 4
                      00066 #define         lcd_rs          PORTB, 5
                      00067 #define         lcd_rw          PORTB, 6
                      00068 
                      00069 
                      00070 
                      00071 ;**********************************************************************
                      00072 RESET_VECTOR    CODE    0x0000  ; processor reset vector
0000   2???           00073         goto    start           ; go to beginning of program
                      00074 
                      00075 INT_VECTOR      CODE    0x0004  ; interrupt vector location
                      00076 
0004                  00077 INTERRUPT
                      00078 
0004   00??           00079         movwf   w_temp          ; save off current W register contents
0005   0803           00080         movf    STATUS,w        ; move status register into W register
0006   1283           00081         bcf STATUS,RP0  ; select bank0
0007   00??           00082         movwf   status_temp     ; save off contents of STATUS register
                      00083 
                      00084 ; isr code can go here or be located as a call subroutine elsewhere
                      00085 
                      00086 
0008   1283           00087         bcf STATUS,RP0  ; select bank0
0009   08??           00088         movf    status_temp,W   ; retrieve copy of STATUS register
000A   0083           00089         movwf   STATUS          ; restore pre-isr STATUS register contents
000B   0E??           00090         swapf   w_temp,F
000C   0E??           00091         swapf   w_temp,W        ; restore pre-isr W register contents
000D   0009           00092         retfie                  ; return from interrupt
                      00093        
                      00094 MAIN_PROG       CODE
                      00095 
0000                  00096 start
0000   0186           00097                 clrf    lcd_port                ; Setting all pins to 0
MPASM  5.43                          MAIN.ASM   1-21-2014  23:21:46         PAGE  3


LOC  OBJECT CODE     LINE SOURCE TEXT
  VALUE

                      00098 
0001   1683           00099                 bsf             STATUS, RP0             ; Switching to bank 1
0002   0186           00100                 clrf    lcd_tris
0003   1283           00101                 bcf             STATUS, RP0             ; Switching to bank     0
                      00102 
0004                  00103 mainloop
0004   2???           00104                 call    lcd_init
                      00105 
0005   2???           00106                 call    Delay255
0006   2???           00107                 call    Delay255
                      00108 
0007   3044           00109                 movlw   'D'
                      00110                 ;movlw  b'01001000'
0008   2???           00111                 call    LCD_CHAR
                      00112 
0009   3069           00113                 movlw   'i'
                      00114                 ;movlw  b'01001000'
000A   2???           00115                 call    LCD_CHAR
                      00116 
000B   3075           00117                 movlw   'u'
                      00118                 ;movlw  b'01001000'
000C   2???           00119                 call    LCD_CHAR
                      00120                 
000D   3073           00121                 movlw   's'
                      00122                 ;movlw  b'01001000'
000E   2???           00123                 call    LCD_CHAR
                      00124 
000F   3068           00125                 movlw   'h'
                      00126                 ;movlw  b'01001000'
0010   2???           00127                 call    LCD_CHAR
                      00128 
0011   3061           00129                 movlw   'a'
                      00130                 ;movlw  b'01001000'
0012   2???           00131                 call    LCD_CHAR
                      00132 
0013   2???           00133         goto $
                      00134 
0014                  00135 lcd_init
0014   2???           00136                 call    Delay30
                      00137 
                      00138                 ;--------------------
0015   3003           00139                 movlw   b'00000011'
0016   0086           00140                 movwf   lcd_port
0017   2???           00141                 call    pulse_en
0018   2???           00142                 call    Delay5
                      00143 
0019   3003           00144                 movlw   b'00000011'
001A   0086           00145                 movwf   lcd_port
001B   2???           00146                 call    pulse_en
001C   2???           00147                 call    Delay1
                      00148 
001D   3003           00149                 movlw   b'00000011'
001E   0086           00150                 movwf   lcd_port
MPASM  5.43                          MAIN.ASM   1-21-2014  23:21:46         PAGE  4


LOC  OBJECT CODE     LINE SOURCE TEXT
  VALUE

001F   2???           00151                 call    pulse_en
0020   2???           00152                 call    Delay1
                      00153                 ;call   lcd_busy
                      00154                 ;--------------------
                      00155 
0021   3002           00156                 movlw   b'00000010'             ; Switch to 4bit mode
0022   0086           00157                 movwf   lcd_port
0023   2???           00158                 call    pulse_en
                      00159                 ;call   lcd_busy
                      00160                 ;--------------------
                      00161                                                                 ;Set display shift
0024   3028           00162                 movlw   b'00101000'
0025   2???           00163                 call    lcd_cmd
                      00164                                                                 ;Set display character mode
0026   3006           00165                 movlw   b'00000110'
0027   2???           00166                 call    lcd_cmd
                      00167                                                                 ;Set display on/off and cursor command
0028   300C           00168                 movlw   b'0001100'
0029   2???           00169                 call    lcd_cmd
                      00170 
002A   3001           00171                 movlw   b'000000001'    ;Clear display
002B   2???           00172                 call    lcd_cmd
                      00173 
002C   0008           00174                 return
                      00175 
                      00176 
002D                  00177 pulse_en
002D   1606           00178                 bsf             lcd_en
002E   0000           00179                 nop
002F   1206           00180                 bcf             lcd_en
0030   0008           00181                 return
                      00182 
0031                  00183 lcd_char2
0031   1686           00184                 bsf             lcd_rs
0032   2???           00185                 call    lcd_write
                      00186                 ;bcf            lcd_rs
0033   0008           00187                 return
                      00188 
0034                  00189 lcd_cmd
0034   1286           00190                 bcf             lcd_rs                  ; setting RS low (RS = 0, Instruction Register)
0035   2???           00191                 call    lcd_write
0036   0008           00192                 return
                      00193 
0037                  00194 lcd_write
0037   00??           00195                 movwf   temp
0038   0E??           00196                 swapf   temp, w
0039   390F           00197                 andlw   0x0f
003A   0086           00198                 movwf   lcd_port
                      00199 
003B   2???           00200                 call    pulse_en
                      00201 
003C   08??           00202                 movf    temp, w
003D   390F           00203                 andlw   0x0f
MPASM  5.43                          MAIN.ASM   1-21-2014  23:21:46         PAGE  5


LOC  OBJECT CODE     LINE SOURCE TEXT
  VALUE

003E   0086           00204                 movwf   lcd_port
                      00205                 
003F   2???           00206                 call    pulse_en
                      00207 
0040   2???           00208                 call    Delay5
                      00209                 ;call   lcd_busy
0041   0008           00210                 return
                      00211 
0042                  00212 lcd_busy
0042   1683           00213                 bsf             STATUS, RP0             ; Switching to Bank 1
0043   1586           00214                 bsf             lcd_tris, 3
0044   1283           00215                 bcf             STATUS, RP0             ; Switching to Bank 0
                      00216 
                      00217                 ;bcf            lcd_rs
0045   1706           00218                 bsf             lcd_rw
0046   1606           00219                 bsf             lcd_en
                      00220 
0047   1986           00221                 btfsc   lcd_port, 3
0048   2???           00222                 goto    $-1
                      00223 
0049   1306           00224                 bcf             lcd_rw
004A   1206           00225                 bcf             lcd_en          
                      00226 
004B   1683           00227                 bsf             STATUS, RP0             ; Switching to Bank 1
004C   1186           00228                 bcf             lcd_tris, 3
004D   1283           00229                 bcf             STATUS, RP0             ; Switching to Bank 0
                      00230 
004E   0008           00231                 return
                      00232 
004F                  00233 LCD_CHAR
                      00234 
004F   00??           00235                 movwf   temp                    ; moving passed value in w to temp variable
0050   0E??           00236                 swapf   temp, w                 ; swaping high and low nibbles and storing it in w
0051   390F           00237                 andlw   0x0f                    ; selecting only the lower nibble (Previous high nibble)
0052   0086           00238                 movwf   lcd_port                ; writing to port
0053   1686           00239                 bsf             lcd_rs
0054   2???           00240                 call    pulse_en                ; pulsing the E line
                      00241 
0055   08??           00242                 movf    temp, w
0056   390F           00243                 andlw   0x0f
0057   0086           00244                 movwf   lcd_port
0058   1686           00245                 bsf     lcd_rs
0059   2???           00246                 call    pulse_en
                      00247 
005A   2???           00248                 call    Delay5
                      00249                 ;call   lcd_busy
                      00250 
005B   1286           00251                 bcf             lcd_rs
                      00252                 
005C   0008           00253                 RETURN
                      00254 
                      00255 ;______________________________________________________________________________________________
                      00256 ;Delays originated here: http://www.winpicprog.co.uk/pic_tutorial3.htm
MPASM  5.43                          MAIN.ASM   1-21-2014  23:21:46         PAGE  6


LOC  OBJECT CODE     LINE SOURCE TEXT
  VALUE

                      00257 ;All delays here assume a 4Mhz clock.
005D                  00258 Delay255
005D   30FF           00259         movlw   .255            ;delay 255ms.
005E   2???           00260         goto    d0
005F                  00261 Delay30
005F   301E           00262         movlw   .30             ;delay 30mS.
0060   2???           00263         goto    d0
0061                  00264 Delay5
0061   3005           00265         movlw   .5              ;delay 5ms.
0062   2???           00266         goto    d0
0063                  00267 Delay1
0063   3001           00268         movlw   .1              ;delay 1mS.
                      00269                 
0064   00??           00270 d0      movwf   count1
0065   30C7           00271 d1      movlw   0xC7
0066   00??           00272         movwf   counta
0067   3001           00273         movlw   0x01
0068   00??           00274         movwf   countb
0069                  00275 Delay_0
Message[305]: Using default destination of 1 (file).
0069   0B??           00276         decfsz  counta
006A   2???           00277         goto    $+2
Message[305]: Using default destination of 1 (file).
006B   0B??           00278         decfsz  countb
006C   2???           00279         goto    Delay_0
Message[305]: Using default destination of 1 (file).
006D   0B??           00280         decfsz  count1
006E   2???           00281         goto    d1
006F   3400           00282         retlw   .0              ;return from the delay routine.
                      00283 
3F31                  00284         END                     ; directive 'end of program'
MPASM  5.43                          MAIN.ASM   1-21-2014  23:21:46         PAGE  7


SYMBOL TABLE
  LABEL                             VALUE 

ADCON0                            0000001F
ADCON1                            0000009F
ADCS0                             00000006
ADCS1                             00000007
ADIE                              00000006
ADIF                              00000006
ADON                              00000000
ADRES                             0000001E
C                                 00000000
CCP1CON                           00000017
CCP1IE                            00000002
CCP1IF                            00000002
CCP1M0                            00000000
CCP1M1                            00000001
CCP1M2                            00000002
CCP1M3                            00000003
CCPR1                             00000015
CCPR1H                            00000016
CCPR1L                            00000015
CHS0                              00000003
CHS1                              00000004
CHS2                              00000005
DATACCP                           00000006
DC                                00000001
DC1B0                             00000004
DC1B1                             00000005
DCCP                              00000003
DT1CK                             00000001
Delay1                            00000063
Delay255                          0000005D
Delay30                           0000005F
Delay5                            00000061
Delay_0                           00000069
ECCPAS                            00000019
ECCPAS0                           00000004
ECCPAS1                           00000005
ECCPAS2                           00000006
ECCPASE                           00000007
F                                 00000001
FSR                               00000004
GIE                               00000007
GO                                00000002
GO_DONE                           00000002
GO_NOT_DONE                       00000002
INDF                              00000000
INTCON                            0000000B
INTE                              00000004
INTEDG                            00000006
INTERRUPT                         00000004
INTF                              00000001
IRP                               00000007
LCD_CHAR                          0000004F
NOT_BO                            00000000
MPASM  5.43                          MAIN.ASM   1-21-2014  23:21:46         PAGE  8


SYMBOL TABLE
  LABEL                             VALUE 

NOT_BOD                           00000000
NOT_BOR                           00000000
NOT_DONE                          00000002
NOT_PD                            00000003
NOT_POR                           00000001
NOT_RBPU                          00000007
NOT_T1SYNC                        00000002
NOT_TO                            00000004
OPTION_REG                        00000081
P1M0                              00000006
P1M1                              00000007
PCFG0                             00000000
PCFG1                             00000001
PCFG2                             00000002
PCL                               00000002
PCLATH                            0000000A
PCON                              0000008E
PDC0                              00000000
PDC1                              00000001
PDC2                              00000002
PDC3                              00000003
PDC4                              00000004
PDC5                              00000005
PDC6                              00000006
PEIE                              00000006
PIE1                              0000008C
PIR1                              0000000C
PORTA                             00000005
PORTB                             00000006
PR2                               00000092
PRSEN                             00000007
PS0                               00000000
PS1                               00000001
PS2                               00000002
PSA                               00000003
PSSAC0                            00000002
PSSAC1                            00000003
PSSBD0                            00000000
PSSBD1                            00000001
PWM1CON                           00000018
RA0                               00000000
RA1                               00000001
RA2                               00000002
RA3                               00000003
RA4                               00000004
RB0                               00000000
RB1                               00000001
RB2                               00000002
RB3                               00000003
RB4                               00000004
RB5                               00000005
RB6                               00000006
RB7                               00000007
MPASM  5.43                          MAIN.ASM   1-21-2014  23:21:46         PAGE  9


SYMBOL TABLE
  LABEL                             VALUE 

RBIE                              00000003
RBIF                              00000000
RP0                               00000005
RP1                               00000006
STATUS                            00000003
T0CS                              00000005
T0IE                              00000005
T0IF                              00000002
T0SE                              00000004
T1CKPS0                           00000004
T1CKPS1                           00000005
T1CON                             00000010
T1OSCEN                           00000003
T1SYNC                            00000002
T2CKPS0                           00000000
T2CKPS1                           00000001
T2CON                             00000012
TCCP                              00000003
TMR0                              00000001
TMR0IE                            00000005
TMR0IF                            00000002
TMR1CS                            00000001
TMR1H                             0000000F
TMR1IE                            00000000
TMR1IF                            00000000
TMR1L                             0000000E
TMR1ON                            00000000
TMR2                              00000011
TMR2IE                            00000001
TMR2IF                            00000001
TMR2ON                            00000002
TOUTPS0                           00000003
TOUTPS1                           00000004
TOUTPS2                           00000005
TOUTPS3                           00000006
TRISA                             00000085
TRISA0                            00000000
TRISA1                            00000001
TRISA2                            00000002
TRISA3                            00000003
TRISA4                            00000004
TRISB                             00000086
TRISB0                            00000000
TRISB1                            00000001
TRISB2                            00000002
TRISB3                            00000003
TRISB4                            00000004
TRISB5                            00000005
TRISB6                            00000006
TRISB7                            00000007
TRISCP                            00000086
TT1CK                             00000001
W                                 00000000
MPASM  5.43                          MAIN.ASM   1-21-2014  23:21:46         PAGE 10


SYMBOL TABLE
  LABEL                             VALUE 

Z                                 00000002
_BODENV_25                        00003F7F
_BODENV_40                        00003FFF
_BODEN_OFF                        00003FBF
_BODEN_ON                         00003FFF
_BOREN_OFF                        00003FBF
_BOREN_ON                         00003FFF
_CONFIG                           00002007
_CP_ALL                           00001FFF
_CP_OFF                           00003FFF
_CP_ON                            00001FFF
_DEVID1                           00002006
_FOSC_HS                          00003FFE
_FOSC_LP                          00003FFC
_FOSC_RC                          00003FFF
_FOSC_XT                          00003FFD
_HS_OSC                           00003FFE
_IDLOC0                           00002000
_IDLOC1                           00002001
_IDLOC2                           00002002
_IDLOC3                           00002003
_LP_OSC                           00003FFC
_MAIN_PROG_0013                   00000013
_MAIN_PROG_0048                   00000048
_MAIN_PROG_006A                   0000006A
_PWRTE_OFF                        00003FFF
_PWRTE_ON                         00003FF7
_RC_OSC                           00003FFF
_VBOR_25                          00003F7F
_VBOR_40                          00003FFF
_WDTE_OFF                         00003FFB
_WDTE_ON                          00003FFF
_WDT_OFF                          00003FFB
_WDT_ON                           00003FFF
_XT_OSC                           00003FFD
__16F716                          00000001
__DEBUG                           1
count1                            00000002
counta                            00000003
countb                            00000004
d0                                00000064
d1                                00000065
lcd_busy                          00000042
lcd_char2                         00000031
lcd_cmd                           00000034
lcd_en                            PORTB, 4
lcd_init                          00000014
lcd_port                          PORTB
lcd_rs                            PORTB, 5
lcd_rw                            PORTB, 6
lcd_tris                          TRISB
lcd_write                         00000037
mainloop                          00000004
MPASM  5.43                          MAIN.ASM   1-21-2014  23:21:46         PAGE 11


SYMBOL TABLE
  LABEL                             VALUE 

pulse_en                          0000002D
start                             00000000
status_temp                       00000001
temp                              00000005
w1_temp                           00000000
w_temp                            00000000

Errors   :     0
Warnings :     0 reported,     0 suppressed
Messages :     3 reported,     3 suppressed

