

Microchip Technology PIC LITE Macro Assembler V1.30 build 55553 
                                                                                               Mon Jul 07 21:26:19 2014

Microchip Technology Omniscient Code Generator (Lite mode) build 55553
     1                           	processor	16F877A
     2                           	opt	pw 120
     3                           	opt	lm
     4                           	psect	strings,global,class=STRING,delta=2
     5                           	psect	cinit,global,class=CODE,merge=1,delta=2
     6                           	psect	cstackCOMMON,global,class=COMMON,space=1,delta=1
     7                           	psect	cstackBANK0,global,class=BANK0,space=1,delta=1
     8                           	psect	maintext,global,class=CODE,split=1,delta=2
     9                           	psect	text1,local,class=CODE,merge=1,delta=2
    10                           	psect	text2,local,class=CODE,merge=1,delta=2
    11                           	psect	text3,local,class=CODE,merge=1,delta=2
    12                           	psect	text4,local,class=CODE,merge=1,delta=2
    13                           	psect	text5,local,class=CODE,merge=1,delta=2
    14                           	psect	text6,local,class=CODE,merge=1,delta=2
    15                           	dabs	1,0x7E,2
    16  0000                     	;# 
    17  0001                     	;# 
    18  0002                     	;# 
    19  0003                     	;# 
    20  0004                     	;# 
    21  0005                     	;# 
    22  0006                     	;# 
    23  0007                     	;# 
    24  0008                     	;# 
    25  0009                     	;# 
    26  000A                     	;# 
    27  000B                     	;# 
    28  000C                     	;# 
    29  000D                     	;# 
    30  000E                     	;# 
    31  000E                     	;# 
    32  000F                     	;# 
    33  0010                     	;# 
    34  0011                     	;# 
    35  0012                     	;# 
    36  0013                     	;# 
    37  0014                     	;# 
    38  0015                     	;# 
    39  0015                     	;# 
    40  0016                     	;# 
    41  0017                     	;# 
    42  0018                     	;# 
    43  0019                     	;# 
    44  001A                     	;# 
    45  001B                     	;# 
    46  001B                     	;# 
    47  001C                     	;# 
    48  001D                     	;# 
    49  001E                     	;# 
    50  001F                     	;# 
    51  0081                     	;# 
    52  0085                     	;# 
    53  0086                     	;# 
    54  0087                     	;# 
    55  0088                     	;# 
    56  0089                     	;# 
    57  008C                     	;# 
    58  008D                     	;# 
    59  008E                     	;# 
    60  0091                     	;# 
    61  0092                     	;# 
    62  0093                     	;# 
    63  0094                     	;# 
    64  0098                     	;# 
    65  0099                     	;# 
    66  009C                     	;# 
    67  009D                     	;# 
    68  009E                     	;# 
    69  009F                     	;# 
    70  010C                     	;# 
    71  010D                     	;# 
    72  010E                     	;# 
    73  010F                     	;# 
    74  018C                     	;# 
    75  018D                     	;# 
    76  000C                     _PIR1bits	set	12
    77  001A                     _RCREG	set	26
    78  0019                     _TXREG	set	25
    79  0086                     _TRISB	set	134
    80                           
    81                           	psect	strings
    82  0003                     __pstrings:	
    83  0003                     stringtab:	
    84  0003                     __stringtab:	
    85  0003                     stringcode:	
    86                           ;	String table - string pointers are 1 byte each
    87                           
    88  0003                     stringdir:	
    89  0003  3000               	movlw	high stringdir
    90  0004  008A               	movwf	10
    91  0005  0804               	movf	4,w
    92  0006  0A84               	incf	4,f
    93  0007  0782               	addwf	2,f
    94  0008                     __stringbase:	
    95  0008  3400               	retlw	0
    96  0009                     __end_of__stringtab:	
    97  0009                     __stringdata:	
    98  0009                     STR_1:	
    99  0009  3454               	retlw	84	;'T'
   100  000A  3468               	retlw	104	;'h'
   101  000B  3469               	retlw	105	;'i'
   102  000C  3473               	retlw	115	;'s'
   103  000D  3420               	retlw	32	;' '
   104  000E  3469               	retlw	105	;'i'
   105  000F  3473               	retlw	115	;'s'
   106  0010  3420               	retlw	32	;' '
   107  0011  3461               	retlw	97	;'a'
   108  0012  3420               	retlw	32	;' '
   109  0013  3453               	retlw	83	;'S'
   110  0014  3474               	retlw	116	;'t'
   111  0015  3472               	retlw	114	;'r'
   112  0016  3469               	retlw	105	;'i'
   113  0017  346E               	retlw	110	;'n'
   114  0018  3467               	retlw	103	;'g'
   115  0019  3420               	retlw	32	;' '
   116  001A  3431               	retlw	49	;'1'
   117  001B  3432               	retlw	50	;'2'
   118  001C  3433               	retlw	51	;'3'
   119  001D  3400               	retlw	0
   120  001E                     __end_of__stringdata:	
   121                           
   122                           ; #config settings
   123  0000                     
   124                           	psect	cinit
   125  07FC                     start_initialization:	
   126  07FC                     __initialization:	
   127  07FC                     end_of_initialization:	
   128                           ;End of C runtime variable initialization code
   129                           
   130  07FC                     __end_of__initialization:	
   131  07FC  0183               	clrf	3
   132  07FD  120A  118A  2FD7   	ljmp	_main	;jump to C main() function
   133                           
   134                           	psect	cstackCOMMON
   135  0070                     __pcstackCOMMON:	
   136  0070                     ?_init:	
   137  0070                     ??_init:	
   138                           ; 0 bytes @ 0x0
   139                           
   140  0070                     ?_TX_poll:	
   141                           ; 0 bytes @ 0x0
   142                           
   143  0070                     ??_TX_poll:	
   144                           ; 0 bytes @ 0x0
   145                           
   146  0070                     ??_RX_poll:	
   147                           ; 0 bytes @ 0x0
   148                           
   149  0070                     ?_TX_print:	
   150                           ; 0 bytes @ 0x0
   151                           
   152  0070                     ?_TX_printline:	
   153                           ; 0 bytes @ 0x0
   154                           
   155  0070                     ?_RX_readline:	
   156                           ; 0 bytes @ 0x0
   157                           
   158  0070                     ?_RX_poll:	
   159                           ; 0 bytes @ 0x0
   160                           
   161  0070                     ?_main:	
   162                           ; 1 bytes @ 0x0
   163                           
   164  0070                     TX_poll@val:	
   165                           ; 2 bytes @ 0x0
   166                           
   167                           
   168                           ; 1 bytes @ 0x0
   169  0070                     	ds	1
   170  0071                     ??_TX_print:	
   171  0071                     RX_poll@ch:	
   172                           ; 0 bytes @ 0x1
   173                           
   174                           
   175                           ; 1 bytes @ 0x1
   176  0071                     	ds	1
   177  0072                     ??_RX_readline:	
   178  0072                     TX_print@str:	
   179                           ; 0 bytes @ 0x2
   180                           
   181                           
   182                           ; 1 bytes @ 0x2
   183  0072                     	ds	1
   184  0073                     ??_TX_printline:	
   185  0073                     TX_printline@str:	
   186                           ; 0 bytes @ 0x3
   187                           
   188                           
   189                           ; 1 bytes @ 0x3
   190  0073                     	ds	1
   191  0074                     RX_readline@ch:	
   192                           
   193                           ; 1 bytes @ 0x4
   194  0074                     	ds	1
   195  0075                     RX_readline@i:	
   196                           
   197                           ; 1 bytes @ 0x5
   198  0075                     	ds	1
   199  0076                     RX_readline@buff:	
   200                           
   201                           ; 1 bytes @ 0x6
   202  0076                     	ds	1
   203  0077                     ??_main:	
   204                           
   205                           ; 0 bytes @ 0x7
   206  0077                     	ds	3
   207                           
   208                           	psect	cstackBANK0
   209  0020                     __pcstackBANK0:	
   210  0020                     main@buff:	
   211                           
   212                           ; 10 bytes @ 0x0
   213  0020                     	ds	10
   214  002A                     main@str:	
   215                           
   216                           ; 1 bytes @ 0xA
   217  002A                     	ds	1
   218                           
   219                           	psect	maintext
   220  07D7                     __pmaintext:	
   221 ;;
   222 ;;Main: autosize = 0, tempsize = 3, incstack = 0, save=0
   223 ;;
   224 ;; *************** function _main *****************
   225 ;; Defined at:
   226 ;;		line 101 in file "C:\Users\Dinusha\Documents\PICProjects\PIC877AProjects\CProjects\Serial00\main.c"
   227 ;; Parameters:    Size  Location     Type
   228 ;;		None
   229 ;; Auto vars:     Size  Location     Type
   230 ;;  buff           10    0[BANK0 ] unsigned char [10]
   231 ;;  str             1   10[BANK0 ] PTR unsigned char 
   232 ;;		 -> STR_1(21), 
   233 ;;  ch              1    0        unsigned char 
   234 ;; Return value:  Size  Location     Type
   235 ;;                  2   42[COMMON] int 
   236 ;; Registers used:
   237 ;;		wreg, fsr0l, fsr0h, status,2, status,0, pclath, cstack
   238 ;; Tracked objects:
   239 ;;		On entry : 17F/0
   240 ;;		On exit  : 0/0
   241 ;;		Unchanged: 0/0
   242 ;; Data sizes:     COMMON   BANK0   BANK1   BANK3   BANK2
   243 ;;      Params:         0       0       0       0       0
   244 ;;      Locals:         0      11       0       0       0
   245 ;;      Temps:          3       0       0       0       0
   246 ;;      Totals:         3      11       0       0       0
   247 ;;Total ram usage:       14 bytes
   248 ;; Hardware stack levels required when called:    3
   249 ;; This function calls:
   250 ;;		_RX_readline
   251 ;;		_TX_printline
   252 ;;		_init
   253 ;; This function is called by:
   254 ;;		Startup code after reset
   255 ;; This function uses a non-reentrant model
   256 ;;
   257                           
   258                           
   259                           ;psect for function _main
   260  07D7                     _main:	
   261                           
   262                           ;main.c: 103: char *str = "This is a String 123";
   263                           
   264                           ;incstack = 0
   265                           ; Regs used in _main: [wreg-fsr0h+status,2+status,0+pclath+cstack]
   266  07D7  3001               	movlw	(STR_1-__stringbase)& (0+255)
   267  07D8  00F7               	movwf	??_main
   268  07D9  0877               	movf	??_main,w
   269  07DA  1283               	bcf	3,5	;RP0=0, select bank0
   270  07DB  1303               	bcf	3,6	;RP1=0, select bank0
   271  07DC  00AA               	movwf	main@str
   272                           
   273                           ;main.c: 104: char buff[10];
   274                           ;main.c: 105: char ch;
   275                           ;main.c: 107: init();
   276  07DD  120A  118A  279C   	fcall	_init
      +       120A  118A         
   277  07E2                     l585:	
   278                           ;main.c: 110: while( 1 ){
   279                           
   280                           
   281                           ;main.c: 117: RX_readline(&buff);
   282  07E2  3020               	movlw	main@buff& (0+255)
   283  07E3  120A  118A  27B3   	fcall	_RX_readline
      +       120A  118A         
   284                           
   285                           ;main.c: 118: TX_printline(&buff);
   286  07E8  3020               	movlw	main@buff& (0+255)
   287  07E9  120A  118A  2775   	fcall	_TX_printline
      +       120A  118A         
   288                           
   289                           ;main.c: 123: _delay((unsigned long)((100)*(20000000/4000.0)));
   290  07EE  3003               	movlw	3
   291  07EF  00F9               	movwf	??_main+2
   292  07F0  308A               	movlw	138
   293  07F1  00F8               	movwf	??_main+1
   294  07F2  3056               	movlw	86
   295  07F3  00F7               	movwf	??_main
   296  07F4                     u97:	
   297  07F4  0BF7               	decfsz	??_main,f
   298  07F5  2FF4               	goto	u97
   299  07F6  0BF8               	decfsz	??_main+1,f
   300  07F7  2FF4               	goto	u97
   301  07F8  0BF9               	decfsz	??_main+2,f
   302  07F9  2FF4               	goto	u97
   303  07FA  2FFB               	nop2
   304  07FB  2FE2               	goto	l585
   305  07FC                     __end_of_main:	
   306                           ;main.c: 124: }
   307                           ;main.c: 126: return 0;
   308                           ;	Return value of _main is never used
   309                           
   310                           
   311                           	psect	text1
   312  079C                     __ptext1:	
   313 ;; *************** function _init *****************
   314 ;; Defined at:
   315 ;;		line 8 in file "C:\Users\Dinusha\Documents\PICProjects\PIC877AProjects\CProjects\Serial00\main.c"
   316 ;; Parameters:    Size  Location     Type
   317 ;;		None
   318 ;; Auto vars:     Size  Location     Type
   319 ;;		None
   320 ;; Return value:  Size  Location     Type
   321 ;;		None               void
   322 ;; Registers used:
   323 ;;		wreg
   324 ;; Tracked objects:
   325 ;;		On entry : 0/0
   326 ;;		On exit  : 0/0
   327 ;;		Unchanged: 0/0
   328 ;; Data sizes:     COMMON   BANK0   BANK1   BANK3   BANK2
   329 ;;      Params:         0       0       0       0       0
   330 ;;      Locals:         0       0       0       0       0
   331 ;;      Temps:          0       0       0       0       0
   332 ;;      Totals:         0       0       0       0       0
   333 ;;Total ram usage:        0 bytes
   334 ;; Hardware stack levels used:    1
   335 ;; This function calls:
   336 ;;		Nothing
   337 ;; This function is called by:
   338 ;;		_main
   339 ;; This function uses a non-reentrant model
   340 ;;
   341                           
   342                           
   343                           ;psect for function _init
   344  079C                     _init:	
   345                           
   346                           ;main.c: 11: TRISB = 0x81;
   347                           
   348                           ;incstack = 0
   349                           ; Regs used in _init: [wreg]
   350  079C  3081               	movlw	129
   351  079D  1683               	bsf	3,5	;RP0=1, select bank1
   352  079E  1303               	bcf	3,6	;RP1=0, select bank1
   353  079F  0086               	movwf	6	;volatile
   354  07A0  1303 1283          	banksel	25	;# 
   355  07A2  0199               	clrf	25	;# 
   356  07A3  1303 1283          	banksel	26	;# 
   357  07A5  019A               	clrf	26	;# 
   358  07A6  1303 1683          	banksel	153	;# 
   359  07A8  3040               	movlw	64	;# 
   360  07A9  0099               	movwf	153	;# 
   361  07AA  1303 1683          	banksel	152	;# 
   362  07AC  3024               	movlw	36	;# 
   363  07AD  0098               	movwf	152	;# 
   364  07AE  1303 1283          	banksel	24	;# 
   365  07B0  3090               	movlw	144	;# 
   366  07B1  0098               	movwf	24	;# 
   367  07B2  0008               	return
   368  07B3                     __end_of_init:	
   369                           
   370                           	psect	text2
   371  0775                     __ptext2:	
   372 ;; *************** function _TX_printline *****************
   373 ;; Defined at:
   374 ;;		line 76 in file "C:\Users\Dinusha\Documents\PICProjects\PIC877AProjects\CProjects\Serial00\main.c"
   375 ;; Parameters:    Size  Location     Type
   376 ;;  str             1    wreg     PTR unsigned char 
   377 ;;		 -> main@buff(10), 
   378 ;; Auto vars:     Size  Location     Type
   379 ;;  str             1    3[COMMON] PTR unsigned char 
   380 ;;		 -> main@buff(10), 
   381 ;; Return value:  Size  Location     Type
   382 ;;		None               void
   383 ;; Registers used:
   384 ;;		wreg, fsr0l, fsr0h, status,2, status,0, pclath, cstack
   385 ;; Tracked objects:
   386 ;;		On entry : 0/0
   387 ;;		On exit  : 0/0
   388 ;;		Unchanged: 0/0
   389 ;; Data sizes:     COMMON   BANK0   BANK1   BANK3   BANK2
   390 ;;      Params:         0       0       0       0       0
   391 ;;      Locals:         1       0       0       0       0
   392 ;;      Temps:          0       0       0       0       0
   393 ;;      Totals:         1       0       0       0       0
   394 ;;Total ram usage:        1 bytes
   395 ;; Hardware stack levels used:    1
   396 ;; Hardware stack levels required when called:    2
   397 ;; This function calls:
   398 ;;		_TX_poll
   399 ;;		_TX_print
   400 ;; This function is called by:
   401 ;;		_main
   402 ;; This function uses a non-reentrant model
   403 ;;
   404                           
   405                           
   406                           ;psect for function _TX_printline
   407  0775                     _TX_printline:	
   408                           
   409                           ;incstack = 0
   410                           ; Regs used in _TX_printline: [wreg-fsr0h+status,2+status,0+pclath+cstack]
   411                           ;TX_printline@str stored from wreg
   412  0775  00F3               	movwf	TX_printline@str
   413                           
   414                           ;main.c: 78: TX_print( str );
   415  0776  0873               	movf	TX_printline@str,w
   416  0777  120A  118A  2787   	fcall	_TX_print
      +       120A  118A         
   417                           
   418                           ;main.c: 81: TX_poll( 0x0D );
   419  077C  300D               	movlw	13
   420  077D  120A  118A  2763   	fcall	_TX_poll
      +       120A  118A         
   421                           
   422                           ;main.c: 83: TX_poll( 0x0A );
   423  0782  300A               	movlw	10
   424  0783  120A  118A  2763   	fcall	_TX_poll
   425  0786  0008               	return
   426  0787                     __end_of_TX_printline:	
   427                           
   428                           	psect	text3
   429  0787                     __ptext3:	
   430 ;; *************** function _TX_print *****************
   431 ;; Defined at:
   432 ;;		line 69 in file "C:\Users\Dinusha\Documents\PICProjects\PIC877AProjects\CProjects\Serial00\main.c"
   433 ;; Parameters:    Size  Location     Type
   434 ;;  str             1    wreg     PTR unsigned char 
   435 ;;		 -> main@buff(10), 
   436 ;; Auto vars:     Size  Location     Type
   437 ;;  str             1    2[COMMON] PTR unsigned char 
   438 ;;		 -> main@buff(10), 
   439 ;; Return value:  Size  Location     Type
   440 ;;		None               void
   441 ;; Registers used:
   442 ;;		wreg, fsr0l, fsr0h, status,2, status,0, pclath, cstack
   443 ;; Tracked objects:
   444 ;;		On entry : 0/0
   445 ;;		On exit  : 0/0
   446 ;;		Unchanged: 0/0
   447 ;; Data sizes:     COMMON   BANK0   BANK1   BANK3   BANK2
   448 ;;      Params:         0       0       0       0       0
   449 ;;      Locals:         1       0       0       0       0
   450 ;;      Temps:          1       0       0       0       0
   451 ;;      Totals:         2       0       0       0       0
   452 ;;Total ram usage:        2 bytes
   453 ;; Hardware stack levels used:    1
   454 ;; Hardware stack levels required when called:    1
   455 ;; This function calls:
   456 ;;		_TX_poll
   457 ;; This function is called by:
   458 ;;		_TX_printline
   459 ;; This function uses a non-reentrant model
   460 ;;
   461                           
   462                           
   463                           ;psect for function _TX_print
   464  0787                     _TX_print:	
   465                           
   466                           ;incstack = 0
   467                           ; Regs used in _TX_print: [wreg-fsr0h+status,2+status,0+pclath+cstack]
   468                           ;TX_print@str stored from wreg
   469  0787  00F2               	movwf	TX_print@str
   470  0788                     l563:	
   471                           ;main.c: 71: while( *(++str) != '\0' ){
   472                           
   473  0788  3001               	movlw	1
   474  0789  00F1               	movwf	??_TX_print
   475  078A  0871               	movf	??_TX_print,w
   476  078B  07F2               	addwf	TX_print@str,f
   477  078C  0872               	movf	TX_print@str,w
   478  078D  0084               	movwf	4
   479  078E  1383               	bcf	3,7	;select IRP bank0
   480  078F  0880               	movf	0,f
   481  0790  1903               	btfsc	3,2
   482  0791  0008               	return
   483                           
   484                           ;main.c: 72: TX_poll( *str );
   485  0792  0872               	movf	TX_print@str,w
   486  0793  0084               	movwf	4
   487  0794  1383               	bcf	3,7	;select IRP bank0
   488  0795  0800               	movf	0,w
   489  0796  120A  118A  2763   	fcall	_TX_poll
      +       120A  118A         
   490  079B  2F88               	goto	l563
   491  079C                     __end_of_TX_print:	
   492                           
   493                           	psect	text4
   494  07B3                     __ptext4:	
   495 ;; *************** function _RX_readline *****************
   496 ;; Defined at:
   497 ;;		line 86 in file "C:\Users\Dinusha\Documents\PICProjects\PIC877AProjects\CProjects\Serial00\main.c"
   498 ;; Parameters:    Size  Location     Type
   499 ;;  buff            1    wreg     PTR unsigned char 
   500 ;;		 -> main@buff(10), 
   501 ;; Auto vars:     Size  Location     Type
   502 ;;  buff            1    6[COMMON] PTR unsigned char 
   503 ;;		 -> main@buff(10), 
   504 ;;  i               1    5[COMMON] unsigned char 
   505 ;;  ch              1    4[COMMON] unsigned char 
   506 ;; Return value:  Size  Location     Type
   507 ;;		None               void
   508 ;; Registers used:
   509 ;;		wreg, fsr0l, fsr0h, status,2, status,0, pclath, cstack
   510 ;; Tracked objects:
   511 ;;		On entry : 0/0
   512 ;;		On exit  : 0/0
   513 ;;		Unchanged: 0/0
   514 ;; Data sizes:     COMMON   BANK0   BANK1   BANK3   BANK2
   515 ;;      Params:         0       0       0       0       0
   516 ;;      Locals:         3       0       0       0       0
   517 ;;      Temps:          2       0       0       0       0
   518 ;;      Totals:         5       0       0       0       0
   519 ;;Total ram usage:        5 bytes
   520 ;; Hardware stack levels used:    1
   521 ;; Hardware stack levels required when called:    1
   522 ;; This function calls:
   523 ;;		_RX_poll
   524 ;;		_TX_poll
   525 ;; This function is called by:
   526 ;;		_main
   527 ;; This function uses a non-reentrant model
   528 ;;
   529                           
   530                           
   531                           ;psect for function _RX_readline
   532  07B3                     _RX_readline:	
   533                           
   534                           ;incstack = 0
   535                           ; Regs used in _RX_readline: [wreg-fsr0h+status,2+status,0+pclath+cstack]
   536                           ;RX_readline@buff stored from wreg
   537  07B3  00F6               	movwf	RX_readline@buff
   538                           
   539                           ;main.c: 88: char ch;
   540                           ;main.c: 89: char i = 0;
   541  07B4  01F5               	clrf	RX_readline@i
   542  07B5                     l571:	
   543                           ;main.c: 91: while( (ch = RX_poll()) != 0x0D ){
   544                           
   545  07B5  120A  118A  276B   	fcall	_RX_poll
      +       120A  118A         
   546  07BA  00F4               	movwf	RX_readline@ch
   547  07BB  3A0D               	xorlw	13
   548  07BC  1903               	btfsc	3,2
   549  07BD  2FCF               	goto	l573
   550                           
   551                           ;main.c: 92: buff[i] = ch;
   552  07BE  0874               	movf	RX_readline@ch,w
   553  07BF  00F2               	movwf	??_RX_readline
   554  07C0  0875               	movf	RX_readline@i,w
   555  07C1  0776               	addwf	RX_readline@buff,w
   556  07C2  00F3               	movwf	??_RX_readline+1
   557  07C3  0873               	movf	??_RX_readline+1,w
   558  07C4  0084               	movwf	4
   559  07C5  0872               	movf	??_RX_readline,w
   560  07C6  1383               	bcf	3,7	;select IRP bank0
   561  07C7  0080               	movwf	0
   562                           
   563                           ;main.c: 93: TX_poll(ch);
   564  07C8  0874               	movf	RX_readline@ch,w
   565  07C9  120A  118A  2763   	fcall	_TX_poll
      +       120A  118A         
   566  07CE  2FB5               	goto	l571
   567  07CF                     l573:	
   568                           
   569                           ;main.c: 96: }
   570                           ;main.c: 98: buff[i] = '\0';
   571  07CF  0875               	movf	RX_readline@i,w
   572  07D0  0776               	addwf	RX_readline@buff,w
   573  07D1  00F2               	movwf	??_RX_readline
   574  07D2  0872               	movf	??_RX_readline,w
   575  07D3  0084               	movwf	4
   576  07D4  1383               	bcf	3,7	;select IRP bank0
   577  07D5  0180               	clrf	0
   578  07D6  0008               	return
   579  07D7                     __end_of_RX_readline:	
   580                           
   581                           	psect	text5
   582  0763                     __ptext5:	
   583 ;; *************** function _TX_poll *****************
   584 ;; Defined at:
   585 ;;		line 36 in file "C:\Users\Dinusha\Documents\PICProjects\PIC877AProjects\CProjects\Serial00\main.c"
   586 ;; Parameters:    Size  Location     Type
   587 ;;  val             1    wreg     unsigned char 
   588 ;; Auto vars:     Size  Location     Type
   589 ;;  val             1    0[COMMON] unsigned char 
   590 ;; Return value:  Size  Location     Type
   591 ;;		None               void
   592 ;; Registers used:
   593 ;;		wreg
   594 ;; Tracked objects:
   595 ;;		On entry : 0/0
   596 ;;		On exit  : 0/0
   597 ;;		Unchanged: 0/0
   598 ;; Data sizes:     COMMON   BANK0   BANK1   BANK3   BANK2
   599 ;;      Params:         0       0       0       0       0
   600 ;;      Locals:         1       0       0       0       0
   601 ;;      Temps:          0       0       0       0       0
   602 ;;      Totals:         1       0       0       0       0
   603 ;;Total ram usage:        1 bytes
   604 ;; Hardware stack levels used:    1
   605 ;; This function calls:
   606 ;;		Nothing
   607 ;; This function is called by:
   608 ;;		_TX_print
   609 ;;		_TX_printline
   610 ;;		_RX_readline
   611 ;; This function uses a non-reentrant model
   612 ;;
   613                           
   614                           
   615                           ;psect for function _TX_poll
   616  0763                     _TX_poll:	
   617                           
   618                           ;incstack = 0
   619                           ; Regs used in _TX_poll: [wreg]
   620                           ;TX_poll@val stored from wreg
   621  0763  00F0               	movwf	TX_poll@val
   622  0764                     l16:	
   623                           ;main.c: 45: while( PIR1bits.TXIF == 0 );
   624                           
   625  0764  1283               	bcf	3,5	;RP0=0, select bank0
   626  0765  1303               	bcf	3,6	;RP1=0, select bank0
   627  0766  1E0C               	btfss	12,4	;volatile
   628  0767  2F64               	goto	l16
   629                           
   630                           ;main.c: 55: TXREG = val;
   631  0768  0870               	movf	TX_poll@val,w
   632  0769  0099               	movwf	25	;volatile
   633  076A  0008               	return
   634  076B                     __end_of_TX_poll:	
   635                           
   636                           	psect	text6
   637  076B                     __ptext6:	
   638 ;; *************** function _RX_poll *****************
   639 ;; Defined at:
   640 ;;		line 59 in file "C:\Users\Dinusha\Documents\PICProjects\PIC877AProjects\CProjects\Serial00\main.c"
   641 ;; Parameters:    Size  Location     Type
   642 ;;		None
   643 ;; Auto vars:     Size  Location     Type
   644 ;;  ch              1    1[COMMON] unsigned char 
   645 ;; Return value:  Size  Location     Type
   646 ;;                  1    wreg      unsigned char 
   647 ;; Registers used:
   648 ;;		wreg
   649 ;; Tracked objects:
   650 ;;		On entry : 0/0
   651 ;;		On exit  : 0/0
   652 ;;		Unchanged: 0/0
   653 ;; Data sizes:     COMMON   BANK0   BANK1   BANK3   BANK2
   654 ;;      Params:         0       0       0       0       0
   655 ;;      Locals:         1       0       0       0       0
   656 ;;      Temps:          1       0       0       0       0
   657 ;;      Totals:         2       0       0       0       0
   658 ;;Total ram usage:        2 bytes
   659 ;; Hardware stack levels used:    1
   660 ;; This function calls:
   661 ;;		Nothing
   662 ;; This function is called by:
   663 ;;		_RX_readline
   664 ;; This function uses a non-reentrant model
   665 ;;
   666                           
   667                           
   668                           ;psect for function _RX_poll
   669  076B                     _RX_poll:	
   670  076B                     l22:	
   671                           ;main.c: 61: char ch;
   672                           ;main.c: 63: while( PIR1bits.RCIF == 0 );
   673                           
   674                           ;incstack = 0
   675                           ; Regs used in _RX_poll: [wreg]
   676                           
   677  076B  1283               	bcf	3,5	;RP0=0, select bank0
   678  076C  1303               	bcf	3,6	;RP1=0, select bank0
   679  076D  1E8C               	btfss	12,5	;volatile
   680  076E  2F6B               	goto	l22
   681                           
   682                           ;main.c: 65: ch = RCREG;
   683  076F  081A               	movf	26,w	;volatile
   684  0770  00F0               	movwf	??_RX_poll
   685  0771  0870               	movf	??_RX_poll,w
   686  0772  00F1               	movwf	RX_poll@ch
   687                           
   688                           ;main.c: 66: return ch;
   689  0773  0871               	movf	RX_poll@ch,w
   690  0774  0008               	return
   691  0775                     __end_of_RX_poll:	
   692  007E                     btemp	set	126	;btemp
   693  007E                     wtemp	set	126
   694  007E                     wtemp0	set	126
   695  0080                     wtemp1	set	128
   696  0082                     wtemp2	set	130
   697  0084                     wtemp3	set	132
   698  0086                     wtemp4	set	134
   699  0088                     wtemp5	set	136
   700  007F                     wtemp6	set	127
   701  007E                     ttemp	set	126
   702  007E                     ttemp0	set	126
   703  0081                     ttemp1	set	129
   704  0084                     ttemp2	set	132
   705  0087                     ttemp3	set	135
   706  007F                     ttemp4	set	127
   707  007E                     ltemp	set	126
   708  007E                     ltemp0	set	126
   709  0082                     ltemp1	set	130
   710  0086                     ltemp2	set	134
   711  0080                     ltemp3	set	128


Data Sizes:
    Strings     21
    Constant    0
    Data        0
    BSS         0
    Persistent  0
    Stack       0

Auto Spaces:
    Space          Size  Autos    Used
    COMMON           14     10      10
    BANK0            80     11      11
    BANK1            80      0       0
    BANK3            96      0       0
    BANK2            96      0       0

Pointer List with Targets:

    main@str	PTR unsigned char  size(1) Largest target is 21
		 -> STR_1(CODE[21]), 

    RX_readline@buff	PTR unsigned char  size(1) Largest target is 10
		 -> main@buff(BANK0[10]), 

    TX_printline@str	PTR unsigned char  size(1) Largest target is 10
		 -> main@buff(BANK0[10]), 

    TX_print@str	PTR unsigned char  size(1) Largest target is 10
		 -> main@buff(BANK0[10]), 


Critical Paths under _main in COMMON

    _main->_RX_readline
    _TX_printline->_TX_print
    _TX_print->_TX_poll
    _RX_readline->_RX_poll

Critical Paths under _main in BANK0

    None.

Critical Paths under _main in BANK1

    None.

Critical Paths under _main in BANK3

    None.

Critical Paths under _main in BANK2

    None.

Call Graph Tables:

 ---------------------------------------------------------------------------------
 (Depth) Function   	        Calls       Base Space   Used Autos Params    Refs
 ---------------------------------------------------------------------------------
 (0) _main                                                15    15      0     421
                                              7 COMMON     3     3      0
                                              0 BANK0     11    11      0
                        _RX_readline
                       _TX_printline
                               _init
 ---------------------------------------------------------------------------------
 (1) _init                                                 0     0      0       0
 ---------------------------------------------------------------------------------
 (1) _TX_printline                                         1     1      0     164
                                              3 COMMON     1     1      0
                            _TX_poll
                           _TX_print
 ---------------------------------------------------------------------------------
 (2) _TX_print                                             2     2      0      93
                                              1 COMMON     2     2      0
                            _TX_poll
 ---------------------------------------------------------------------------------
 (1) _RX_readline                                          5     5      0     206
                                              2 COMMON     5     5      0
                            _RX_poll
                            _TX_poll
 ---------------------------------------------------------------------------------
 (3) _TX_poll                                              1     1      0      22
                                              0 COMMON     1     1      0
 ---------------------------------------------------------------------------------
 (2) _RX_poll                                              2     2      0      23
                                              0 COMMON     2     2      0
 ---------------------------------------------------------------------------------
 Estimated maximum stack depth 3
 ---------------------------------------------------------------------------------

 Call Graph Graphs:

 _main (ROOT)
   _RX_readline
     _RX_poll
     _TX_poll
   _TX_printline
     _TX_poll
     _TX_print
       _TX_poll
   _init

 Address spaces:
Name               Size   Autos  Total    Cost      Usage
BITCOMMON            E      0       0       0        0.0%
EEDATA             100      0       0       0        0.0%
NULL                 0      0       0       0        0.0%
CODE                 0      0       0       0        0.0%
COMMON               E      A       A       1       71.4%
BITSFR0              0      0       0       1        0.0%
SFR0                 0      0       0       1        0.0%
BITSFR1              0      0       0       2        0.0%
SFR1                 0      0       0       2        0.0%
STACK                0      0       0       2        0.0%
ABS                  0      0       0       3        0.0%
BITBANK0            50      0       0       4        0.0%
BITSFR3              0      0       0       4        0.0%
SFR3                 0      0       0       4        0.0%
BANK0               50      B       B       5       13.8%
BITSFR2              0      0       0       5        0.0%
SFR2                 0      0       0       5        0.0%
BITBANK1            50      0       0       6        0.0%
BANK1               50      0       0       7        0.0%
BITBANK3            60      0       0       8        0.0%
BANK3               60      0       0       9        0.0%
BITBANK2            60      0       0      10        0.0%
BANK2               60      0       0      11        0.0%
DATA                 0      0       0      12        0.0%


Microchip Technology PIC Macro Assembler V1.30 build 55553 
Symbol Table                                                                                   Mon Jul 07 21:26:19 2014

          ??_RX_readline 0072                        pc 0002              __CFG_CP$OFF 0000  
                     l22 076B                       l16 0764                       u97 07F4  
                     fsr 0004                      l571 07B5                      l563 0788  
                    l573 07CF                      l585 07E2             __CFG_CPD$OFF 0000  
                    fsr0 0004                      indf 0000             __CFG_FOSC$HS 0000  
             TX_poll@val 0070             __CFG_LVP$OFF 0000                     RCREG 001A  
                   RCSTA 0018                     SPBRG 0099                     STR_1 0009  
                   TXREG 0019            ?_TX_printline 0070                     TXSTA 0098  
                   _main 07D7                     _init 079C                     btemp 007E  
          __CFG_BOREN$ON 0000                     ltemp 007E                     start 0000  
                   ttemp 007E                     wtemp 007E          __end_of_RX_poll 0775  
        __end_of_TX_poll 076B              TX_print@str 0072                    ?_main 0070  
                  ?_init 0070            __CFG_WDTE$OFF 0000      __end_of_RX_readline 07D7  
                  _RCREG 001A                    _TRISB 0086                    _TXREG 0019  
          __CFG_PWRTE$ON 0000           ??_TX_printline 0073                    pclath 000A  
                  ltemp0 007E                    ltemp1 0082                    ltemp2 0086  
                  ltemp3 0080                    ttemp0 007E                    ttemp1 0081  
                  ttemp2 0084                    ttemp3 0087                    ttemp4 007F  
                  status 0003                    wtemp0 007E                    wtemp1 0080  
                  wtemp2 0082                    wtemp3 0084                    wtemp4 0086  
                  wtemp5 0088                    wtemp6 007F          __initialization 07FC  
           __end_of_main 07FC             __end_of_init 07B3         __end_of_TX_print 079C  
                 ??_main 0077                   ??_init 0070                ??_RX_poll 0070  
              ??_TX_poll 0070              _RX_readline 07B3  __end_of__initialization 07FC  
         __pcstackCOMMON 0070     __end_of_TX_printline 0787          TX_printline@str 0073  
              ?_TX_print 0070               __pmaintext 07D7               __stringtab 0003  
             ??_TX_print 0071                  _RX_poll 076B                  _TX_poll 0763  
                __ptext1 079C                  __ptext2 0775                  __ptext3 0787  
                __ptext4 07B3                  __ptext5 0763                  __ptext6 076B  
                main@str 002A     end_of_initialization 07FC    __size_of_TX_printline 0012  
           ?_RX_readline 0070                RX_poll@ch 0071             _TX_printline 0775  
    start_initialization 07FC        __size_of_TX_print 0015                ___latbits 0002  
          __pcstackBANK0 0020      __end_of__stringdata 001E          RX_readline@buff 0076  
               ?_RX_poll 0070                 ?_TX_poll 0070     __size_of_RX_readline 0024  
              __pstrings 0003                 _PIR1bits 000C              __stringbase 0008  
            __stringdata 0009                 _TX_print 0787         __size_of_RX_poll 000A  
       __size_of_TX_poll 0008       __end_of__stringtab 0009            __size_of_main 0025  
          __size_of_init 0017                 main@buff 0020            RX_readline@ch 0074  
              stringcode 0003             RX_readline@i 0075                 stringdir 0003  
               stringtab 0003  
