MPASM  5.43                          MAIN.ASM   1-5-2014  15:20:22         PAGE  1


LOC  OBJECT CODE     LINE SOURCE TEXT
  VALUE

                      00001 ;**********************************************************************
                      00002 ;   This file is a basic code template for object module code         *
                      00003 ;   generation on the PIC16F628A. This file contains the              *
                      00004 ;   basic code building blocks to build upon.                         *
                      00005 ;                                                                     *
                      00006 ;   Refer to the MPASM User's Guide for additional information on     *
                      00007 ;   features of the assembler and linker (Document DS33014).          *
                      00008 ;                                                                     *
                      00009 ;   Refer to the respective PIC data sheet for additional             *
                      00010 ;   information on the instruction set.                               *
                      00011 ;                                                                     *
                      00012 ;**********************************************************************
                      00013 ;                                                                     *
                      00014 ;    Filename:        main.asm                                         *
                      00015 ;    Date:                                                            *
                      00016 ;    File Version:                                                    *
                      00017 ;                                                                     *
                      00018 ;    Author:                                                          *
                      00019 ;    Company:                                                         *
                      00020 ;                                                                     *
                      00021 ;                                                                     *
                      00022 ;**********************************************************************
                      00023 ;                                                                     *
                      00024 ;    Files required: P16F628A.INC                                     *
                      00025 ;                                                                     *
                      00026 ;**********************************************************************
                      00027 ;                                                                     *
                      00028 ;    Notes: Signal Light Demo                                                          *
                      00029 ;                                                                     *
                      00030 ;**********************************************************************
                      00031 
                      00032     list      p=16F628A           ; list directive to define processor
                      00033     #include <p16F628A.inc>       ; processor specific variable definitions
                      00001         LIST
                      00002 
                      00003 ;==========================================================================
                      00004 ;  MPASM PIC16F628A processor include
                      00005 ; 
                      00006 ;  (c) Copyright 1999-2011 Microchip Technology, All rights reserved
                      00007 ;==========================================================================
                      00008 
                      00383         LIST
                      00034 
                      00035     errorlevel  -302              ; suppress message 302 from list file
                      00036 
                      00037     ;__CONFIG   _CP_OFF & _DATA_CP_OFF & _LVP_OFF & _BOREN_OFF & _MCLRE_ON & _WDT_OFF & _PWRTE_ON & _INT
                            OSC_OSC_NOCLKOUT 
2007   3F61           00038         __CONFIG   _XT_OSC & _LVP_OFF & _WDT_OFF & _PWRTE_ON & _BODEN_ON
                      00039 
                      00040 ; '__CONFIG' directive is used to embed configuration word within .asm file.
                      00041 ; The lables following the directive are located in the respective .inc file.
                      00042 ; See data sheet for additional information on configuration word settings.
                      00043 
MPASM  5.43                          MAIN.ASM   1-5-2014  15:20:22         PAGE  2


LOC  OBJECT CODE     LINE SOURCE TEXT
  VALUE

                      00044 ;***** VARIABLE DEFINITIONS (examples)
                      00045 
                      00046 ; example of using Shared Uninitialized Data Section
                      00047 INT_VAR        UDATA_SHR     
0000                  00048 w_temp         RES     1        ; variable used for context saving 
0001                  00049 status_temp    RES     1        ; variable used for context saving
0002                  00050 scale_value             RES             1
0003                  00051 time_scaler             RES             1
                      00052 
                      00053 ; Constants
                      00054 #define RED_LIGHT               PORTB, RB0
                      00055 #define YELLOW_LIGHT    PORTB, RB1
                      00056 #define GREEN_LIGHT             PORTB, RB2
                      00057 
                      00058 
                      00059 ;**********************************************************************
                      00060 RESET_VECTOR    CODE   0x0000     ; processor reset vector
0000   2???           00061         goto    START             ; go to beginning of program
                      00062     
                      00063 INT_VECTOR    CODE    0x0004      ; interrupt vector location
                      00064 
0004                  00065 INTERRUPT
                      00066 
0004   00??           00067         movwf   w_temp            ; save off current W register contents
0005   0803           00068         movf    STATUS,w          ; move status register into W register
0006   00??           00069         movwf   status_temp       ; save off contents of STATUS register
                      00070 
                      00071 
                      00072 ; isr code can go here or be located as a call subroutine elsewhere
                      00073 
                      00074 
0007   08??           00075         movf    status_temp,w     ; retrieve copy of STATUS register
0008   0083           00076         movwf   STATUS            ; restore pre-isr STATUS register contents
0009   0E??           00077         swapf   w_temp,f
000A   0E??           00078         swapf   w_temp,w          ; restore pre-isr W register contents
000B   0009           00079         retfie                    ; return from interrupt
                      00080 
                      00081 MAIN_PROG     CODE
                      00082 
0000                  00083 START
0000   3007           00084                 movlw   0x07                            ; Turning off comparators
0001   009F           00085                 movwf   CMCON
                      00086 
0002   0186           00087                 clrf    PORTB                           ; Setting port output low
                      00088 
0003   0181           00089                 clrf    TMR0                            ; Clearing the Timer0 value
                      00090 
0004   1683           00091                 bsf             STATUS, RP0                     ; Switching to Bank 1
0005   0186           00092                 clrf    TRISB                           ; Setting output driver
                      00093                 
0006   0064           00094                 clrwdt
                      00095 
0007   3007           00096                 movlw   b'00000111'
MPASM  5.43                          MAIN.ASM   1-5-2014  15:20:22         PAGE  3


LOC  OBJECT CODE     LINE SOURCE TEXT
  VALUE

                      00097                                  ;--0-----
                      00098                                  ;----0---
                      00099                                  ;-----1--
                      00100                                  ;------1-
                      00101                                  ;-------1
Warning[224]: Use of this instruction is not recommended.
0008   0062           00102                 option
                      00103                 
0009   0064           00104                 clrwdt
                      00105 
000A   1283           00106                 bcf             STATUS, RP0                     ; Switching back to Bank 0
                      00107 
                      00108                 ; Turning off all lights
000B   1006           00109                 bcf             RED_LIGHT
000C   1086           00110                 bcf             YELLOW_LIGHT
000D   1106           00111                 bcf             GREEN_LIGHT
                      00112 
000E                  00113 MAINLOOP                
000E   1406           00114                 bsf             RED_LIGHT
                      00115 
000F   3078           00116                 movlw   .120
0010   2???           00117                 call DELAY
                      00118 
0011   1006           00119                 bcf             RED_LIGHT
                      00120 
0012   3001           00121                 movlw   .1
0013   2???           00122                 call DELAY
                      00123 
                      00124                 ;bsf            YELLOW_LIGHT
                      00125 
                      00126                 ;movlw  .1
                      00127                 ;call DELAY
                      00128 
                      00129                 ;bcf            YELLOW_LIGHT
                      00130 
                      00131                 ;movlw  .1
                      00132                 ;call DELAY
                      00133 
0014   1506           00134                 bsf             GREEN_LIGHT
                      00135 
0015   3078           00136                 movlw   .120
0016   2???           00137                 call DELAY
                      00138 
0017   1106           00139                 bcf             GREEN_LIGHT
                      00140 
                      00141                 ;movlw  .40
                      00142                 ;call DELAY
                      00143 
0018   2???           00144                 goto    MAINLOOP
                      00145         ;goto     $                ; loop forever
                      00146 
0019                  00147 DELAY
0019   00??           00148                 movwf   scale_value
MPASM  5.43                          MAIN.ASM   1-5-2014  15:20:22         PAGE  4


LOC  OBJECT CODE     LINE SOURCE TEXT
  VALUE

001A   01??           00149                 clrf    time_scaler
001B                  00150 tmr_clr
001B   0181           00151                 clrf    TMR0
                      00152                 
001C                  00153 tmr_loop
001C   0801           00154                 movf    TMR0, w
001D   3A50           00155                 xorlw   .80                                             ; Delay = prescale ratio * scale
                            _value
                      00156                                                                                 ; i.e. 256 * 40 = 10ms
001E   1D03           00157                 btfss   STATUS, Z
001F   2???           00158                 goto    tmr_loop
0020   0A??           00159                 incf    time_scaler, f
0021   08??           00160                 movf    time_scaler, w                          ; Total Delay = 10ms * 10 = 1000ms
0022   3A3C           00161                 xorlw   .60
0023   1903           00162                 btfsc   STATUS, Z
0024   1486           00163                 bsf             YELLOW_LIGHT
0025   08??           00164                 movf    scale_value, w                          ; Total Delay = 10ms * 10 = 1000ms
Message[305]: Using default destination of 1 (file).
0026   06??           00165                 xorwf   time_scaler
0027   1D03           00166                 btfss   STATUS, Z
0028   2???           00167                 goto    tmr_clr
0029   1086           00168                 bcf             YELLOW_LIGHT
                      00169                 
002A   0008           00170                 return
                      00171 
                      00172 ; initialize eeprom locations
                      00173 
                      00174 EE        CODE    0x2100
2100   0000 0001 0002 00175         DE    0x00, 0x01, 0x02, 0x03
       0003 
                      00176 
3F61                  00177         END                       ; directive 'end of program'
MPASM  5.43                          MAIN.ASM   1-5-2014  15:20:22         PAGE  5


SYMBOL TABLE
  LABEL                             VALUE 

ADDEN                             00000003
ADEN                              00000003
BRGH                              00000002
C                                 00000000
C1INV                             00000004
C1OUT                             00000006
C2INV                             00000005
C2OUT                             00000007
CCP1CON                           00000017
CCP1IE                            00000002
CCP1IF                            00000002
CCP1M0                            00000000
CCP1M1                            00000001
CCP1M2                            00000002
CCP1M3                            00000003
CCP1X                             00000005
CCP1Y                             00000004
CCPR1                             00000015
CCPR1H                            00000016
CCPR1L                            00000015
CIS                               00000003
CM0                               00000000
CM1                               00000001
CM2                               00000002
CMCON                             0000001F
CMIE                              00000006
CMIF                              00000006
CREN                              00000004
CSRC                              00000007
DATA_CP_OFF                       00003FFF
DATA_CP_ON                        00003EFF
DC                                00000001
DELAY                             00000019
EEADR                             0000009B
EECON1                            0000009C
EECON2                            0000009D
EEDATA                            0000009A
EEIE                              00000007
EEIF                              00000007
F                                 00000001
FERR                              00000002
FSR                               00000004
GIE                               00000007
GREEN_LIGHT                       PORTB, RB2
INDF                              00000000
INTCON                            0000000B
INTE                              00000004
INTEDG                            00000006
INTERRUPT                         00000004
INTF                              00000001
IRP                               00000007
MAINLOOP                          0000000E
NOT_BO                            00000000
MPASM  5.43                          MAIN.ASM   1-5-2014  15:20:22         PAGE  6


SYMBOL TABLE
  LABEL                             VALUE 

NOT_BOD                           00000000
NOT_BOR                           00000000
NOT_PD                            00000003
NOT_POR                           00000001
NOT_RBPU                          00000007
NOT_T1SYNC                        00000002
NOT_TO                            00000004
OERR                              00000001
OPTION_REG                        00000081
OSCF                              00000003
PCL                               00000002
PCLATH                            0000000A
PCON                              0000008E
PEIE                              00000006
PIE1                              0000008C
PIR1                              0000000C
PORTA                             00000005
PORTB                             00000006
PR2                               00000092
PS0                               00000000
PS1                               00000001
PS2                               00000002
PSA                               00000003
RA0                               00000000
RA1                               00000001
RA2                               00000002
RA3                               00000003
RA4                               00000004
RA5                               00000005
RA6                               00000006
RA7                               00000007
RB0                               00000000
RB1                               00000001
RB2                               00000002
RB3                               00000003
RB4                               00000004
RB5                               00000005
RB6                               00000006
RB7                               00000007
RBIE                              00000003
RBIF                              00000000
RCIE                              00000005
RCIF                              00000005
RCREG                             0000001A
RCSTA                             00000018
RD                                00000000
RED_LIGHT                         PORTB, RB0
RP0                               00000005
RP1                               00000006
RX9                               00000006
RX9D                              00000000
SPBRG                             00000099
SPEN                              00000007
MPASM  5.43                          MAIN.ASM   1-5-2014  15:20:22         PAGE  7


SYMBOL TABLE
  LABEL                             VALUE 

SREN                              00000005
START                             00000000
STATUS                            00000003
SYNC                              00000004
T0CS                              00000005
T0IE                              00000005
T0IF                              00000002
T0SE                              00000004
T1CKPS0                           00000004
T1CKPS1                           00000005
T1CON                             00000010
T1OSCEN                           00000003
T2CKPS0                           00000000
T2CKPS1                           00000001
T2CON                             00000012
TMR0                              00000001
TMR0IE                            00000005
TMR0IF                            00000002
TMR1CS                            00000001
TMR1H                             0000000F
TMR1IE                            00000000
TMR1IF                            00000000
TMR1L                             0000000E
TMR1ON                            00000000
TMR2                              00000011
TMR2IE                            00000001
TMR2IF                            00000001
TMR2ON                            00000002
TOUTPS0                           00000003
TOUTPS1                           00000004
TOUTPS2                           00000005
TOUTPS3                           00000006
TRISA                             00000085
TRISA0                            00000000
TRISA1                            00000001
TRISA2                            00000002
TRISA3                            00000003
TRISA4                            00000004
TRISA5                            00000005
TRISA6                            00000006
TRISA7                            00000007
TRISB                             00000086
TRISB0                            00000000
TRISB1                            00000001
TRISB2                            00000002
TRISB3                            00000003
TRISB4                            00000004
TRISB5                            00000005
TRISB6                            00000006
TRISB7                            00000007
TRMT                              00000001
TX9                               00000006
TX9D                              00000000
MPASM  5.43                          MAIN.ASM   1-5-2014  15:20:22         PAGE  8


SYMBOL TABLE
  LABEL                             VALUE 

TXEN                              00000005
TXIE                              00000004
TXIF                              00000004
TXREG                             00000019
TXSTA                             00000098
VR0                               00000000
VR1                               00000001
VR2                               00000002
VR3                               00000003
VRCON                             0000009F
VREN                              00000007
VROE                              00000006
VRR                               00000005
W                                 00000000
WR                                00000001
WREN                              00000002
WRERR                             00000003
YELLOW_LIGHT                      PORTB, RB1
Z                                 00000002
_BODEN_OFF                        00003FBF
_BODEN_ON                         00003FFF
_BOREN_OFF                        00003FBF
_BOREN_ON                         00003FFF
_CONFIG                           00002007
_CPD_OFF                          00003FFF
_CPD_ON                           00003EFF
_CP_OFF                           00003FFF
_CP_ON                            00001FFF
_DEVID1                           00002006
_ER_OSC_CLKOUT                    00003FFF
_ER_OSC_NOCLKOUT                  00003FFE
_EXTCLK_OSC                       00003FEF
_FOSC_ECIO                        00003FEF
_FOSC_EXTRCCLK                    00003FFF
_FOSC_EXTRCIO                     00003FFE
_FOSC_HS                          00003FEE
_FOSC_INTOSCCLK                   00003FFD
_FOSC_INTOSCIO                    00003FFC
_FOSC_LP                          00003FEC
_FOSC_XT                          00003FED
_HS_OSC                           00003FEE
_IDLOC0                           00002000
_IDLOC1                           00002001
_IDLOC2                           00002002
_IDLOC3                           00002003
_INTOSC_OSC_CLKOUT                00003FFD
_INTOSC_OSC_NOCLKOUT              00003FFC
_INTRC_OSC_CLKOUT                 00003FFD
_INTRC_OSC_NOCLKOUT               00003FFC
_LP_OSC                           00003FEC
_LVP_OFF                          00003F7F
_LVP_ON                           00003FFF
_MCLRE_OFF                        00003FDF
MPASM  5.43                          MAIN.ASM   1-5-2014  15:20:22         PAGE  9


SYMBOL TABLE
  LABEL                             VALUE 

_MCLRE_ON                         00003FFF
_PWRTE_OFF                        00003FFF
_PWRTE_ON                         00003FF7
_RC_OSC_CLKOUT                    00003FFF
_RC_OSC_NOCLKOUT                  00003FFE
_WDTE_OFF                         00003FFB
_WDTE_ON                          00003FFF
_WDT_OFF                          00003FFB
_WDT_ON                           00003FFF
_XT_OSC                           00003FED
__16F628A                         00000001
__DEBUG                           1
scale_value                       00000002
status_temp                       00000001
time_scaler                       00000003
tmr_clr                           0000001B
tmr_loop                          0000001C
w_temp                            00000000

Errors   :     0
Warnings :     1 reported,     0 suppressed
Messages :     1 reported,     1 suppressed

