

Microchip Technology PIC LITE Macro Assembler V1.30 build 55553 
                                                                                               Mon May 12 22:59:42 2014

Microchip Technology Omniscient Code Generator (Lite mode) build 55553
     1                           	processor	16F690
     2                           	opt	pw 120
     3                           	opt	lm
     4                           	psect	text0,local,class=CODE,merge=1,delta=2
     5                           	psect	cinit,global,class=CODE,merge=1,delta=2
     6                           	psect	cstackCOMMON,global,class=COMMON,space=1,delta=1
     7                           	psect	maintext,global,class=CODE,split=1,delta=2
     8                           	psect	text1,local,class=CODE,merge=1,delta=2
     9                           	psect	text2,local,class=CODE,merge=1,delta=2
    10                           	psect	text3,local,class=CODE,merge=1,delta=2
    11                           	dabs	1,0x7E,2
    12  0000                     	;# 
    13  0001                     	;# 
    14  0002                     	;# 
    15  0003                     	;# 
    16  0004                     	;# 
    17  0005                     	;# 
    18  0006                     	;# 
    19  0007                     	;# 
    20  000A                     	;# 
    21  000B                     	;# 
    22  000C                     	;# 
    23  000D                     	;# 
    24  000E                     	;# 
    25  000E                     	;# 
    26  000F                     	;# 
    27  0010                     	;# 
    28  0011                     	;# 
    29  0012                     	;# 
    30  0013                     	;# 
    31  0014                     	;# 
    32  0015                     	;# 
    33  0015                     	;# 
    34  0016                     	;# 
    35  0017                     	;# 
    36  0018                     	;# 
    37  0019                     	;# 
    38  001A                     	;# 
    39  001C                     	;# 
    40  001D                     	;# 
    41  001E                     	;# 
    42  001F                     	;# 
    43  0081                     	;# 
    44  0085                     	;# 
    45  0086                     	;# 
    46  0087                     	;# 
    47  008C                     	;# 
    48  008D                     	;# 
    49  008E                     	;# 
    50  008F                     	;# 
    51  0090                     	;# 
    52  0092                     	;# 
    53  0093                     	;# 
    54  0093                     	;# 
    55  0093                     	;# 
    56  0094                     	;# 
    57  0095                     	;# 
    58  0095                     	;# 
    59  0096                     	;# 
    60  0096                     	;# 
    61  0097                     	;# 
    62  0098                     	;# 
    63  0099                     	;# 
    64  009A                     	;# 
    65  009B                     	;# 
    66  009E                     	;# 
    67  009F                     	;# 
    68  010C                     	;# 
    69  010C                     	;# 
    70  010D                     	;# 
    71  010E                     	;# 
    72  010F                     	;# 
    73  0115                     	;# 
    74  0116                     	;# 
    75  0118                     	;# 
    76  0119                     	;# 
    77  011A                     	;# 
    78  011B                     	;# 
    79  011E                     	;# 
    80  011F                     	;# 
    81  018C                     	;# 
    82  018D                     	;# 
    83  019D                     	;# 
    84  019E                     	;# 
    85  0007                     _PORTC	set	7
    86  0013                     _SSPBUF	set	19
    87  0014                     _SSPCON	set	20
    88  003E                     _RC6	set	62
    89  0094                     _SSPSTAT	set	148
    90  0094                     _SSPSTATbits	set	148
    91  0086                     _TRISBbits	set	134
    92  0087                     _TRISC	set	135
    93  0087                     _TRISCbits	set	135
    94  011E                     _ANSEL	set	286
    95  011F                     _ANSELH	set	287
    96                           
    97                           	psect	text0
    98  0000                     __ptext0:	
    99                           ; #config settings
   100                           
   101                           
   102                           ;psect for function _init
   103  0000                     
   104                           	psect	cinit
   105  07FD                     start_initialization:	
   106  07FD                     __initialization:	
   107  07FD                     end_of_initialization:	
   108                           ;End of C runtime variable initialization code
   109                           
   110  07FD                     __end_of__initialization:	
   111  07FD  0183               	clrf	3
   112  07FE  118A  2FE5         	ljmp	_main	;jump to C main() function
   113                           
   114                           	psect	cstackCOMMON
   115  0070                     __pcstackCOMMON:	
   116  0070                     ?_ssp_init:	
   117  0070                     ??_ssp_init:	
   118                           ; 0 bytes @ 0x0
   119                           
   120  0070                     ??_read_transaction:	
   121                           ; 0 bytes @ 0x0
   122                           
   123  0070                     ?_init:	
   124                           ; 0 bytes @ 0x0
   125                           
   126  0070                     ??_init:	
   127                           ; 0 bytes @ 0x0
   128                           
   129  0070                     ?_read_transaction:	
   130                           ; 0 bytes @ 0x0
   131                           
   132  0070                     ?_main:	
   133                           ; 1 bytes @ 0x0
   134                           
   135  0070                     read_transaction@pin:	
   136                           ; 2 bytes @ 0x0
   137                           
   138                           
   139                           ; 1 bytes @ 0x0
   140  0070                     	ds	1
   141  0071                     read_transaction@tmp:	
   142                           
   143                           ; 1 bytes @ 0x1
   144  0071                     	ds	1
   145  0072                     ??_main:	
   146                           
   147                           ; 0 bytes @ 0x2
   148  0072                     	ds	1
   149  0073                     main@button_pressed:	
   150                           
   151                           ; 1 bytes @ 0x3
   152  0073                     	ds	1
   153  0074                     main@tmp:	
   154                           
   155                           ; 1 bytes @ 0x4
   156  0074                     	ds	1
   157                           
   158                           	psect	maintext
   159  07E5                     __pmaintext:	
   160 ;;
   161 ;;Main: autosize = 0, tempsize = 1, incstack = 0, save=0
   162 ;;
   163 ;; *************** function _main *****************
   164 ;; Defined at:
   165 ;;		line 157 in file "C:\Users\Dinusha\Documents\PICProjects\PIC877AProjects\CProjects\SSP_Slave\main.c"
   166 ;; Parameters:    Size  Location     Type
   167 ;;		None
   168 ;; Auto vars:     Size  Location     Type
   169 ;;  tmp             1    4[COMMON] unsigned char 
   170 ;;  button_press    1    3[COMMON] unsigned char 
   171 ;;  i               1    0        unsigned char 
   172 ;; Return value:  Size  Location     Type
   173 ;;                  2   72[COMMON] int 
   174 ;; Registers used:
   175 ;;		wreg, status,2, status,0, pclath, cstack
   176 ;; Tracked objects:
   177 ;;		On entry : 17F/0
   178 ;;		On exit  : 0/0
   179 ;;		Unchanged: 0/0
   180 ;; Data sizes:     COMMON   BANK0   BANK1   BANK2
   181 ;;      Params:         0       0       0       0
   182 ;;      Locals:         2       0       0       0
   183 ;;      Temps:          1       0       0       0
   184 ;;      Totals:         3       0       0       0
   185 ;;Total ram usage:        3 bytes
   186 ;; Hardware stack levels required when called:    1
   187 ;; This function calls:
   188 ;;		_init
   189 ;;		_read_transaction
   190 ;;		_ssp_init
   191 ;; This function is called by:
   192 ;;		Startup code after reset
   193 ;; This function uses a non-reentrant model
   194 ;;
   195                           
   196                           
   197                           ;psect for function _main
   198  07E5                     _main:	
   199                           
   200                           ;main.c: 160: uint8_t button_pressed = 0;
   201                           
   202                           ;incstack = 0
   203                           ; Regs used in _main: [wreg+status,2+status,0+pclath+cstack]
   204  07E5  01F3               	clrf	main@button_pressed
   205                           
   206                           ;main.c: 161: uint8_t i, tmp = 0x00;
   207  07E6  01F4               	clrf	main@tmp
   208                           
   209                           ;main.c: 163: init();
   210  07E7  118A  27BD  118A   	fcall	_init
   211                           
   212                           ;main.c: 164: ssp_init();
   213  07EA  118A  27C8  118A   	fcall	_ssp_init
   214  07ED                     l587:	
   215                           ;main.c: 181: while( 1 ){
   216                           
   217                           
   218                           ;main.c: 200: tmp = read_transaction( RC6 );
   219  07ED  3000               	movlw	0
   220  07EE  1283               	bcf	3,5	;RP0=0, select bank0
   221  07EF  1303               	bcf	3,6	;RP1=0, select bank0
   222  07F0  1B07               	btfsc	7,6	;volatile
   223  07F1  3001               	movlw	1
   224  07F2  118A  27D5  118A   	fcall	_read_transaction
   225  07F5  00F2               	movwf	??_main
   226  07F6  0872               	movf	??_main,w
   227  07F7  00F4               	movwf	main@tmp
   228                           
   229                           ;main.c: 201: PORTC = tmp;
   230  07F8  0874               	movf	main@tmp,w
   231  07F9  1283               	bcf	3,5	;RP0=0, select bank0
   232  07FA  1303               	bcf	3,6	;RP1=0, select bank0
   233  07FB  0087               	movwf	7	;volatile
   234  07FC  2FED               	goto	l587
   235  07FD                     __end_of_main:	
   236                           ;main.c: 223: }
   237                           ;main.c: 225: return 0;
   238                           ;	Return value of _main is never used
   239                           
   240                           
   241                           	psect	text1
   242  07C8                     __ptext1:	
   243 ;; *************** function _ssp_init *****************
   244 ;; Defined at:
   245 ;;		line 17 in file "C:\Users\Dinusha\Documents\PICProjects\PIC877AProjects\CProjects\SSP_Slave\main.c"
   246 ;; Parameters:    Size  Location     Type
   247 ;;		None
   248 ;; Auto vars:     Size  Location     Type
   249 ;;		None
   250 ;; Return value:  Size  Location     Type
   251 ;;		None               void
   252 ;; Registers used:
   253 ;;		wreg
   254 ;; Tracked objects:
   255 ;;		On entry : 0/0
   256 ;;		On exit  : 0/0
   257 ;;		Unchanged: 0/0
   258 ;; Data sizes:     COMMON   BANK0   BANK1   BANK2
   259 ;;      Params:         0       0       0       0
   260 ;;      Locals:         0       0       0       0
   261 ;;      Temps:          0       0       0       0
   262 ;;      Totals:         0       0       0       0
   263 ;;Total ram usage:        0 bytes
   264 ;; Hardware stack levels used:    1
   265 ;; This function calls:
   266 ;;		Nothing
   267 ;; This function is called by:
   268 ;;		_main
   269 ;; This function uses a non-reentrant model
   270 ;;
   271                           
   272                           
   273                           ;psect for function _ssp_init
   274  07C8                     _ssp_init:	
   275                           
   276                           ;main.c: 20: TRISBbits.TRISB6 = 1;
   277                           
   278                           ;incstack = 0
   279                           ; Regs used in _ssp_init: [wreg]
   280  07C8  1683               	bsf	3,5	;RP0=1, select bank1
   281  07C9  1303               	bcf	3,6	;RP1=0, select bank1
   282  07CA  1706               	bsf	6,6	;volatile
   283                           
   284                           ;main.c: 22: TRISBbits.TRISB4 = 1;
   285  07CB  1606               	bsf	6,4	;volatile
   286                           
   287                           ;main.c: 24: TRISCbits.TRISC7 = 0;
   288  07CC  1387               	bcf	7,7	;volatile
   289                           
   290                           ;main.c: 26: TRISCbits.TRISC6 = 1;
   291  07CD  1707               	bsf	7,6	;volatile
   292                           
   293                           ;main.c: 28: SSPSTAT = 0x40;
   294  07CE  3040               	movlw	64
   295  07CF  0094               	movwf	20	;volatile
   296                           
   297                           ;main.c: 30: SSPCON = 0x34;
   298  07D0  3034               	movlw	52
   299  07D1  1283               	bcf	3,5	;RP0=0, select bank0
   300  07D2  1303               	bcf	3,6	;RP1=0, select bank0
   301  07D3  0094               	movwf	20	;volatile
   302  07D4  0008               	return
   303  07D5                     __end_of_ssp_init:	
   304                           
   305                           	psect	text2
   306  07D5                     __ptext2:	
   307 ;; *************** function _read_transaction *****************
   308 ;; Defined at:
   309 ;;		line 70 in file "C:\Users\Dinusha\Documents\PICProjects\PIC877AProjects\CProjects\SSP_Slave\main.c"
   310 ;; Parameters:    Size  Location     Type
   311 ;;  pin             1    wreg     unsigned char 
   312 ;; Auto vars:     Size  Location     Type
   313 ;;  pin             1    0[COMMON] unsigned char 
   314 ;;  tmp             1    1[COMMON] unsigned char 
   315 ;; Return value:  Size  Location     Type
   316 ;;                  1    wreg      unsigned char 
   317 ;; Registers used:
   318 ;;		wreg, status,2
   319 ;; Tracked objects:
   320 ;;		On entry : 0/0
   321 ;;		On exit  : 0/0
   322 ;;		Unchanged: 0/0
   323 ;; Data sizes:     COMMON   BANK0   BANK1   BANK2
   324 ;;      Params:         0       0       0       0
   325 ;;      Locals:         1       0       0       0
   326 ;;      Temps:          1       0       0       0
   327 ;;      Totals:         2       0       0       0
   328 ;;Total ram usage:        2 bytes
   329 ;; Hardware stack levels used:    1
   330 ;; This function calls:
   331 ;;		Nothing
   332 ;; This function is called by:
   333 ;;		_main
   334 ;; This function uses a non-reentrant model
   335 ;;
   336                           
   337                           
   338                           ;psect for function _read_transaction
   339  07D5                     _read_transaction:	
   340                           
   341                           ;main.c: 72: uint8_t tmp = 0;
   342                           
   343                           ;incstack = 0
   344                           ; Regs used in _read_transaction: [wreg+status,2]
   345  07D5  01F1               	clrf	read_transaction@tmp
   346                           
   347                           ;main.c: 76: SSPBUF = 0x00;
   348  07D6  1283               	bcf	3,5	;RP0=0, select bank0
   349  07D7  1303               	bcf	3,6	;RP1=0, select bank0
   350  07D8  0193               	clrf	19	;volatile
   351  07D9                     l54:	
   352                           ;main.c: 77: while( !SSPSTATbits.BF );
   353                           
   354  07D9  1683               	bsf	3,5	;RP0=1, select bank1
   355  07DA  1303               	bcf	3,6	;RP1=0, select bank1
   356  07DB  1C14               	btfss	20,0	;volatile
   357  07DC  2FD9               	goto	l54
   358                           
   359                           ;main.c: 78: tmp = SSPBUF;
   360  07DD  1283               	bcf	3,5	;RP0=0, select bank0
   361  07DE  1303               	bcf	3,6	;RP1=0, select bank0
   362  07DF  0813               	movf	19,w	;volatile
   363  07E0  00F0               	movwf	??_read_transaction
   364  07E1  0870               	movf	??_read_transaction,w
   365  07E2  00F1               	movwf	read_transaction@tmp
   366                           
   367                           ;main.c: 81: return tmp;
   368  07E3  0871               	movf	read_transaction@tmp,w
   369  07E4  0008               	return
   370  07E5                     __end_of_read_transaction:	
   371                           
   372                           	psect	text3
   373  07BD                     __ptext3:	
   374 ;; *************** function _init *****************
   375 ;; Defined at:
   376 ;;		line 84 in file "C:\Users\Dinusha\Documents\PICProjects\PIC877AProjects\CProjects\SSP_Slave\main.c"
   377 ;; Parameters:    Size  Location     Type
   378 ;;		None
   379 ;; Auto vars:     Size  Location     Type
   380 ;;		None
   381 ;; Return value:  Size  Location     Type
   382 ;;		None               void
   383 ;; Registers used:
   384 ;;		status,2
   385 ;; Tracked objects:
   386 ;;		On entry : 0/0
   387 ;;		On exit  : 0/0
   388 ;;		Unchanged: 0/0
   389 ;; Data sizes:     COMMON   BANK0   BANK1   BANK2
   390 ;;      Params:         0       0       0       0
   391 ;;      Locals:         0       0       0       0
   392 ;;      Temps:          0       0       0       0
   393 ;;      Totals:         0       0       0       0
   394 ;;Total ram usage:        0 bytes
   395 ;; Hardware stack levels used:    1
   396 ;; This function calls:
   397 ;;		Nothing
   398 ;; This function is called by:
   399 ;;		_main
   400 ;; This function uses a non-reentrant model
   401 ;;
   402                           
   403                           
   404                           ;psect for function _init
   405  07BD                     _init:	
   406                           
   407                           ;main.c: 121: ANSEL = 0x00;
   408                           
   409                           ;incstack = 0
   410                           ; Regs used in _init: [status,2]
   411  07BD  1283               	bcf	3,5	;RP0=0, select bank2
   412  07BE  1703               	bsf	3,6	;RP1=1, select bank2
   413  07BF  019E               	clrf	30	;volatile
   414                           
   415                           ;main.c: 122: ANSELH = 0x00;
   416  07C0  019F               	clrf	31	;volatile
   417                           
   418                           ;main.c: 123: PORTC = 0x00;
   419  07C1  1283               	bcf	3,5	;RP0=0, select bank0
   420  07C2  1303               	bcf	3,6	;RP1=0, select bank0
   421  07C3  0187               	clrf	7	;volatile
   422                           
   423                           ;main.c: 125: TRISC = 0x00;
   424  07C4  1683               	bsf	3,5	;RP0=1, select bank1
   425  07C5  1303               	bcf	3,6	;RP1=0, select bank1
   426  07C6  0187               	clrf	7	;volatile
   427  07C7  0008               	return
   428  07C8                     __end_of_init:	
   429  007E                     btemp	set	126	;btemp
   430  007E                     wtemp	set	126
   431  007E                     wtemp0	set	126
   432  0080                     wtemp1	set	128
   433  0082                     wtemp2	set	130
   434  0084                     wtemp3	set	132
   435  0086                     wtemp4	set	134
   436  0088                     wtemp5	set	136
   437  007F                     wtemp6	set	127
   438  007E                     ttemp	set	126
   439  007E                     ttemp0	set	126
   440  0081                     ttemp1	set	129
   441  0084                     ttemp2	set	132
   442  0087                     ttemp3	set	135
   443  007F                     ttemp4	set	127
   444  007E                     ltemp	set	126
   445  007E                     ltemp0	set	126
   446  0082                     ltemp1	set	130
   447  0086                     ltemp2	set	134
   448  0080                     ltemp3	set	128


Data Sizes:
    Strings     0
    Constant    0
    Data        0
    BSS         0
    Persistent  0
    Stack       0

Auto Spaces:
    Space          Size  Autos    Used
    COMMON           14      5       5
    BANK0            80      0       0
    BANK1            80      0       0
    BANK2            80      0       0

Pointer List with Targets:

    None.

Critical Paths under _main in COMMON

    _main->_read_transaction

Critical Paths under _main in BANK0

    None.

Critical Paths under _main in BANK1

    None.

Critical Paths under _main in BANK2

    None.

Call Graph Tables:

 ---------------------------------------------------------------------------------
 (Depth) Function   	        Calls       Base Space   Used Autos Params    Refs
 ---------------------------------------------------------------------------------
 (0) _main                                                 4     4      0      30
                                              2 COMMON     3     3      0
                               _init
                   _read_transaction
                           _ssp_init
 ---------------------------------------------------------------------------------
 (1) _ssp_init                                             0     0      0       0
 ---------------------------------------------------------------------------------
 (1) _read_transaction                                     3     3      0      15
                                              0 COMMON     2     2      0
 ---------------------------------------------------------------------------------
 (1) _init                                                 0     0      0       0
 ---------------------------------------------------------------------------------
 Estimated maximum stack depth 1
 ---------------------------------------------------------------------------------

 Call Graph Graphs:

 _main (ROOT)
   _init
   _read_transaction
   _ssp_init

 Address spaces:
Name               Size   Autos  Total    Cost      Usage
BITCOMMON            E      0       0       0        0.0%
EEDATA             100      0       0       0        0.0%
NULL                 0      0       0       0        0.0%
CODE                 0      0       0       0        0.0%
COMMON               E      5       5       1       35.7%
BITSFR0              0      0       0       1        0.0%
SFR0                 0      0       0       1        0.0%
BITSFR1              0      0       0       2        0.0%
SFR1                 0      0       0       2        0.0%
STACK                0      0       0       2        0.0%
BANK0               50      0       0       3        0.0%
BITBANK1            50      0       0       4        0.0%
BITSFR3              0      0       0       4        0.0%
SFR3                 0      0       0       4        0.0%
BANK1               50      0       0       5        0.0%
BITSFR2              0      0       0       5        0.0%
SFR2                 0      0       0       5        0.0%
BITBANK2            50      0       0       6        0.0%
BANK2               50      0       0       7        0.0%
ABS                  0      0       0       8        0.0%
BITBANK0            50      0       0       9        0.0%
DATA                 0      0       0      10        0.0%


Microchip Technology PIC Macro Assembler V1.30 build 55553 
Symbol Table                                                                                   Mon May 12 22:59:42 2014

              __CFG_CP$OFF 0000                _SSPSTATbits 0094                         l54 07D9  
                      l587 07ED                        _RC6 003E               __CFG_CPD$OFF 0000  
             __CFG_FOSC$HS 0000                       _main 07E5                       _init 07BD  
                     btemp 007E              __CFG_BOREN$ON 0000                       ltemp 007E  
                     start 0000                       ttemp 007E                       wtemp 007E  
                    ?_main 0070                      ?_init 0070              __CFG_WDTE$OFF 0000  
                    _ANSEL 011E                      _PORTC 0007                      _TRISC 0087  
            __CFG_PWRTE$ON 0000                      ltemp0 007E                      ltemp1 0082  
                    ltemp2 0086                      ltemp3 0080         main@button_pressed 0073  
                    ttemp0 007E                      ttemp1 0081                      ttemp2 0084  
                    ttemp3 0087                      ttemp4 007F                      status 0003  
                    wtemp0 007E                      wtemp1 0080                      wtemp2 0082  
                    wtemp3 0084                      wtemp4 0086                      wtemp5 0088  
                    wtemp6 007F            __initialization 07FD               __end_of_main 07FD  
             __end_of_init 07C8                     ??_main 0072                     ??_init 0070  
                   _ANSELH 011F   __end_of_read_transaction 07E5                     _SSPCON 0014  
                   _SSPBUF 0013           __end_of_ssp_init 07D5    __end_of__initialization 07FD  
           __pcstackCOMMON 0070                 __pmaintext 07E5                    _SSPSTAT 0094  
                ?_ssp_init 0070                    __ptext0 0000                    __ptext1 07C8  
                  __ptext2 07D5                    __ptext3 07BD                    main@tmp 0074  
     end_of_initialization 07FD          ?_read_transaction 0070         ??_read_transaction 0070  
      read_transaction@pin 0070        read_transaction@tmp 0071                 ??_ssp_init 0070  
                _TRISBbits 0086                  _TRISCbits 0087        start_initialization 07FD  
                ___latbits 0001          __size_of_ssp_init 000D  __size_of_read_transaction 0010  
            __size_of_main 0018              __size_of_init 000B                   _ssp_init 07C8  
         _read_transaction 07D5  
