MPASM  5.43                          MAIN.ASM   1-11-2014  10:00:25         PAGE  1


LOC  OBJECT CODE     LINE SOURCE TEXT
  VALUE

                      00001 ;**********************************************************************
                      00002 ;   This file is a basic code template for object module code         *
                      00003 ;   generation on the PIC16F628A. This file contains the              *
                      00004 ;   basic code building blocks to build upon.                         *
                      00005 ;                                                                     *
                      00006 ;   Refer to the MPASM User's Guide for additional information on     *
                      00007 ;   features of the assembler and linker (Document DS33014).          *
                      00008 ;                                                                     *
                      00009 ;   Refer to the respective PIC data sheet for additional             *
                      00010 ;   information on the instruction set.                               *
                      00011 ;                                                                     *
                      00012 ;**********************************************************************
                      00013 ;                                                                     *
                      00014 ;    Filename:        xxx.asm                                         *
                      00015 ;    Date:                                                            *
                      00016 ;    File Version:                                                    *
                      00017 ;                                                                     *
                      00018 ;    Author:                                                          *
                      00019 ;    Company:                                                         *
                      00020 ;                                                                     *
                      00021 ;                                                                     *
                      00022 ;**********************************************************************
                      00023 ;                                                                     *
                      00024 ;    Files required: P16F628A.INC                                     *
                      00025 ;                                                                     *
                      00026 ;**********************************************************************
                      00027 ;                                                                     *
                      00028 ;    Notes:                                                           *
                      00029 ;                                                                     *
                      00030 ;**********************************************************************
                      00031 
                      00032     list      p=16F628A           ; list directive to define processor
                      00033     #include <p16F628A.inc>       ; processor specific variable definitions
                      00001         LIST
                      00002 
                      00003 ;==========================================================================
                      00004 ;  MPASM PIC16F628A processor include
                      00005 ; 
                      00006 ;  (c) Copyright 1999-2011 Microchip Technology, All rights reserved
                      00007 ;==========================================================================
                      00008 
                      00383         LIST
                      00034 
                      00035     errorlevel  -302              ; suppress message 302 from list file
                      00036 
                      00037     ;__CONFIG   _CP_OFF & _DATA_CP_OFF & _LVP_OFF & _BOREN_OFF & _MCLRE_ON & _WDT_OFF & _PWRTE_ON & _INT
                            OSC_OSC_NOCLKOUT 
2007   3F61           00038         __CONFIG    _XT_OSC & _LVP_OFF & _WDT_OFF & _PWRTE_ON & _BODEN_ON
                      00039 
                      00040 ; '__CONFIG' directive is used to embed configuration word within .asm file.
                      00041 ; The lables following the directive are located in the respective .inc file.
                      00042 ; See data sheet for additional information on configuration word settings.
                      00043 
MPASM  5.43                          MAIN.ASM   1-11-2014  10:00:25         PAGE  2


LOC  OBJECT CODE     LINE SOURCE TEXT
  VALUE

                      00044 ;***** VARIABLE DEFINITIONS (examples)
                      00045 
                      00046 ; example of using Shared Uninitialized Data Section
                      00047 INT_VAR        UDATA_SHR     
0000                  00048 w_temp         RES     1        ; variable used for context saving 
0001                  00049 status_temp    RES     1        ; variable used for context saving
                      00050 
                      00051                                 UDATA
0000                  00052 count1              RES 1       ;variable used in delay routines.
0001                  00053 counta              RES 1       ;variable used in delay routines.
0002                  00054 countb              RES 1       ;variable used in delay routines.
                      00055 
                      00056 
                      00057 ;**********************************************************************
                      00058 RESET_VECTOR    CODE   0x0000     ; processor reset vector
0000   2???           00059         goto    START             ; go to beginning of program
                      00060     
                      00061 INT_VECTOR    CODE    0x0004      ; interrupt vector location
                      00062 
0004                  00063 INTERRUPT
                      00064 
0004   00??           00065         movwf   w_temp            ; save off current W register contents
0005   0803           00066         movf    STATUS,w          ; move status register into W register
0006   00??           00067         movwf   status_temp       ; save off contents of STATUS register
                      00068 
                      00069 
                      00070 ; isr code can go here or be located as a call subroutine elsewhere
                      00071 
                      00072 
0007   08??           00073         movf    status_temp,w     ; retrieve copy of STATUS register
0008   0083           00074         movwf   STATUS            ; restore pre-isr STATUS register contents
0009   0E??           00075         swapf   w_temp,f
000A   0E??           00076         swapf   w_temp,w          ; restore pre-isr W register contents
000B   0009           00077         retfie                    ; return from interrupt
                      00078 
                      00079 MAIN_PROG     CODE
                      00080 
0000                  00081 START
Warning[207]: Found label after column 1. (START)
0000                  00082         START
                      00083 ; remaining code goes here
                      00084 ;Start:
                      00085         ;bcf    STATUS, RP0
                      00086         ;CLRF PORTA
0000   0186           00087         CLRF PORTB
0001   1683           00088         BSF    STATUS,RP0 ; RAM bank 1
                      00089         ;CLRF TRISA
0002   0186           00090         CLRF TRISB
0003   1283           00091         BCF    STATUS,RP0 ; RAM bank 0
                      00092 
                      00093         ;movlw d'255'
                      00094         ;movwf Delay1
                      00095         ;movwf Delay2
MPASM  5.43                          MAIN.ASM   1-11-2014  10:00:25         PAGE  3


LOC  OBJECT CODE     LINE SOURCE TEXT
  VALUE

                      00096         
                      00097 ; 
                      00098 ; ------------------------ 
                      00099 ; FUNCTION OF PORT A PINS 
                      00100 ; ------------------------ 
                      00101 ; 
0004   3007           00102         MOVLW    7 
0005   009F           00103         MOVWF    CMCON ; Comparators off, all pins digital I/O 
                      00104 
                      00105 
0006                  00106 MainLoop:
                      00107         ;movlw 1
                      00108         ;movwf Delay1
                      00109         ;movwf Delay2
                      00110 
0006   300F           00111         movlw b'1111'
                      00112         ;movwf PORTA
0007   0086           00113         movwf PORTB
                      00114         ;BSF     PORTA,0
                      00115 
0008   2???           00116         CALL Delay255
                      00117         ;CALL Delay_1
                      00118         ;nop
                      00119         ;nop
                      00120         ;nop
                      00121 
0009   3007           00122         movlw b'0111'
                      00123         ;movwf PORTA
000A   0086           00124         movwf PORTB
                      00125         ;BCF     PORTA,0
                      00126 
                      00127         ;nop
                      00128         ;nop
                      00129         ;nop
                      00130 
000B   2???           00131         CALL Delay255
                      00132         ;CALL Delay_1
                      00133 
000C   300B           00134         movlw b'1011'
                      00135         ;movwf PORTA
000D   0086           00136         movwf PORTB
                      00137         ;BCF     PORTA,0
                      00138 
                      00139         ;nop
                      00140         ;nop
                      00141         ;nop
                      00142 
000E   2???           00143         CALL Delay255
                      00144         ;CALL Delay_1
                      00145 
000F   300D           00146         movlw b'1101'
                      00147         ;movwf PORTA
0010   0086           00148         movwf PORTB
MPASM  5.43                          MAIN.ASM   1-11-2014  10:00:25         PAGE  4


LOC  OBJECT CODE     LINE SOURCE TEXT
  VALUE

                      00149         ;BCF     PORTA,0
                      00150 
                      00151         ;nop
                      00152         ;nop
                      00153         ;nop
                      00154 
0011   2???           00155         CALL Delay255
                      00156         ;CALL Delay_1
                      00157 
0012   300E           00158         movlw b'1110'
                      00159         ;movwf PORTA
0013   0086           00160         movwf PORTB
                      00161         ;BCF     PORTA,0
                      00162 
                      00163         ;nop
                      00164         ;nop
                      00165         ;nop
                      00166 
0014   2???           00167         CALL Delay255
                      00168         ;CALL Delay_1
                      00169 
                      00170 
                      00171 
0015   2???           00172         GOTO MainLoop
                      00173 
                      00174 ;______________________________________________________________________________________________
                      00175 ;Delays originated here: http://www.winpicprog.co.uk/pic_tutorial3.htm
                      00176 ;All delays here assume a 4Mhz clock.
0016                  00177 Delay255
0016   30FF           00178         movlw   .255            ;delay 255ms.
0017   2???           00179         goto    d0
0018                  00180 Delay30
0018   301E           00181         movlw   .30             ;delay 30mS.
0019   2???           00182         goto    d0
001A                  00183 Delay5
001A   3005           00184         movlw   .5              ;delay 5ms.
001B   2???           00185         goto    d0
001C                  00186 Delay1
001C   3001           00187         movlw   .1              ;delay 1mS.
                      00188                 
001D   00??           00189 d0      movwf   count1
001E   30C7           00190 d1      movlw   0xC7
001F   00??           00191         movwf   counta
0020   3001           00192         movlw   0x01
0021   00??           00193         movwf   countb
0022                  00194 Delay_0
Message[305]: Using default destination of 1 (file).
0022   0B??           00195         decfsz  counta
0023   2???           00196         goto    $+2
Message[305]: Using default destination of 1 (file).
0024   0B??           00197         decfsz  countb
0025   2???           00198         goto    Delay_0
Message[305]: Using default destination of 1 (file).
MPASM  5.43                          MAIN.ASM   1-11-2014  10:00:25         PAGE  5


LOC  OBJECT CODE     LINE SOURCE TEXT
  VALUE

0026   0B??           00199         decfsz  count1
0027   2???           00200         goto    d1
0028   3400           00201         retlw   .0              ;return from the delay routine.
                      00202 ; initialize eeprom locations
                      00203 
                      00204 EE        CODE    0x2100
2100   0000 0001 0002 00205         DE    0x00, 0x01, 0x02, 0x03
       0003 
                      00206 
3F61                  00207         END                       ; directive 'end of program'
MPASM  5.43                          MAIN.ASM   1-11-2014  10:00:25         PAGE  6


SYMBOL TABLE
  LABEL                             VALUE 

ADDEN                             00000003
ADEN                              00000003
BRGH                              00000002
C                                 00000000
C1INV                             00000004
C1OUT                             00000006
C2INV                             00000005
C2OUT                             00000007
CCP1CON                           00000017
CCP1IE                            00000002
CCP1IF                            00000002
CCP1M0                            00000000
CCP1M1                            00000001
CCP1M2                            00000002
CCP1M3                            00000003
CCP1X                             00000005
CCP1Y                             00000004
CCPR1                             00000015
CCPR1H                            00000016
CCPR1L                            00000015
CIS                               00000003
CM0                               00000000
CM1                               00000001
CM2                               00000002
CMCON                             0000001F
CMIE                              00000006
CMIF                              00000006
CREN                              00000004
CSRC                              00000007
DATA_CP_OFF                       00003FFF
DATA_CP_ON                        00003EFF
DC                                00000001
Delay1                            0000001C
Delay255                          00000016
Delay30                           00000018
Delay5                            0000001A
Delay_0                           00000022
EEADR                             0000009B
EECON1                            0000009C
EECON2                            0000009D
EEDATA                            0000009A
EEIE                              00000007
EEIF                              00000007
F                                 00000001
FERR                              00000002
FSR                               00000004
GIE                               00000007
INDF                              00000000
INTCON                            0000000B
INTE                              00000004
INTEDG                            00000006
INTERRUPT                         00000004
INTF                              00000001
MPASM  5.43                          MAIN.ASM   1-11-2014  10:00:25         PAGE  7


SYMBOL TABLE
  LABEL                             VALUE 

IRP                               00000007
MainLoop                          00000006
NOT_BO                            00000000
NOT_BOD                           00000000
NOT_BOR                           00000000
NOT_PD                            00000003
NOT_POR                           00000001
NOT_RBPU                          00000007
NOT_T1SYNC                        00000002
NOT_TO                            00000004
OERR                              00000001
OPTION_REG                        00000081
OSCF                              00000003
PCL                               00000002
PCLATH                            0000000A
PCON                              0000008E
PEIE                              00000006
PIE1                              0000008C
PIR1                              0000000C
PORTA                             00000005
PORTB                             00000006
PR2                               00000092
PS0                               00000000
PS1                               00000001
PS2                               00000002
PSA                               00000003
RA0                               00000000
RA1                               00000001
RA2                               00000002
RA3                               00000003
RA4                               00000004
RA5                               00000005
RA6                               00000006
RA7                               00000007
RB0                               00000000
RB1                               00000001
RB2                               00000002
RB3                               00000003
RB4                               00000004
RB5                               00000005
RB6                               00000006
RB7                               00000007
RBIE                              00000003
RBIF                              00000000
RCIE                              00000005
RCIF                              00000005
RCREG                             0000001A
RCSTA                             00000018
RD                                00000000
RP0                               00000005
RP1                               00000006
RX9                               00000006
RX9D                              00000000
MPASM  5.43                          MAIN.ASM   1-11-2014  10:00:25         PAGE  8


SYMBOL TABLE
  LABEL                             VALUE 

SPBRG                             00000099
SPEN                              00000007
SREN                              00000005
START                             00000000
STATUS                            00000003
SYNC                              00000004
T0CS                              00000005
T0IE                              00000005
T0IF                              00000002
T0SE                              00000004
T1CKPS0                           00000004
T1CKPS1                           00000005
T1CON                             00000010
T1OSCEN                           00000003
T2CKPS0                           00000000
T2CKPS1                           00000001
T2CON                             00000012
TMR0                              00000001
TMR0IE                            00000005
TMR0IF                            00000002
TMR1CS                            00000001
TMR1H                             0000000F
TMR1IE                            00000000
TMR1IF                            00000000
TMR1L                             0000000E
TMR1ON                            00000000
TMR2                              00000011
TMR2IE                            00000001
TMR2IF                            00000001
TMR2ON                            00000002
TOUTPS0                           00000003
TOUTPS1                           00000004
TOUTPS2                           00000005
TOUTPS3                           00000006
TRISA                             00000085
TRISA0                            00000000
TRISA1                            00000001
TRISA2                            00000002
TRISA3                            00000003
TRISA4                            00000004
TRISA5                            00000005
TRISA6                            00000006
TRISA7                            00000007
TRISB                             00000086
TRISB0                            00000000
TRISB1                            00000001
TRISB2                            00000002
TRISB3                            00000003
TRISB4                            00000004
TRISB5                            00000005
TRISB6                            00000006
TRISB7                            00000007
TRMT                              00000001
MPASM  5.43                          MAIN.ASM   1-11-2014  10:00:25         PAGE  9


SYMBOL TABLE
  LABEL                             VALUE 

TX9                               00000006
TX9D                              00000000
TXEN                              00000005
TXIE                              00000004
TXIF                              00000004
TXREG                             00000019
TXSTA                             00000098
VR0                               00000000
VR1                               00000001
VR2                               00000002
VR3                               00000003
VRCON                             0000009F
VREN                              00000007
VROE                              00000006
VRR                               00000005
W                                 00000000
WR                                00000001
WREN                              00000002
WRERR                             00000003
Z                                 00000002
_BODEN_OFF                        00003FBF
_BODEN_ON                         00003FFF
_BOREN_OFF                        00003FBF
_BOREN_ON                         00003FFF
_CONFIG                           00002007
_CPD_OFF                          00003FFF
_CPD_ON                           00003EFF
_CP_OFF                           00003FFF
_CP_ON                            00001FFF
_DEVID1                           00002006
_ER_OSC_CLKOUT                    00003FFF
_ER_OSC_NOCLKOUT                  00003FFE
_EXTCLK_OSC                       00003FEF
_FOSC_ECIO                        00003FEF
_FOSC_EXTRCCLK                    00003FFF
_FOSC_EXTRCIO                     00003FFE
_FOSC_HS                          00003FEE
_FOSC_INTOSCCLK                   00003FFD
_FOSC_INTOSCIO                    00003FFC
_FOSC_LP                          00003FEC
_FOSC_XT                          00003FED
_HS_OSC                           00003FEE
_IDLOC0                           00002000
_IDLOC1                           00002001
_IDLOC2                           00002002
_IDLOC3                           00002003
_INTOSC_OSC_CLKOUT                00003FFD
_INTOSC_OSC_NOCLKOUT              00003FFC
_INTRC_OSC_CLKOUT                 00003FFD
_INTRC_OSC_NOCLKOUT               00003FFC
_LP_OSC                           00003FEC
_LVP_OFF                          00003F7F
_LVP_ON                           00003FFF
MPASM  5.43                          MAIN.ASM   1-11-2014  10:00:25         PAGE 10


SYMBOL TABLE
  LABEL                             VALUE 

_MAIN_PROG_0023                   00000023
_MCLRE_OFF                        00003FDF
_MCLRE_ON                         00003FFF
_PWRTE_OFF                        00003FFF
_PWRTE_ON                         00003FF7
_RC_OSC_CLKOUT                    00003FFF
_RC_OSC_NOCLKOUT                  00003FFE
_WDTE_OFF                         00003FFB
_WDTE_ON                          00003FFF
_WDT_OFF                          00003FFB
_WDT_ON                           00003FFF
_XT_OSC                           00003FED
__16F628A                         00000001
__DEBUG                           1
count1                            00000000
counta                            00000001
countb                            00000002
d0                                0000001D
d1                                0000001E
status_temp                       00000001
w_temp                            00000000

Errors   :     0
Warnings :     1 reported,     0 suppressed
Messages :     3 reported,     1 suppressed

