MPASM  5.43                         INPUT.ASM   11-19-2013  0:06:46         PAGE  1


LOC  OBJECT CODE     LINE SOURCE TEXT
  VALUE

                      00001 ;**********************************************************************
                      00002 ;   This file is a basic code template for object module code         *
                      00003 ;   generation on the PIC16F628A. This file contains the              *
                      00004 ;   basic code building blocks to build upon.                         *
                      00005 ;                                                                     *
                      00006 ;   Refer to the MPASM User's Guide for additional information on     *
                      00007 ;   features of the assembler and linker (Document DS33014).          *
                      00008 ;                                                                     *
                      00009 ;   Refer to the respective PIC data sheet for additional             *
                      00010 ;   information on the instruction set.                               *
                      00011 ;                                                                     *
                      00012 ;**********************************************************************
                      00013 ;                                                                     *
                      00014 ;    Filename:        xxx.asm                                         *
                      00015 ;    Date:                                                            *
                      00016 ;    File Version:                                                    *
                      00017 ;                                                                     *
                      00018 ;    Author:                                                          *
                      00019 ;    Company:                                                         *
                      00020 ;                                                                     *
                      00021 ;                                                                     *
                      00022 ;**********************************************************************
                      00023 ;                                                                     *
                      00024 ;    Files required: P16F628A.INC                                     *
                      00025 ;                                                                     *
                      00026 ;**********************************************************************
                      00027 ;                                                                     *
                      00028 ;    Notes:                                                           *
                      00029 ;                                                                     *
                      00030 ;**********************************************************************
                      00031 
                      00032     list      p=16F628A           ; list directive to define processor
                      00033     #include <p16F628A.inc>       ; processor specific variable definitions
                      00001         LIST
                      00002 
                      00003 ;==========================================================================
                      00004 ;  MPASM PIC16F628A processor include
                      00005 ; 
                      00006 ;  (c) Copyright 1999-2011 Microchip Technology, All rights reserved
                      00007 ;==========================================================================
                      00008 
                      00383         LIST
                      00034 
                      00035     errorlevel  -302              ; suppress message 302 from list file
                      00036 
                      00037     ;__CONFIG   _CP_OFF & _DATA_CP_OFF & _LVP_OFF & _BOREN_OFF & _MCLRE_ON & _WDT_OFF & _PWRTE_ON & _INT
                            OSC_OSC_NOCLKOUT
2007   3F61           00038         __CONFIG   _XT_OSC & _LVP_OFF & _WDT_OFF & _PWRTE_ON & _BODEN_ON 
                      00039 
                      00040 ; '__CONFIG' directive is used to embed configuration word within .asm file.
                      00041 ; The lables following the directive are located in the respective .inc file.
                      00042 ; See data sheet for additional information on configuration word settings.
                      00043 
MPASM  5.43                         INPUT.ASM   11-19-2013  0:06:46         PAGE  2


LOC  OBJECT CODE     LINE SOURCE TEXT
  VALUE

                      00044 ;***** VARIABLE DEFINITIONS (examples)
                      00045 
                      00046 ; example of using Shared Uninitialized Data Section
                      00047 INT_VAR        UDATA_SHR     
0000                  00048 w_temp         RES     1        ; variable used for context saving 
0001                  00049 status_temp    RES     1        ; variable used for context saving
0002                  00050 sGPIO              RES     1        ; Shadow GPIO
                      00051 
                      00052                            UDATA 
0000                  00053 sample_count   RES     1        ; variable used for sampling
0001                  00054 delay_count    RES     1        ; variable used for sampling
                      00055 
                      00056 
                      00057 ;**********************************************************************
                      00058 RESET_VECTOR    CODE   0x0000     ; processor reset vector
0000   2???           00059         goto    START             ; go to beginning of program
                      00060     
                      00061 INT_VECTOR    CODE    0x0004      ; interrupt vector location
                      00062 
0004                  00063 INTERRUPT
                      00064 
0004   00??           00065         movwf   w_temp            ; save off current W register contents
0005   0803           00066         movf    STATUS,w          ; move status register into W register
0006   00??           00067         movwf   status_temp       ; save off contents of STATUS register
                      00068 
                      00069 
                      00070 ; isr code can go here or be located as a call subroutine elsewhere
                      00071 
                      00072 
0007   08??           00073         movf    status_temp,w     ; retrieve copy of STATUS register
0008   0083           00074         movwf   STATUS            ; restore pre-isr STATUS register contents
0009   0E??           00075         swapf   w_temp,f
000A   0E??           00076         swapf   w_temp,w          ; restore pre-isr W register contents
000B   0009           00077         retfie                    ; return from interrupt
                      00078 
                      00079 MAIN_PROG     CODE
                      00080 
0000                  00081 START
                      00082 ; remaining code goes here
0000   0186           00083           clrf PORTB                  ; Setting port B pins as output
                      00084           ;movlw h'00010000'
                      00085           ;clrf sGPIO
                      00086           ;clrf PORTB
                      00087           ;bcf PORTB, RB0
                      00088           ;bsf PORTB, RB7                ; setting RB7 as input
                      00089           ;movlw b'00000001'
                      00090           ;movwf sGPIO
                      00091       ;movlw b'01111111'
                      00092       ;movwf PORTB
0001   1683           00093           bsf  STATUS, RP0            ; Switching to bank 1
                      00094           ;clrf TRISA
                      00095           ;movlw h'00010000'
                      00096           ;movlw b'00000100'
MPASM  5.43                         INPUT.ASM   11-19-2013  0:06:46         PAGE  3


LOC  OBJECT CODE     LINE SOURCE TEXT
  VALUE

                      00097           ;movwf TRISB
                      00098           ;movlw b'01111111'
                      00099           ;movwf TRISB
0002   0186           00100           clrf TRISB
                      00101       ;bcf TRISB, TRISB0
                      00102           ;bsf TRISB, TRISB7
0003   30D4           00103           movlw b'11010100'
                      00104           ;--0-----                                        ;Timer0 mode (T0CS = 0)
                      00105           ;----0---                                        ;Prescalar assigned to Timer0 (PSA = 0)
                      00106           ;-----100                                        ;Prescale = 32
Warning[224]: Use of this instruction is not recommended.
0004   0062           00107           option
0005   1283           00108           bcf  STATUS, RP0            ; Switching back to bank 0
                      00109 
                      00110           ;movlw b'0'                  ; Switching off the LED
                      00111           ;movwf PORTB
                      00112           ;bcf PORTB, RB0
                      00113           ;bsf PORTB, RB1
                      00114 
                      00115 ; 
                      00116 ; ------------------------ 
                      00117 ; FUNCTION OF PORT A PINS 
                      00118 ; ------------------------ 
                      00119 ; 
0006   3007           00120       MOVLW    7 
0007   009F           00121       MOVWF    CMCON ; Comparators off, all pins digital I/O 
                      00122 
0008                  00123 MAINLOOP
0008   01??           00124                 clrf delay_count
0009                  00125 time_1_reset            
0009   0181           00126                 clrf TMR0
000A                  00127 time_loop_1 
000A   0801           00128                 movf TMR0, w
000B   3AFA           00129                 xorlw .250
000C   1D03           00130                 btfss STATUS, Z
000D   2???           00131                 goto time_loop_1
000E   0A??           00132                 incf delay_count, f
000F   307D           00133                 movlw .125
0010   06??           00134                 xorwf delay_count, w
0011   1D03           00135                 btfss STATUS, Z
0012   2???           00136                 goto time_1_reset
0013   1006           00137                 bcf PORTB, RB0
0014   1486           00138                 bsf PORTB, RB1
                      00139                 
                      00140 
0015   01??           00141                 clrf delay_count
0016                  00142 time_2_reset            
0016   0181           00143                 clrf TMR0
0017                  00144 time_loop_2 
0017   0801           00145                 movf TMR0, w
0018   3AFA           00146                 xorlw .250
0019   1D03           00147                 btfss STATUS, Z
001A   2???           00148                 goto time_loop_2
MPASM  5.43                         INPUT.ASM   11-19-2013  0:06:46         PAGE  4


LOC  OBJECT CODE     LINE SOURCE TEXT
  VALUE

001B   0A??           00149                 incf delay_count, f
001C   307D           00150                 movlw .125
001D   06??           00151                 xorwf delay_count, w
001E   1D03           00152                 btfss STATUS, Z
001F   2???           00153                 goto time_2_reset
0020   1406           00154                 bsf PORTB, RB0
0021   1086           00155                 bcf PORTB, RB1
                      00156 
0022   2???           00157           goto MAINLOOP
                      00158       ;  goto     $                ; loop forever
                      00159 
                      00160 ; initialize eeprom locations
                      00161 
                      00162 EE        CODE    0x2100
2100   0000 0001 0002 00163         DE    0x00, 0x01, 0x02, 0x03
       0003 
                      00164 
3F61                  00165         END                       ; directive 'end of program'
MPASM  5.43                         INPUT.ASM   11-19-2013  0:06:46         PAGE  5


SYMBOL TABLE
  LABEL                             VALUE 

ADDEN                             00000003
ADEN                              00000003
BRGH                              00000002
C                                 00000000
C1INV                             00000004
C1OUT                             00000006
C2INV                             00000005
C2OUT                             00000007
CCP1CON                           00000017
CCP1IE                            00000002
CCP1IF                            00000002
CCP1M0                            00000000
CCP1M1                            00000001
CCP1M2                            00000002
CCP1M3                            00000003
CCP1X                             00000005
CCP1Y                             00000004
CCPR1                             00000015
CCPR1H                            00000016
CCPR1L                            00000015
CIS                               00000003
CM0                               00000000
CM1                               00000001
CM2                               00000002
CMCON                             0000001F
CMIE                              00000006
CMIF                              00000006
CREN                              00000004
CSRC                              00000007
DATA_CP_OFF                       00003FFF
DATA_CP_ON                        00003EFF
DC                                00000001
EEADR                             0000009B
EECON1                            0000009C
EECON2                            0000009D
EEDATA                            0000009A
EEIE                              00000007
EEIF                              00000007
F                                 00000001
FERR                              00000002
FSR                               00000004
GIE                               00000007
INDF                              00000000
INTCON                            0000000B
INTE                              00000004
INTEDG                            00000006
INTERRUPT                         00000004
INTF                              00000001
IRP                               00000007
MAINLOOP                          00000008
NOT_BO                            00000000
NOT_BOD                           00000000
NOT_BOR                           00000000
MPASM  5.43                         INPUT.ASM   11-19-2013  0:06:46         PAGE  6


SYMBOL TABLE
  LABEL                             VALUE 

NOT_PD                            00000003
NOT_POR                           00000001
NOT_RBPU                          00000007
NOT_T1SYNC                        00000002
NOT_TO                            00000004
OERR                              00000001
OPTION_REG                        00000081
OSCF                              00000003
PCL                               00000002
PCLATH                            0000000A
PCON                              0000008E
PEIE                              00000006
PIE1                              0000008C
PIR1                              0000000C
PORTA                             00000005
PORTB                             00000006
PR2                               00000092
PS0                               00000000
PS1                               00000001
PS2                               00000002
PSA                               00000003
RA0                               00000000
RA1                               00000001
RA2                               00000002
RA3                               00000003
RA4                               00000004
RA5                               00000005
RA6                               00000006
RA7                               00000007
RB0                               00000000
RB1                               00000001
RB2                               00000002
RB3                               00000003
RB4                               00000004
RB5                               00000005
RB6                               00000006
RB7                               00000007
RBIE                              00000003
RBIF                              00000000
RCIE                              00000005
RCIF                              00000005
RCREG                             0000001A
RCSTA                             00000018
RD                                00000000
RP0                               00000005
RP1                               00000006
RX9                               00000006
RX9D                              00000000
SPBRG                             00000099
SPEN                              00000007
SREN                              00000005
START                             00000000
STATUS                            00000003
MPASM  5.43                         INPUT.ASM   11-19-2013  0:06:46         PAGE  7


SYMBOL TABLE
  LABEL                             VALUE 

SYNC                              00000004
T0CS                              00000005
T0IE                              00000005
T0IF                              00000002
T0SE                              00000004
T1CKPS0                           00000004
T1CKPS1                           00000005
T1CON                             00000010
T1OSCEN                           00000003
T2CKPS0                           00000000
T2CKPS1                           00000001
T2CON                             00000012
TMR0                              00000001
TMR0IE                            00000005
TMR0IF                            00000002
TMR1CS                            00000001
TMR1H                             0000000F
TMR1IE                            00000000
TMR1IF                            00000000
TMR1L                             0000000E
TMR1ON                            00000000
TMR2                              00000011
TMR2IE                            00000001
TMR2IF                            00000001
TMR2ON                            00000002
TOUTPS0                           00000003
TOUTPS1                           00000004
TOUTPS2                           00000005
TOUTPS3                           00000006
TRISA                             00000085
TRISA0                            00000000
TRISA1                            00000001
TRISA2                            00000002
TRISA3                            00000003
TRISA4                            00000004
TRISA5                            00000005
TRISA6                            00000006
TRISA7                            00000007
TRISB                             00000086
TRISB0                            00000000
TRISB1                            00000001
TRISB2                            00000002
TRISB3                            00000003
TRISB4                            00000004
TRISB5                            00000005
TRISB6                            00000006
TRISB7                            00000007
TRMT                              00000001
TX9                               00000006
TX9D                              00000000
TXEN                              00000005
TXIE                              00000004
TXIF                              00000004
MPASM  5.43                         INPUT.ASM   11-19-2013  0:06:46         PAGE  8


SYMBOL TABLE
  LABEL                             VALUE 

TXREG                             00000019
TXSTA                             00000098
VR0                               00000000
VR1                               00000001
VR2                               00000002
VR3                               00000003
VRCON                             0000009F
VREN                              00000007
VROE                              00000006
VRR                               00000005
W                                 00000000
WR                                00000001
WREN                              00000002
WRERR                             00000003
Z                                 00000002
_BODEN_OFF                        00003FBF
_BODEN_ON                         00003FFF
_BOREN_OFF                        00003FBF
_BOREN_ON                         00003FFF
_CONFIG                           00002007
_CPD_OFF                          00003FFF
_CPD_ON                           00003EFF
_CP_OFF                           00003FFF
_CP_ON                            00001FFF
_DEVID1                           00002006
_ER_OSC_CLKOUT                    00003FFF
_ER_OSC_NOCLKOUT                  00003FFE
_EXTCLK_OSC                       00003FEF
_FOSC_ECIO                        00003FEF
_FOSC_EXTRCCLK                    00003FFF
_FOSC_EXTRCIO                     00003FFE
_FOSC_HS                          00003FEE
_FOSC_INTOSCCLK                   00003FFD
_FOSC_INTOSCIO                    00003FFC
_FOSC_LP                          00003FEC
_FOSC_XT                          00003FED
_HS_OSC                           00003FEE
_IDLOC0                           00002000
_IDLOC1                           00002001
_IDLOC2                           00002002
_IDLOC3                           00002003
_INTOSC_OSC_CLKOUT                00003FFD
_INTOSC_OSC_NOCLKOUT              00003FFC
_INTRC_OSC_CLKOUT                 00003FFD
_INTRC_OSC_NOCLKOUT               00003FFC
_LP_OSC                           00003FEC
_LVP_OFF                          00003F7F
_LVP_ON                           00003FFF
_MCLRE_OFF                        00003FDF
_MCLRE_ON                         00003FFF
_PWRTE_OFF                        00003FFF
_PWRTE_ON                         00003FF7
_RC_OSC_CLKOUT                    00003FFF
MPASM  5.43                         INPUT.ASM   11-19-2013  0:06:46         PAGE  9


SYMBOL TABLE
  LABEL                             VALUE 

_RC_OSC_NOCLKOUT                  00003FFE
_WDTE_OFF                         00003FFB
_WDTE_ON                          00003FFF
_WDT_OFF                          00003FFB
_WDT_ON                           00003FFF
_XT_OSC                           00003FED
__16F628A                         00000001
__DEBUG                           1
delay_count                       00000001
sGPIO                             00000002
sample_count                      00000000
status_temp                       00000001
time_1_reset                      00000009
time_2_reset                      00000016
time_loop_1                       0000000A
time_loop_2                       00000017
w_temp                            00000000

Errors   :     0
Warnings :     1 reported,     0 suppressed
Messages :     0 reported,     1 suppressed

