Warning[205] C:\USERS\DINUSHA\DOCUMENTS\PICPROJECTS\DHT11_4\HD44780.ASM 3 : Found directive in column 1. (GLOBAL)
Warning[205] C:\USERS\DINUSHA\DOCUMENTS\PICPROJECTS\DHT11_4\HD44780.ASM 4 : Found directive in column 1. (GLOBAL)
Warning[205] C:\USERS\DINUSHA\DOCUMENTS\PICPROJECTS\DHT11_4\HD44780.ASM 5 : Found directive in column 1. (GLOBAL)
Warning[205] C:\USERS\DINUSHA\DOCUMENTS\PICPROJECTS\DHT11_4\HD44780.ASM 6 : Found directive in column 1. (GLOBAL)
Warning[205] C:\USERS\DINUSHA\DOCUMENTS\PICPROJECTS\DHT11_4\HD44780.ASM 7 : Found directive in column 1. (GLOBAL)
Warning[205] C:\USERS\DINUSHA\DOCUMENTS\PICPROJECTS\DHT11_4\HD44780.ASM 8 : Found directive in column 1. (GLOBAL)
Warning[205] C:\USERS\DINUSHA\DOCUMENTS\PICPROJECTS\DHT11_4\HD44780.ASM 9 : Found directive in column 1. (GLOBAL)
Warning[205] C:\USERS\DINUSHA\DOCUMENTS\PICPROJECTS\DHT11_4\HD44780.ASM 10 : Found directive in column 1. (GLOBAL)
Warning[205] C:\USERS\DINUSHA\DOCUMENTS\PICPROJECTS\DHT11_4\HD44780.ASM 11 : Found directive in column 1. (GLOBAL)
Warning[205] C:\USERS\DINUSHA\DOCUMENTS\PICPROJECTS\DHT11_4\HD44780.ASM 13 : Found directive in column 1. (EXTERN)
Warning[205] C:\USERS\DINUSHA\DOCUMENTS\PICPROJECTS\DHT11_4\HD44780.ASM 14 : Found directive in column 1. (EXTERN)
Warning[205] C:\USERS\DINUSHA\DOCUMENTS\PICPROJECTS\DHT11_4\HD44780.ASM 15 : Found directive in column 1. (EXTERN)
Warning[205] C:\USERS\DINUSHA\DOCUMENTS\PICPROJECTS\DHT11_4\HD44780.ASM 16 : Found directive in column 1. (EXTERN)
Warning[205] C:\USERS\DINUSHA\DOCUMENTS\PICPROJECTS\DHT11_4\HD44780.ASM 17 : Found directive in column 1. (EXTERN)
Warning[205] C:\USERS\DINUSHA\DOCUMENTS\PICPROJECTS\DHT11_4\HD44780.ASM 18 : Found directive in column 1. (EXTERN)
Warning[205] C:\USERS\DINUSHA\DOCUMENTS\PICPROJECTS\DHT11_4\HD44780.ASM 27 : Found directive in column 1. (UDATA)
Warning[205] C:\USERS\DINUSHA\DOCUMENTS\PICPROJECTS\DHT11_4\HD44780.ASM 32 : Found directive in column 1. (CODE)
Message[302] C:\USERS\DINUSHA\DOCUMENTS\PICPROJECTS\DHT11_4\HD44780.ASM 37 : Register in operand not in bank 0.  Ensure that bank bits are correct.
Message[302] C:\USERS\DINUSHA\DOCUMENTS\PICPROJECTS\DHT11_4\HD44780.ASM 142 : Register in operand not in bank 0.  Ensure that bank bits are correct.
Message[302] C:\USERS\DINUSHA\DOCUMENTS\PICPROJECTS\DHT11_4\HD44780.ASM 156 : Register in operand not in bank 0.  Ensure that bank bits are correct.
Warning[205] C:\USERS\DINUSHA\DOCUMENTS\PICPROJECTS\DHT11_4\HD44780.ASM 202 : Found directive in column 1. (END)
