MPASM  5.43                          MAIN.ASM   6-21-2014  22:11:13         PAGE  1


LOC  OBJECT CODE     LINE SOURCE TEXT
  VALUE

                      00001 ;**********************************************************************
                      00002 ;   This file is a basic code template for object module code         *
                      00003 ;   generation on the PIC16F690. This file contains the               *
                      00004 ;   basic code building blocks to build upon.                         *
                      00005 ;                                                                     *
                      00006 ;   Refer to the MPASM User's Guide for additional information on     *
                      00007 ;   features of the assembler and linker (Document DS33014).          *
                      00008 ;                                                                     *
                      00009 ;   Refer to the respective PIC data sheet for additional             *
                      00010 ;   information on the instruction set.                               *
                      00011 ;                                                                     *
                      00012 ;**********************************************************************
                      00013 ;                                                                     *
                      00014 ;    Filename:      xxx.asm                                           *
                      00015 ;    Date:                                                            *
                      00016 ;    File Version:                                                    *
                      00017 ;                                                                     *
                      00018 ;    Author:                                                          *
                      00019 ;    Company:                                                         *
                      00020 ;                                                                     *
                      00021 ;                                                                     *
                      00022 ;**********************************************************************
                      00023 ;                                                                     *
                      00024 ;    Files required: P16F690.INC                                      *
                      00025 ;                                                                     *
                      00026 ;                                                                     *
                      00027 ;                                                                     *
                      00028 ;**********************************************************************
                      00029 ;                                                                     *
                      00030 ;    Notes:                                                           *
                      00031 ;                                                                     *
                      00032 ;                                                                     *
                      00033 ;                                                                     *
                      00034 ;                                                                     *
                      00035 ;**********************************************************************
                      00036 
                      00037     list      p=16F690           ; list directive to define processor
                      00038     #include <p16F690.inc>        ; processor specific variable definitions
                      00001         LIST
                      00002 
                      00003 ;==========================================================================
                      00004 ;  MPASM PIC16F690 processor include
                      00005 ; 
                      00006 ;  (c) Copyright 1999-2011 Microchip Technology, All rights reserved
                      00007 ;==========================================================================
                      00008 
                      00753         LIST
                      00039 
                      00040     errorlevel  -302              ; suppress message 302 from list file
                      00041 
2007   30E4           00042     __CONFIG   _CP_OFF & _CPD_OFF & _BOR_OFF & _MCLRE_ON & _WDT_OFF & _PWRTE_ON & _INTRC_OSC_NOCLKOUT & 
                            _FCMEN_OFF & _IESO_OFF 
                      00043 
MPASM  5.43                          MAIN.ASM   6-21-2014  22:11:13         PAGE  2


LOC  OBJECT CODE     LINE SOURCE TEXT
  VALUE

                      00044 ; '__CONFIG' directive is used to embed configuration word within .asm file.
                      00045 ; The lables following the directive are located in the respective .inc file.
                      00046 ; See data sheet for additional information on configuration word settings.
                      00047 
                      00048 ;***** VARIABLE DEFINITIONS (examples)
                      00049 VARS            UDATA
0000                  00050 sPORTC          RES             1
0001                  00051 periodCount RES         1
0002                  00052 dutyCount       RES             1
                      00053 
                      00054 ; example of using Shared Uninitialized Data Section
                      00055 INT_VAR     UDATA_SHR     
0000                  00056 w_temp      RES     1       ; variable used for context saving 
0001                  00057 status_temp RES     1       ; variable used for context saving
0002                  00058 pclath_temp RES     1       ; variable used for context saving
                      00059 
                      00060 ;**********************************************************************
                      00061 RESET_VECTOR    CODE    0x0000       ; processor reset vector
0000   2???           00062         goto    start                ; go to beginning of program
                      00063 
                      00064 INT_VECTOR      CODE    0x0004       ; interrupt vector location
                      00065 
0004                  00066 INTERRUPT
                      00067 
0004   00??           00068         movwf   w_temp            ; save off current W register contents
0005   0803           00069         movf    STATUS,w          ; move status register into W register
0006   00??           00070         movwf   status_temp       ; save off contents of STATUS register
0007   080A           00071         movf    PCLATH,w          ; move pclath register into W register
0008   00??           00072         movwf   pclath_temp       ; save off contents of PCLATH register
                      00073 
                      00074                 ; isr code
0009   ???? ????      00075                 banksel periodCount
000B   0A??           00076                 incf    periodCount, f
                      00077 
                      00078                 ;movlw  .8
000C   3068           00079                 movlw   .104
000D   1283 1303      00080                 banksel TMR0
000F   0081           00081                 movwf   TMR0
                      00082         
                      00083         
                      00084                 ;---------------------------------------------------
                      00085                 ; Enabling interrupt again
                      00086                 ;---------------------------------------------------
0010                  00087 int_enable
0010   1283 1303      00088                 banksel INTCON
0012   110B           00089                 bcf             INTCON, T0IF
                      00090                 ;---------------------------------------------------
                      00091 
0013   08??           00092         movf    pclath_temp,w     ; retrieve copy of PCLATH register
0014   008A           00093         movwf   PCLATH            ; restore pre-isr PCLATH register contents
0015   08??           00094         movf    status_temp,w     ; retrieve copy of STATUS register
0016   0083           00095         movwf   STATUS            ; restore pre-isr STATUS register contents
0017   0E??           00096         swapf   w_temp,f
MPASM  5.43                          MAIN.ASM   6-21-2014  22:11:13         PAGE  3


LOC  OBJECT CODE     LINE SOURCE TEXT
  VALUE

0018   0E??           00097         swapf   w_temp,w          ; restore pre-isr W register contents
0019   0009           00098         retfie                    ; return from interrupt
                      00099 
                      00100 MAIN_PROG       CODE
                      00101 
0000                  00102 start
                      00103 
0000   2???           00104                 call init
                      00105                 
                      00106 
0001   3000           00107                 movlw 0x00
0002   1283 1303      00108                 banksel PORTC
0004   0087           00109                 movwf PORTC
                      00110 
0005                  00111 loop
0005   3000           00112                 movlw   .0
0006   ???? ????      00113                 banksel periodCount
0008   06??           00114                 xorwf   periodCount, w
0009   1D03           00115                 btfss   STATUS, Z
000A   2???           00116                 goto    upperb
000B   0000           00117                 nop
                      00118 
000C                  00119 port_enable
000C   300F           00120                 movlw   0x0F
000D   1283 1303      00121                 banksel PORTC
000F   0087           00122                 movwf   PORTC
0010   2???           00123                 goto    loop
                      00124 
0011                  00125 upperb
0011   3006           00126                 movlw   .6
                      00127                 ;movlw  .20
0012   ???? ????      00128                 banksel periodCount
0014   06??           00129                 xorwf   periodCount, w
0015   1D03           00130                 btfss   STATUS, Z
0016   2???           00131                 goto    counter_reset
0017   0000           00132                 nop
                      00133 
0018                  00134 port_disable
0018   3000           00135                 movlw   0x00
0019   1283 1303      00136                 banksel PORTC
001B   0087           00137                 movwf   PORTC
001C   2???           00138                 goto    loop
                      00139 
001D                  00140 counter_reset
001D   3028           00141                 movlw   .40
                      00142                 ;movlw  .80
001E   ???? ????      00143                 banksel periodCount
0020   06??           00144                 xorwf   periodCount, w
0021   1D03           00145                 btfss   STATUS, Z
0022   2???           00146                 goto    loop
0023   0000           00147                 nop
                      00148 
0024   ???? ????      00149                 banksel periodCount
MPASM  5.43                          MAIN.ASM   6-21-2014  22:11:13         PAGE  4


LOC  OBJECT CODE     LINE SOURCE TEXT
  VALUE

0026   01??           00150                 clrf    periodCount
                      00151 
0027   2???           00152         goto    loop             ; loop forever
                      00153 
0028                  00154 init
                      00155                 ;---------------------------------------------------
                      00156                 ; Setting Speed 4Mhz, 1us instruction cycle
                      00157                 ;---------------------------------------------------
0028   3060           00158                 movlw   b'01100000'
0029   1683 1303      00159                 banksel OSCCON
002B   008F           00160                 movwf   OSCCON
                      00161                 ;---------------------------------------------------
                      00162 
                      00163                 ;---------------------------------------------------
                      00164                 ; Setting up PORTS for Digital IO
                      00165                 ;---------------------------------------------------
                      00166                 ; Switching to Bank 0
002C   1283           00167                 bcf     STATUS, RP0
002D   1303           00168                 bcf     STATUS, RP1
002E   0187           00169                 clrf PORTC
                      00170                 ; Switching to Bank 2
002F   1703           00171                 bsf     STATUS, RP1
0030   019E           00172                 clrf ANSEL
                      00173                 ; Switching to Bank 1
0031   1683           00174                 bsf     STATUS, RP0
0032   1303           00175                 bcf     STATUS, RP1
                      00176                 
0033   0187           00177                 clrf TRISC
                      00178                 ; Switching to Bank 0
0034   1283           00179                 bcf STATUS, RP0
                      00180                 ;--------------------------------------------------
                      00181 
0035   ???? ????      00182                 banksel sPORTC
0037   01??           00183                 clrf sPORTC
                      00184 
                      00185                 ;---------------------------------------------------
                      00186                 ; Setting up Interrupts
                      00187                 ;---------------------------------------------------
                      00188                 ; PORTA/PORTB Pull-up Disabled, PSA = Timer0, PS 1:2, delay = 1us * 256 * 2 = 512us
0038   1683 1303      00189                 banksel OPTION_REG
003A   3080           00190                 movlw   b'10000000'
                      00191                 ;movlw  b'10000111'
003B   0081           00192                 movwf   OPTION_REG
                      00193 
                      00194                 ; GIE, T0IE Enable
003C   1283 1303      00195                 banksel INTCON
003E   30A0           00196                 movlw   b'10100000'
003F   008B           00197                 movwf   INTCON
                      00198                 ;--------------------------------------------------
                      00199 
                      00200                 ;---------------------------------------------------
                      00201                 ; Setting up Counters
                      00202                 ;---------------------------------------------------
MPASM  5.43                          MAIN.ASM   6-21-2014  22:11:13         PAGE  5


LOC  OBJECT CODE     LINE SOURCE TEXT
  VALUE

0040   ???? ????      00203                 banksel periodCount
0042   01??           00204                 clrf    periodCount
                      00205                 ;banksel        dutyCount
                      00206                 ;clrf   dutyCount
                      00207                 ;--------------------------------------------------
                      00208 
0043   3000           00209                 movlw   .0
0044   ???? ????      00210                 banksel dutyCount
0046   00??           00211                 movwf   dutyCount
                      00212 
                      00213                 ; Cycle count = 256 - 154 + 2 = 100
                      00214                 ;movlw  .8
0047   3068           00215                 movlw   .104
0048   1283 1303      00216                 banksel TMR0
004A   0081           00217                 movwf   TMR0
                      00218 
004B   0008           00219                 return
                      00220 
                      00221 ; initialize eeprom locations
                      00222 
                      00223 EE      CODE    0x2100
2100   0000 0001 0002 00224         DE  0x00, 0x01, 0x02, 0x03
       0003 
                      00225 
30E4                  00226         END                       ; directive 'end of program'
MPASM  5.43                          MAIN.ASM   6-21-2014  22:11:13         PAGE  6


SYMBOL TABLE
  LABEL                             VALUE 

ABDEN                             00000000
ABDOVF                            00000007
ADCON0                            0000001F
ADCON1                            0000009F
ADCS0                             00000004
ADCS1                             00000005
ADCS2                             00000006
ADDEN                             00000003
ADFM                              00000007
ADIE                              00000006
ADIF                              00000006
ADON                              00000000
ADRESH                            0000001E
ADRESL                            0000009E
ANS0                              00000000
ANS1                              00000001
ANS10                             00000002
ANS11                             00000003
ANS2                              00000002
ANS3                              00000003
ANS4                              00000004
ANS5                              00000005
ANS6                              00000006
ANS7                              00000007
ANS8                              00000000
ANS9                              00000001
ANSEL                             0000011E
ANSELH                            0000011F
BAUDCTL                           0000009B
BF                                00000000
BRG0                              00000000
BRG1                              00000001
BRG10                             00000002
BRG11                             00000003
BRG12                             00000004
BRG13                             00000005
BRG14                             00000006
BRG15                             00000007
BRG16                             00000003
BRG2                              00000002
BRG3                              00000003
BRG4                              00000004
BRG5                              00000005
BRG6                              00000006
BRG7                              00000007
BRG8                              00000000
BRG9                              00000001
BRGH                              00000002
C                                 00000000
C1CH0                             00000000
C1CH1                             00000001
C1IE                              00000005
C1IF                              00000005
MPASM  5.43                          MAIN.ASM   6-21-2014  22:11:13         PAGE  7


SYMBOL TABLE
  LABEL                             VALUE 

C1OE                              00000005
C1ON                              00000007
C1OUT                             00000006
C1POL                             00000004
C1R                               00000002
C1SEN                             00000005
C1VREN                            00000007
C2CH0                             00000000
C2CH1                             00000001
C2IE                              00000006
C2IF                              00000006
C2OE                              00000005
C2ON                              00000007
C2OUT                             00000006
C2POL                             00000004
C2R                               00000002
C2REN                             00000004
C2SYNC                            00000000
C2VREN                            00000006
CCP1CON                           00000017
CCP1IE                            00000002
CCP1IF                            00000002
CCP1M0                            00000000
CCP1M1                            00000001
CCP1M2                            00000002
CCP1M3                            00000003
CCPR1H                            00000016
CCPR1L                            00000015
CHS0                              00000002
CHS1                              00000003
CHS2                              00000004
CHS3                              00000005
CKE                               00000006
CKP                               00000004
CM1CON0                           00000119
CM2CON0                           0000011A
CM2CON1                           0000011B
CREN                              00000004
CSRC                              00000007
D                                 00000005
DATA_ADDRESS                      00000005
DC                                00000001
DC1B0                             00000004
DC1B1                             00000005
D_A                               00000005
D_NOT_A                           00000005
ECCPAS                            0000001D
ECCPAS0                           00000004
ECCPAS1                           00000005
ECCPAS2                           00000006
ECCPASE                           00000007
EEADR                             0000010D
EEADRH                            0000010F
MPASM  5.43                          MAIN.ASM   6-21-2014  22:11:13         PAGE  8


SYMBOL TABLE
  LABEL                             VALUE 

EECON1                            0000018C
EECON2                            0000018D
EEDAT                             0000010C
EEDATA                            0000010C
EEDATH                            0000010E
EEIE                              00000004
EEIF                              00000004
EEPGD                             00000007
F                                 00000001
FERR                              00000002
FSR                               00000004
GIE                               00000007
GO                                00000001
GO_DONE                           00000001
GO_NOT_DONE                       00000001
HTS                               00000002
I2C_DATA                          00000005
I2C_READ                          00000002
I2C_START                         00000003
I2C_STOP                          00000004
INDF                              00000000
INTCON                            0000000B
INTE                              00000004
INTEDG                            00000006
INTERRUPT                         00000004
INTF                              00000001
IOC                               00000096
IOC0                              00000000
IOC1                              00000001
IOC2                              00000002
IOC3                              00000003
IOC4                              00000004
IOC5                              00000005
IOCA                              00000096
IOCA0                             00000000
IOCA1                             00000001
IOCA2                             00000002
IOCA3                             00000003
IOCA4                             00000004
IOCA5                             00000005
IOCB                              00000116
IOCB4                             00000004
IOCB5                             00000005
IOCB6                             00000006
IOCB7                             00000007
IRCF0                             00000004
IRCF1                             00000005
IRCF2                             00000006
IRP                               00000007
LTS                               00000001
MC1OUT                            00000007
MC2OUT                            00000006
MSK                               00000093
MPASM  5.43                          MAIN.ASM   6-21-2014  22:11:13         PAGE  9


SYMBOL TABLE
  LABEL                             VALUE 

MSK0                              00000000
MSK1                              00000001
MSK2                              00000002
MSK3                              00000003
MSK4                              00000004
MSK5                              00000005
MSK6                              00000006
MSK7                              00000007
NOT_A                             00000005
NOT_ADDRESS                       00000005
NOT_BOR                           00000000
NOT_DONE                          00000001
NOT_PD                            00000003
NOT_POR                           00000001
NOT_RABPU                         00000007
NOT_T1SYNC                        00000002
NOT_TO                            00000004
NOT_W                             00000002
NOT_WRITE                         00000002
OERR                              00000001
OPTION_REG                        00000081
OSCCON                            0000008F
OSCTUNE                           00000090
OSFIE                             00000007
OSFIF                             00000007
OSTS                              00000003
P                                 00000004
P1M0                              00000006
P1M1                              00000007
PCL                               00000002
PCLATH                            0000000A
PCON                              0000008E
PDC0                              00000000
PDC1                              00000001
PDC2                              00000002
PDC3                              00000003
PDC4                              00000004
PDC5                              00000005
PDC6                              00000006
PEIE                              00000006
PIE1                              0000008C
PIE2                              0000008D
PIR1                              0000000C
PIR2                              0000000D
PORTA                             00000005
PORTB                             00000006
PORTC                             00000007
PR2                               00000092
PRSEN                             00000007
PS0                               00000000
PS1                               00000001
PS2                               00000002
PSA                               00000003
MPASM  5.43                          MAIN.ASM   6-21-2014  22:11:13         PAGE 10


SYMBOL TABLE
  LABEL                             VALUE 

PSSAC0                            00000002
PSSAC1                            00000003
PSSBD0                            00000000
PSSBD1                            00000001
PSTRCON                           0000019D
PULSR                             00000002
PULSS                             00000003
PWM1CON                           0000001C
R                                 00000002
RA0                               00000000
RA1                               00000001
RA2                               00000002
RA3                               00000003
RA4                               00000004
RA5                               00000005
RABIE                             00000003
RABIF                             00000000
RB4                               00000004
RB5                               00000005
RB6                               00000006
RB7                               00000007
RC0                               00000000
RC1                               00000001
RC2                               00000002
RC3                               00000003
RC4                               00000004
RC5                               00000005
RC6                               00000006
RC7                               00000007
RCIDL                             00000006
RCIE                              00000005
RCIF                              00000005
RCREG                             0000001A
RCSTA                             00000018
RD                                00000000
READ_WRITE                        00000002
RP0                               00000005
RP1                               00000006
RX9                               00000006
RX9D                              00000000
R_NOT_W                           00000002
R_W                               00000002
S                                 00000003
SBOREN                            00000004
SCKP                              00000004
SCS                               00000000
SENB                              00000003
SENDB                             00000003
SMP                               00000007
SPBRG                             00000099
SPBRGH                            0000009A
SPEN                              00000007
SR0                               00000006
MPASM  5.43                          MAIN.ASM   6-21-2014  22:11:13         PAGE 11


SYMBOL TABLE
  LABEL                             VALUE 

SR1                               00000007
SRCON                             0000019E
SREN                              00000005
SSPADD                            00000093
SSPBUF                            00000013
SSPCON                            00000014
SSPEN                             00000005
SSPIE                             00000003
SSPIF                             00000003
SSPM0                             00000000
SSPM1                             00000001
SSPM2                             00000002
SSPM3                             00000003
SSPMSK                            00000093
SSPOV                             00000006
SSPSTAT                           00000094
STATUS                            00000003
STRA                              00000000
STRB                              00000001
STRC                              00000002
STRD                              00000003
STRSYNC                           00000004
SWDTEN                            00000000
SYNC                              00000004
T0CS                              00000005
T0IE                              00000005
T0IF                              00000002
T0SE                              00000004
T1CKPS0                           00000004
T1CKPS1                           00000005
T1CON                             00000010
T1GINV                            00000007
T1GSS                             00000001
T1IE                              00000000
T1IF                              00000000
T1OSCEN                           00000003
T2CKPS0                           00000000
T2CKPS1                           00000001
T2CON                             00000012
T2IE                              00000001
T2IF                              00000001
TMR0                              00000001
TMR1CS                            00000001
TMR1GE                            00000006
TMR1H                             0000000F
TMR1IE                            00000000
TMR1IF                            00000000
TMR1L                             0000000E
TMR1ON                            00000000
TMR2                              00000011
TMR2IE                            00000001
TMR2IF                            00000001
TMR2ON                            00000002
MPASM  5.43                          MAIN.ASM   6-21-2014  22:11:13         PAGE 12


SYMBOL TABLE
  LABEL                             VALUE 

TOUTPS0                           00000003
TOUTPS1                           00000004
TOUTPS2                           00000005
TOUTPS3                           00000006
TRISA                             00000085
TRISA0                            00000000
TRISA1                            00000001
TRISA2                            00000002
TRISA3                            00000003
TRISA4                            00000004
TRISA5                            00000005
TRISB                             00000086
TRISB4                            00000004
TRISB5                            00000005
TRISB6                            00000006
TRISB7                            00000007
TRISC                             00000087
TRISC0                            00000000
TRISC1                            00000001
TRISC2                            00000002
TRISC3                            00000003
TRISC4                            00000004
TRISC5                            00000005
TRISC6                            00000006
TRISC7                            00000007
TRMT                              00000001
TUN0                              00000000
TUN1                              00000001
TUN2                              00000002
TUN3                              00000003
TUN4                              00000004
TX9                               00000006
TX9D                              00000000
TXEN                              00000005
TXIE                              00000004
TXIF                              00000004
TXREG                             00000019
TXSTA                             00000098
UA                                00000001
ULPWUE                            00000005
VCFG                              00000006
VP6EN                             00000004
VR0                               00000000
VR1                               00000001
VR2                               00000002
VR3                               00000003
VRCON                             00000118
VRR                               00000005
W                                 00000000
WCOL                              00000007
WDTCON                            00000097
WDTPS0                            00000001
WDTPS1                            00000002
MPASM  5.43                          MAIN.ASM   6-21-2014  22:11:13         PAGE 13


SYMBOL TABLE
  LABEL                             VALUE 

WDTPS2                            00000003
WDTPS3                            00000004
WPU                               00000095
WPU0                              00000000
WPU1                              00000001
WPU2                              00000002
WPU4                              00000004
WPU5                              00000005
WPUA                              00000095
WPUA0                             00000000
WPUA1                             00000001
WPUA2                             00000002
WPUA4                             00000004
WPUA5                             00000005
WPUB                              00000115
WPUB4                             00000004
WPUB5                             00000005
WPUB6                             00000006
WPUB7                             00000007
WR                                00000001
WREN                              00000002
WRERR                             00000003
WUE                               00000001
Z                                 00000002
_BOD_NSLEEP                       00003EFF
_BOD_OFF                          00003CFF
_BOD_ON                           00003FFF
_BOD_SBODEN                       00003DFF
_BOREN_NSLEEP                     00003EFF
_BOREN_OFF                        00003CFF
_BOREN_ON                         00003FFF
_BOREN_SBODEN                     00003DFF
_BOR_NSLEEP                       00003EFF
_BOR_OFF                          00003CFF
_BOR_ON                           00003FFF
_BOR_SBODEN                       00003DFF
_CONFIG                           00002007
_CPD_OFF                          00003FFF
_CPD_ON                           00003F7F
_CP_OFF                           00003FFF
_CP_ON                            00003FBF
_DEVID1                           00002006
_EC_OSC                           00003FFB
_EXTRC                            00003FFF
_EXTRCIO                          00003FFE
_EXTRC_OSC_CLKOUT                 00003FFF
_EXTRC_OSC_NOCLKOUT               00003FFE
_FCMEN_OFF                        000037FF
_FCMEN_ON                         00003FFF
_FOSC_EC                          00003FFB
_FOSC_EXTRCCLK                    00003FFF
_FOSC_EXTRCIO                     00003FFE
_FOSC_HS                          00003FFA
MPASM  5.43                          MAIN.ASM   6-21-2014  22:11:13         PAGE 14


SYMBOL TABLE
  LABEL                             VALUE 

_FOSC_INTRCCLK                    00003FFD
_FOSC_INTRCIO                     00003FFC
_FOSC_LP                          00003FF8
_FOSC_XT                          00003FF9
_HS_OSC                           00003FFA
_IDLOC0                           00002000
_IDLOC1                           00002001
_IDLOC2                           00002002
_IDLOC3                           00002003
_IESO_OFF                         00003BFF
_IESO_ON                          00003FFF
_INTOSC                           00003FFD
_INTOSCIO                         00003FFC
_INTRC_OSC_CLKOUT                 00003FFD
_INTRC_OSC_NOCLKOUT               00003FFC
_LP_OSC                           00003FF8
_MCLRE_OFF                        00003FDF
_MCLRE_ON                         00003FFF
_PWRTE_OFF                        00003FFF
_PWRTE_ON                         00003FEF
_WDTE_OFF                         00003FF7
_WDTE_ON                          00003FFF
_WDT_OFF                          00003FF7
_WDT_ON                           00003FFF
_XT_OSC                           00003FF9
__16F690                          00000001
__DEBUG                           1
counter_reset                     0000001D
dutyCount                         00000002
init                              00000028
int_enable                        00000010
loop                              00000005
pclath_temp                       00000002
periodCount                       00000001
port_disable                      00000018
port_enable                       0000000C
sPORTC                            00000000
start                             00000000
status_temp                       00000001
upperb                            00000011
w_temp                            00000000

Errors   :     0
Warnings :     0 reported,     0 suppressed
Messages :     0 reported,     4 suppressed

