MPASM  5.43                         START.ASM   12-30-2013  21:44:36         PAGE  1


LOC  OBJECT CODE     LINE SOURCE TEXT
  VALUE

                      00001 ;**********************************************************************
                      00002 ;   This file is a basic code template for object module code         *
                      00003 ;   generation on the PIC16F716. This file contains the               *
                      00004 ;   basic code building blocks to build upon.                         *
                      00005 ;                                                                     *
                      00006 ;   Refer to the MPASM User's Guide for additional information on     *
                      00007 ;   features of the assembler and linker (Document DS33014).          *
                      00008 ;                                                                     *
                      00009 ;   Refer to the respective PIC data sheet for additional             *
                      00010 ;   information on the instruction set.                               *
                      00011 ;                                                                     *
                      00012 ;**********************************************************************
                      00013 ;                                                                     *
                      00014 ;    Filename:      xxx.asm                                           *
                      00015 ;    Date:                                                            *
                      00016 ;    File Version:                                                    *
                      00017 ;                                                                     *
                      00018 ;    Author:                                                          *
                      00019 ;    Company:                                                         *
                      00020 ;                                                                     *
                      00021 ;                                                                     *
                      00022 ;**********************************************************************
                      00023 ;                                                                     *
                      00024 ;    Files required: P16F716.INC                                      *
                      00025 ;                                                                     *
                      00026 ;                                                                     *
                      00027 ;                                                                     *
                      00028 ;**********************************************************************
                      00029 ;                                                                     *
                      00030 ;    Notes:                                                           *
                      00031 ;                                                                     *
                      00032 ;                                                                     *
                      00033 ;                                                                     *
                      00034 ;                                                                     *
                      00035 ;**********************************************************************
                      00036 
                      00037     list      p=16F716              ; list directive to define processor
                      00038     #include <p16F716.inc>          ; processor specific variable definitions
                      00001         LIST
                      00002 
                      00003 ;==========================================================================
                      00004 ;  MPASM PIC16F716 processor include
                      00005 ; 
                      00006 ;  (c) Copyright 1999-2011 Microchip Technology, All rights reserved
                      00007 ;==========================================================================
                      00008 
                      00370         LIST
                      00039 
                      00040     errorlevel  -302                ; suppress message 302 from list file
                      00041 
                      00042 ; '__CONFIG' directive is used to embed configuration word within .asm file.
                      00043 ; The lables following the directive are located in the respective .inc file.
                      00044 ; See data sheet for additional information on configuration word settings.
MPASM  5.43                         START.ASM   12-30-2013  21:44:36         PAGE  2


LOC  OBJECT CODE     LINE SOURCE TEXT
  VALUE

                      00045 
2007   3F31           00046     __CONFIG    _CP_OFF & _VBOR_25 & _BOREN_OFF & _PWRTE_ON & _WDT_OFF & _XT_OSC
                      00047 
                      00048 ;***** VARIABLE DEFINITIONS (examples)
                      00049 
                      00050 ; example of using Shared Uninitialized Data Section
                      00051 INT_VAR     UDATA    
0000                  00052 w_temp      RES     1       ; variable used for context saving 
0001                  00053 status_temp RES     1       ; variable used for context saving
0002                  00054 sample_count   RES     1        
0003                  00055 delay_count    RES     1        
0004                  00056 time_scaler    RES     1
                      00057 ;flash_counter    RES     1
                      00058 ;flash_counter_2  RES     1
0005                  00059 scale_value      RES     1
0006                  00060 counter_value_1  RES     1
0007                  00061 counter_value_2  RES     1
0008                  00062 ones_count              RES             1
0009                  00063 tens_count              RES             1
000A                  00064 hundreds_count  RES             1
                      00065 
000B                  00066 mpx_cnt                  RES     1
                      00067 
                      00068 INT_VAR1    UDATA   
0000                  00069 w1_temp     RES 1           ; bank 1 w_temp register
                      00070 
                      00071 ;**********************************************************************
                      00072 RESET_VECTOR    CODE    0x0000  ; processor reset vector
0000   2???           00073         goto    start           ; go to beginning of program
                      00074 
                      00075 INT_VECTOR      CODE    0x0004  ; interrupt vector location
                      00076 
0004                  00077 INTERRUPT
                      00078 
0004   00??           00079         movwf   w_temp          ; save off current W register contents
0005   0803           00080         movf    STATUS,w        ; move status register into W register
0006   1283           00081         bcf STATUS,RP0  ; select bank0
0007   00??           00082         movwf   status_temp     ; save off contents of STATUS register
                      00083 
                      00084 ; isr code can go here or be located as a call subroutine elsewhere
                      00085 
                      00086 
0008   1283           00087         bcf STATUS,RP0  ; select bank0
0009   08??           00088         movf    status_temp,W   ; retrieve copy of STATUS register
000A   0083           00089         movwf   STATUS          ; restore pre-isr STATUS register contents
000B   0E??           00090         swapf   w_temp,F
000C   0E??           00091         swapf   w_temp,W        ; restore pre-isr W register contents
000D   0009           00092         retfie                  ; return from interrupt
                      00093        
                      00094 MAIN_PROG       CODE
                      00095 
0000                  00096 start
                      00097 ; remaining code goes here
MPASM  5.43                         START.ASM   12-30-2013  21:44:36         PAGE  3


LOC  OBJECT CODE     LINE SOURCE TEXT
  VALUE

0000   1283           00098                 BCF STATUS, RP0                 ; Switching to bank 0
                      00099                 ;CLRF PORTB                             ; All pins cleared to output
                      00100                 
                      00101                 ;BSF STATUS, RP0                        ; switching to bank 1
                      00102                 ;CLRF TRISB                             ; Set all pins as Outputs
                      00103                 ;BCF STATUS, RP0                        ; Switching to bank 0
                      00104                 ;BSF PORTB, RB0
                      00105                 ;movlw b'0000'
                      00106                 ;movwf PORTB
                      00107                 ;CLRF counter
0001   0186           00108                 clrf PORTB
0002   0185           00109                 clrf PORTA
0003   1585           00110                 bsf PORTA, RA3                ; setting RA3 as input
0004   1505           00111                 bsf PORTA, RA2                ; setting RA2 as input
                      00112          
0005   1683           00113                 bsf  STATUS, RP0            ; Switching to bank 1
                      00114           ;clrf TRISA
                      00115           ; Enabling weak pull-ups
                      00116 
                      00117 
0006   0186           00118                 clrf TRISB
0007   0185           00119                 clrf TRISA
0008   1585           00120                 bsf TRISA, RA3
0009   1505           00121                 bsf TRISA, RA2
                      00122 
000A   3001           00123                 movlw 1<<PCFG0|0<<PCFG1|0<<PCFG2
                      00124                 ;movlw 1<<C1OUT|1<<CIS
000B   009F           00125                 movwf ADCON1
                      00126 
                      00127                 ;bsf TRISB, TRISB7      
000C   1283           00128                 bcf  STATUS, RP0            ; Switching back to bank 0
                      00129 
                      00130                 ;movlw 0<<PCFG0|0<<PCFG1|0<<PCFG2
                      00131                 ;movlw 1<<C1OUT|1<<CIS
                      00132                 ;movwf ADCON1
                      00133 
000D   3051           00134                 movlw b'01010001'
                      00135                           ; 01-------
                      00136                           ; --010----
                      00137                           ; -------1
000E   009F           00138                 movwf ADCON0
                      00139         
                      00140                 ;movlw b'000'
                      00141                           ;01-------
                      00142                           ;--011----
                      00143                           ;--------1
                      00144                 ;movwf ADCON1
                      00145 
                      00146 
                      00147 
                      00148 
000F   3057           00149                 movlw b'01010111'
                      00150                           ; 0-------                            ; Weak pull up enable
MPASM  5.43                         START.ASM   12-30-2013  21:44:36         PAGE  4


LOC  OBJECT CODE     LINE SOURCE TEXT
  VALUE

                      00151                           ; --0-----                            ;Timer mode (T0CS = 0)
                      00152                           ; ----0---                            ;Prescaler assigned to Timer0 (PSA = 0)
                      00153                           ; -----111                            ;Prescale = 256 (PS = 111)
Warning[224]: Use of this instruction is not recommended.
0010   0062           00154                 option
                      00155 
                      00156                 ;bcf PORTB, RB0
                      00157                 ;bcf PORTB, RB1
                      00158 
                      00159                 ;bcf PORTA, RA0
                      00160                 ;bsf PORTA, RA1
                      00161                 ;bcf PORTA, RA1
                      00162                 ;bsf PORTA, RA1
                      00163                 ;bsf PORTA, RA2
                      00164 
                      00165                 ;bsf PORTA, RA0
                      00166                 ;bsf PORTA, RA1
                      00167                 ;bsf PORTA, RA2
0011   3003           00168                 movlw b'11'
0012   0085           00169                 movwf PORTA
0013   1786           00170                 bsf PORTB, RB7
                      00171 
                      00172                 ;movlw b'1111111'
                      00173                 ;movwf PORTB
                      00174                 ;clrf counter_value_1
                      00175 
                      00176 
0014                  00177 MAINLOOP
0014   01??           00178                 clrf counter_value_1
0015   01??           00179                 clrf counter_value_2
                      00180 
0016   01??           00181                 clrf hundreds_count
0017   01??           00182                 clrf tens_count
0018   01??           00183                 clrf ones_count
                      00184 
                      00185                 ;movlw 0x12
                      00186                 ;addwf counter_value_1
                      00187                 ;movlw 0x09
                      00188                 ;movwf counter_value_1
                      00189                 ;movwf counter_value_2
                      00190                 ;bcf PORTA, RA1
                      00191             ;bcf PORTA, RA2
                      00192                 ;bsf PORTB, RB7
Warning[202]: Argument out of range.  Least significant bits used.
0019   30F7           00193                 movlw 1000000/2048/2
001A   00??           00194                 movwf mpx_cnt
                      00195 
001B   151F           00196                 bsf ADCON0, GO
                      00197 
001C   191F           00198 w_adc   btfsc ADCON0, NOT_DONE
001D   2???           00199                 goto w_adc
                      00200 
001E   081E           00201                 movf ADRES, w
MPASM  5.43                         START.ASM   12-30-2013  21:44:36         PAGE  5


LOC  OBJECT CODE     LINE SOURCE TEXT
  VALUE

001F   00??           00202                 movwf counter_value_1
                      00203 
                      00204                 ;movlw .255
0020   00??           00205                 movwf counter_value_1
                      00206 
                      00207                 ;rlf counter_value_1, f
                      00208 
0021                  00209 hundreds_c
Message[305]: Using default destination of 1 (file).
0021   0A??           00210                 incf hundreds_count
0022   08??           00211                 movf counter_value_1, w
0023   00??           00212                 movwf sample_count
0024   3064           00213                 movlw .100
0025   02??           00214                 subwf counter_value_1, f
0026   1C03           00215                 btfss STATUS, C
0027   1903           00216                 btfsc STATUS, Z
0028   2???           00217                 goto hundreds_c
                      00218 
0029   08??           00219                 movf sample_count, w
002A   00??           00220                 movwf counter_value_1
                      00221 
                      00222         ;movlw 200
                      00223         ;subwf counter_value_1, f
                      00224         ;movwf counter_value_1
                      00225 
002B                  00226 tens_c
Message[305]: Using default destination of 1 (file).
002B   0A??           00227                 incf tens_count
002C   08??           00228                 movf counter_value_1, w
002D   00??           00229                 movwf sample_count
002E   300A           00230                 movlw .10
002F   02??           00231                 subwf counter_value_1, 1
0030   1C03           00232                 btfss STATUS, C
0031   1903           00233                 btfsc STATUS, Z
0032   2???           00234                 goto tens_c
                      00235 
0033   08??           00236                 movf sample_count, w
0034   00??           00237                 movwf counter_value_1
                      00238                 ;addwf counter_value_1
                      00239 
0035                  00240 ones_c
Message[305]: Using default destination of 1 (file).
0035   0A??           00241                 incf ones_count
0036   08??           00242                 movf counter_value_1, w
0037   00??           00243                 movwf sample_count
0038   3001           00244                 movlw .1
0039   02??           00245                 subwf counter_value_1, 1
003A   1C03           00246                 btfss STATUS, C
003B   1903           00247                 btfsc STATUS, Z
003C   2???           00248                 goto ones_c
                      00249 
003D   08??           00250                 movf sample_count, w
003E   00??           00251                 movwf counter_value_1
MPASM  5.43                         START.ASM   12-30-2013  21:44:36         PAGE  6


LOC  OBJECT CODE     LINE SOURCE TEXT
  VALUE

                      00252 
Message[305]: Using default destination of 1 (file).
003F   03??           00253                 decf hundreds_count
Message[305]: Using default destination of 1 (file).
0040   03??           00254                 decf tens_count
Message[305]: Using default destination of 1 (file).
0041   03??           00255                 decf ones_count
                      00256                 ;movlw .001
                      00257                 ;swapf tens_count, w
                      00258                 ;andlw 0xF0
                      00259                 ;movlw 0x90
                      00260                 ;movwf counter_value_1
                      00261 
                      00262                 ;swapf ones_count, w
                      00263                 ;movf ones_count, w
                      00264                 ;andlw 0xF0
                      00265                 ;movlw 0x90
                      00266                 ;movwf counter_value_1
                      00267 
                      00268                 ;movf ones_count, w
0042   08??           00269                 movf hundreds_count, w
                      00270                 
                      00271                 ;movf counter_value_1, w
                      00272                 ;movf tens_count, w
                      00273                 ;movlw .3
0043   00??           00274                 movwf counter_value_2
                      00275 
0044   3000           00276                 movlw 0x00
0045   00??           00277                 movwf counter_value_1
                      00278 
                      00279                 ;movf tens_count, w
0046   0E??           00280                 swapf tens_count, w
0047   39F0           00281                 andlw 0xF0
0048   00??           00282                 movwf counter_value_1
                      00283 
0049   08??           00284                 movf ones_count, w
                      00285                 ;swapf tens_count, w
004A   390F           00286                 andlw 0x0F
Message[305]: Using default destination of 1 (file).
004B   07??           00287                 addwf counter_value_1
                      00288 
                      00289                 ;movlw 0x65
                      00290                 ;movwf counter_value_1
                      00291 
                      00292                 ;movlw b'1111111'
                      00293                 ;movwf PORTB
                      00294 
004C                  00295 counter_loop
                      00296                 ;movlw .0
                      00297                 ;bcf PORTB, RB7
004C                  00298 c1_hi
004C   1D01           00299                 btfss TMR0, 2
004D   2???           00300                 goto c1_hi
MPASM  5.43                         START.ASM   12-30-2013  21:44:36         PAGE  7


LOC  OBJECT CODE     LINE SOURCE TEXT
  VALUE

                      00301 
                      00302                 ;btfss PORTB, RB7
                      00303                 ;goto MAINLOOP
                      00304                 ;bcf PORTA, RA0
                      00305                 ;bsf PORTA, RA1
                      00306                 ;movlw b'110'
004E   3002           00307                 movlw b'10'
004F   0085           00308                 movwf PORTA
                      00309 
                      00310                 ;swapf counter_value_1, w
                      00311                 ;swapf counter_value_1, w
0050   08??           00312                 movfw counter_value_1
0051   390F           00313                 andlw 0x0F
                      00314                 ;movfw counter_value_1
0052   2???           00315                 call get7sc
0053   0086           00316                 movwf PORTB
                      00317                 ;bcf PORTA, RA1
                      00318                 ;bsf PORTA, RA0
                      00319                 ;movlw b'0101'
                      00320                 ;movwf PORTA
                      00321 
0054                  00322 c1_lo
0054   1901           00323                 btfsc TMR0, 2
0055   2???           00324                 goto c1_lo
                      00325 
0056   307F           00326                 movlw b'1111111'
0057   0086           00327                 movwf PORTB
                      00328 
                      00329                 ;btfss PORTB, RB7
                      00330                 ;goto MAINLOOP
                      00331 
                      00332                 ;call wait_delay
0058                  00333 c2_hi
0058   1D01           00334                 btfss TMR0, 2
0059   2???           00335                 goto c2_hi
                      00336 
                      00337                 ;btfss PORTB, RB7
                      00338                 ;goto MAINLOOP
                      00339 
                      00340                 ;bsf PORTA, RA0
                      00341                 ;bcf PORTA, RA1
                      00342                 ;movlw b'101'
005A   3001           00343                 movlw b'01'
005B   0085           00344                 movwf PORTA
                      00345 
                      00346                 ;movfw counter_value_1
                      00347                 ;andlw 0x0F
005C   0E??           00348                 swapf counter_value_1, w
                      00349                 ;movfw counter_value_1
005D   390F           00350                 andlw 0x0F
005E   2???           00351                 call get7sc
005F   0086           00352                 movwf PORTB
                      00353                 ;bsf PORTA, RA1
MPASM  5.43                         START.ASM   12-30-2013  21:44:36         PAGE  8


LOC  OBJECT CODE     LINE SOURCE TEXT
  VALUE

                      00354                 ;bcf PORTA, RA0
                      00355                 ;movlw b'0110'
                      00356                 ;movwf PORTA
                      00357 
                      00358 
0060                  00359 c2_lo
0060   1901           00360                 btfsc TMR0, 2
0061   2???           00361                 goto c2_lo
                      00362 
0062   307F           00363                 movlw b'1111111'
0063   0086           00364                 movwf PORTB
                      00365 
                      00366                 ;movlw b'0111'
                      00367                 ;movwf PORTA
                      00368                 
                      00369                 ;btfss PORTB, RB7
                      00370                 ;goto MAINLOOP
                      00371                 ;movlw .1
                      00372                 ;call wait_delay
                      00373 
                      00374                 ;movf TMR0, w   
                      00375                 ;xorlw .40
                      00376                 ;btfss STATUS, Z                ;(256 * 40 = 100ms)
                      00377                 ;goto counter_loop
                      00378 
                      00379                 ;incf time_scaler, f
                      00380                 ;movfw scale_value
                      00381                 ;movlw .10
                      00382                 ;xorwf time_scaler, w
                      00383                 ;btfss STATUS, Z
                      00384                 ;goto cl_tmr
                      00385                 ;movlw b'1111111'
                      00386                 ;movwf PORTB
                      00387 
0064                  00388 c3_hi
0064   1D01           00389                 btfss TMR0, 2
0065   2???           00390                 goto c3_hi
                      00391 
                      00392                 ;btfss PORTB, RB7
                      00393                 ;goto MAINLOOP
                      00394 
                      00395                 ;bsf PORTA, RA0
                      00396                 ;bcf PORTA, RA1
                      00397                 ;movlw b'011'
0066   3003           00398                 movlw b'11'
0067   0085           00399                 movwf PORTA
                      00400                 ;bsf PORTB, RB7
                      00401 
                      00402                 ;movfw counter_value_1
                      00403                 ;andlw 0x0F
                      00404                 ;swapf counter_value_1, w
0068   08??           00405                 movfw counter_value_2
                      00406                 ;andlw 0x0F
MPASM  5.43                         START.ASM   12-30-2013  21:44:36         PAGE  9


LOC  OBJECT CODE     LINE SOURCE TEXT
  VALUE

0069   2???           00407                 call get7sc
006A   0086           00408                 movwf PORTB
                      00409                 ;bsf PORTA, RA1
                      00410                 ;bcf PORTA, RA0
                      00411                 ;movlw b'0011'
                      00412                 ;movwf PORTA
                      00413 
                      00414 
006B                  00415 c3_lo
006B   1901           00416                 btfsc TMR0, 2
006C   2???           00417                 goto c3_lo
                      00418 
006D   307F           00419                 movlw b'1111111'
006E   0086           00420                 movwf PORTB
                      00421 
                      00422                 ;bcf PORTB, RB7
                      00423 
006F   0B??           00424                 decfsz mpx_cnt, f
0070   2???           00425                 goto counter_loop
                      00426 
                      00427                 ;call wait_delay
                      00428 
                      00429                 ;decf counter_value_2, f
                      00430                 ;incf counter_value_1, f
                      00431                 ;swapf counter_value_1, w
                      00432                 ;addlw 0x01
                      00433                 ;movlw 0x10
                      00434                 ;addwf counter_value_1, f
                      00435                 ;movlw 0x01
                      00436                 ;subwf counter_value_1, f
                      00437                 ;movlw .10
                      00438                 ;movlw 0xA0
                      00439                 ;xorwf counter_value_1, w
                      00440                 ;btfss STATUS, Z
                      00441                 ;goto counter_loop
                      00442 
                      00443                 ;bsf PORTB, RB0
                      00444                 
                      00445                 ;movlw .9
                      00446                 ;call get7sc
                      00447                 ;movwf PORTB
                      00448                 ;call wait_delay
                      00449                 ;movlw .1
                      00450                 ;call get7sc
                      00451                 ;movwf PORTB
                      00452                 ;call wait_delay
                      00453                 ;movlw .0
                      00454                 ;movfw counter_value_1
                      00455                 ;call get7sc
                      00456                 ;movwf PORTB
                      00457 
                      00458                 ;call wait_delay
                      00459 
MPASM  5.43                         START.ASM   12-30-2013  21:44:36         PAGE 10


LOC  OBJECT CODE     LINE SOURCE TEXT
  VALUE

                      00460                 ;incf counter_value_1, f
                      00461                 ;movlw .10
                      00462                 ;xorwf counter_value_1, w
                      00463                 ;btfss STATUS, Z
                      00464                 ;goto  counter_loop
                      00465 
                      00466                 ;movlw 0x10
                      00467                 ;addwf counter_value_1, f
                      00468                 ;movlw 0x01
                      00469                 ;addwf counter_value_1, f
                      00470                 ;addwf counter_value_2, f
                      00471 
                      00472                 ;call wait_delay
                      00473 
                      00474                 ;movlw 0xA0
                      00475                 ;xorwf counter_value_1, w
                      00476                 ;btfss STATUS, Z
                      00477                 ;goto counter_loop
                      00478 
                      00479                 ;call wait_delay
                      00480 
0071   2???           00481                 goto MAINLOOP
                      00482 ;               clrf time_scaler
                      00483 
                      00484                 
0072                  00485 wait_delay
                      00486                 ;movwf scale_value
0072   01??           00487                 clrf time_scaler
0073                  00488 wait_s
0073   0181           00489                 clrf TMR0
0074                  00490 w_tmr
0074   0801           00491                 movf TMR0, w    
0075   3AFA           00492                 xorlw .250
0076   1D03           00493                 btfss STATUS, Z
0077   2???           00494                 goto w_tmr                      ;(250 * 32 = 8ms)
                      00495                 ;movwf sample_count
0078   0A??           00496                 incf time_scaler, f
                      00497                 ;movfw scale_value
0079   307D           00498                 movlw .125
007A   06??           00499                 xorwf time_scaler, w
007B   1D03           00500                 btfss STATUS, Z
007C   2???           00501                 goto wait_s
007D   0008           00502                 return
                      00503                 ;retlw 0
                      00504 
007E   2???           00505         goto MAINLOOP
                      00506 
007F                  00507 get7sc
007F   0782           00508                 addwf PCL, f
                      00509                 ;retlw b'1011111'               ;0
0080   3440           00510                 retlw b'1000000'                ;0
                      00511                 ;retlw b'0000110'               ;1
                      00512                 ;retlw b'1111001'               ;1
MPASM  5.43                         START.ASM   12-30-2013  21:44:36         PAGE 11


LOC  OBJECT CODE     LINE SOURCE TEXT
  VALUE

0081   347C           00513                 retlw b'1111100'                ;1
0082   3422           00514                 retlw b'0100010'                ;2
0083   3428           00515                 retlw b'0101000'                ;3
0084   341C           00516                 retlw b'0011100'                ;4
0085   3409           00517                 retlw b'0001001'                ;5
0086   3401           00518                 retlw b'0000001'                ;6
0087   344C           00519                 retlw b'1001100'                ;7
0088   3400           00520                 retlw b'0000000'                ;8
0089   340C           00521                 retlw b'0001100'                ;9
                      00522 
3F31                  00523         END                     ; directive 'end of program'
MPASM  5.43                         START.ASM   12-30-2013  21:44:36         PAGE 12


SYMBOL TABLE
  LABEL                             VALUE 

ADCON0                            0000001F
ADCON1                            0000009F
ADCS0                             00000006
ADCS1                             00000007
ADIE                              00000006
ADIF                              00000006
ADON                              00000000
ADRES                             0000001E
C                                 00000000
CCP1CON                           00000017
CCP1IE                            00000002
CCP1IF                            00000002
CCP1M0                            00000000
CCP1M1                            00000001
CCP1M2                            00000002
CCP1M3                            00000003
CCPR1                             00000015
CCPR1H                            00000016
CCPR1L                            00000015
CHS0                              00000003
CHS1                              00000004
CHS2                              00000005
DATACCP                           00000006
DC                                00000001
DC1B0                             00000004
DC1B1                             00000005
DCCP                              00000003
DT1CK                             00000001
ECCPAS                            00000019
ECCPAS0                           00000004
ECCPAS1                           00000005
ECCPAS2                           00000006
ECCPASE                           00000007
F                                 00000001
FSR                               00000004
GIE                               00000007
GO                                00000002
GO_DONE                           00000002
GO_NOT_DONE                       00000002
INDF                              00000000
INTCON                            0000000B
INTE                              00000004
INTEDG                            00000006
INTERRUPT                         00000004
INTF                              00000001
IRP                               00000007
MAINLOOP                          00000014
NOT_BO                            00000000
NOT_BOD                           00000000
NOT_BOR                           00000000
NOT_DONE                          00000002
NOT_PD                            00000003
NOT_POR                           00000001
MPASM  5.43                         START.ASM   12-30-2013  21:44:36         PAGE 13


SYMBOL TABLE
  LABEL                             VALUE 

NOT_RBPU                          00000007
NOT_T1SYNC                        00000002
NOT_TO                            00000004
OPTION_REG                        00000081
P1M0                              00000006
P1M1                              00000007
PCFG0                             00000000
PCFG1                             00000001
PCFG2                             00000002
PCL                               00000002
PCLATH                            0000000A
PCON                              0000008E
PDC0                              00000000
PDC1                              00000001
PDC2                              00000002
PDC3                              00000003
PDC4                              00000004
PDC5                              00000005
PDC6                              00000006
PEIE                              00000006
PIE1                              0000008C
PIR1                              0000000C
PORTA                             00000005
PORTB                             00000006
PR2                               00000092
PRSEN                             00000007
PS0                               00000000
PS1                               00000001
PS2                               00000002
PSA                               00000003
PSSAC0                            00000002
PSSAC1                            00000003
PSSBD0                            00000000
PSSBD1                            00000001
PWM1CON                           00000018
RA0                               00000000
RA1                               00000001
RA2                               00000002
RA3                               00000003
RA4                               00000004
RB0                               00000000
RB1                               00000001
RB2                               00000002
RB3                               00000003
RB4                               00000004
RB5                               00000005
RB6                               00000006
RB7                               00000007
RBIE                              00000003
RBIF                              00000000
RP0                               00000005
RP1                               00000006
STATUS                            00000003
MPASM  5.43                         START.ASM   12-30-2013  21:44:36         PAGE 14


SYMBOL TABLE
  LABEL                             VALUE 

T0CS                              00000005
T0IE                              00000005
T0IF                              00000002
T0SE                              00000004
T1CKPS0                           00000004
T1CKPS1                           00000005
T1CON                             00000010
T1OSCEN                           00000003
T1SYNC                            00000002
T2CKPS0                           00000000
T2CKPS1                           00000001
T2CON                             00000012
TCCP                              00000003
TMR0                              00000001
TMR0IE                            00000005
TMR0IF                            00000002
TMR1CS                            00000001
TMR1H                             0000000F
TMR1IE                            00000000
TMR1IF                            00000000
TMR1L                             0000000E
TMR1ON                            00000000
TMR2                              00000011
TMR2IE                            00000001
TMR2IF                            00000001
TMR2ON                            00000002
TOUTPS0                           00000003
TOUTPS1                           00000004
TOUTPS2                           00000005
TOUTPS3                           00000006
TRISA                             00000085
TRISA0                            00000000
TRISA1                            00000001
TRISA2                            00000002
TRISA3                            00000003
TRISA4                            00000004
TRISB                             00000086
TRISB0                            00000000
TRISB1                            00000001
TRISB2                            00000002
TRISB3                            00000003
TRISB4                            00000004
TRISB5                            00000005
TRISB6                            00000006
TRISB7                            00000007
TRISCP                            00000086
TT1CK                             00000001
W                                 00000000
Z                                 00000002
_BODENV_25                        00003F7F
_BODENV_40                        00003FFF
_BODEN_OFF                        00003FBF
_BODEN_ON                         00003FFF
MPASM  5.43                         START.ASM   12-30-2013  21:44:36         PAGE 15


SYMBOL TABLE
  LABEL                             VALUE 

_BOREN_OFF                        00003FBF
_BOREN_ON                         00003FFF
_CONFIG                           00002007
_CP_ALL                           00001FFF
_CP_OFF                           00003FFF
_CP_ON                            00001FFF
_DEVID1                           00002006
_FOSC_HS                          00003FFE
_FOSC_LP                          00003FFC
_FOSC_RC                          00003FFF
_FOSC_XT                          00003FFD
_HS_OSC                           00003FFE
_IDLOC0                           00002000
_IDLOC1                           00002001
_IDLOC2                           00002002
_IDLOC3                           00002003
_LP_OSC                           00003FFC
_PWRTE_OFF                        00003FFF
_PWRTE_ON                         00003FF7
_RC_OSC                           00003FFF
_VBOR_25                          00003F7F
_VBOR_40                          00003FFF
_WDTE_OFF                         00003FFB
_WDTE_ON                          00003FFF
_WDT_OFF                          00003FFB
_WDT_ON                           00003FFF
_XT_OSC                           00003FFD
__16F716                          00000001
__DEBUG                           1
c1_hi                             0000004C
c1_lo                             00000054
c2_hi                             00000058
c2_lo                             00000060
c3_hi                             00000064
c3_lo                             0000006B
counter_loop                      0000004C
counter_value_1                   00000006
counter_value_2                   00000007
delay_count                       00000003
get7sc                            0000007F
hundreds_c                        00000021
hundreds_count                    0000000A
mpx_cnt                           0000000B
ones_c                            00000035
ones_count                        00000008
sample_count                      00000002
scale_value                       00000005
start                             00000000
status_temp                       00000001
tens_c                            0000002B
tens_count                        00000009
time_scaler                       00000004
w1_temp                           00000000
MPASM  5.43                         START.ASM   12-30-2013  21:44:36         PAGE 16


SYMBOL TABLE
  LABEL                             VALUE 

w_adc                             0000001C
w_temp                            00000000
w_tmr                             00000074
wait_delay                        00000072
wait_s                            00000073

Errors   :     0
Warnings :     2 reported,     0 suppressed
Messages :     7 reported,     5 suppressed

