

Microchip Technology PIC LITE Macro Assembler V1.30 build 55553 
                                                                                               Tue Apr 15 22:42:08 2014

Microchip Technology Omniscient Code Generator (Lite mode) build 55553
     1                           	processor	16F877A
     2                           	opt	pw 120
     3                           	opt	lm
     4                           	psect	idataBANK0,global,class=CODE,delta=2
     5                           	psect	cinit,global,class=CODE,merge=1,delta=2
     6                           	psect	dataBANK0,global,class=BANK0,space=1,delta=1
     7                           	psect	cstackCOMMON,global,class=COMMON,space=1,delta=1
     8                           	psect	cstackBANK0,global,class=BANK0,space=1,delta=1
     9                           	psect	maintext,global,class=CODE,split=1,delta=2
    10                           	psect	text1,local,class=CODE,merge=1,delta=2
    11                           	psect	text2,local,class=CODE,merge=1,delta=2
    12                           	psect	text3,local,class=CODE,merge=1,delta=2
    13                           	psect	text4,local,class=CODE,merge=1,delta=2
    14                           	psect	text5,local,class=CODE,merge=1,delta=2
    15                           	psect	intentry,global,class=CODE,delta=2
    16                           	dabs	1,0x7E,2
    17  0000                     	;# 
    18  0001                     	;# 
    19  0002                     	;# 
    20  0003                     	;# 
    21  0004                     	;# 
    22  0005                     	;# 
    23  0006                     	;# 
    24  0007                     	;# 
    25  0008                     	;# 
    26  0009                     	;# 
    27  000A                     	;# 
    28  000B                     	;# 
    29  000C                     	;# 
    30  000D                     	;# 
    31  000E                     	;# 
    32  000E                     	;# 
    33  000F                     	;# 
    34  0010                     	;# 
    35  0011                     	;# 
    36  0012                     	;# 
    37  0013                     	;# 
    38  0014                     	;# 
    39  0015                     	;# 
    40  0015                     	;# 
    41  0016                     	;# 
    42  0017                     	;# 
    43  0018                     	;# 
    44  0019                     	;# 
    45  001A                     	;# 
    46  001B                     	;# 
    47  001B                     	;# 
    48  001C                     	;# 
    49  001D                     	;# 
    50  001E                     	;# 
    51  001F                     	;# 
    52  0081                     	;# 
    53  0085                     	;# 
    54  0086                     	;# 
    55  0087                     	;# 
    56  0088                     	;# 
    57  0089                     	;# 
    58  008C                     	;# 
    59  008D                     	;# 
    60  008E                     	;# 
    61  0091                     	;# 
    62  0092                     	;# 
    63  0093                     	;# 
    64  0094                     	;# 
    65  0098                     	;# 
    66  0099                     	;# 
    67  009C                     	;# 
    68  009D                     	;# 
    69  009E                     	;# 
    70  009F                     	;# 
    71  010C                     	;# 
    72  010D                     	;# 
    73  010E                     	;# 
    74  010F                     	;# 
    75  018C                     	;# 
    76  018D                     	;# 
    77                           
    78                           	psect	idataBANK0
    79  018C                     __pidataBANK0:	
    80                           
    81                           ;initializer for playtune@F1315
    82  018C  3402               	retlw	2
    83  018D  3400               	retlw	0
    84  018E  3403               	retlw	3
    85  018F  3402               	retlw	2
    86  0190  3403               	retlw	3
    87  0191  3400               	retlw	0
    88  0005                     _PORTA	set	5
    89  0001                     _TMR0	set	1
    90  0028                     _RA0	set	40
    91  0029                     _RA1	set	41
    92  002A                     _RA2	set	42
    93  002B                     _RA3	set	43
    94  002D                     _RA5	set	45
    95  005D                     _TMR0IE	set	93
    96  005A                     _TMR0IF	set	90
    97  009F                     _ADCON1	set	159
    98  0081                     _OPTION_REGbits	set	129
    99  0085                     _TRISA	set	133
   100                           
   101                           ; #config settings
   102  0000                     
   103                           	psect	cinit
   104  0015                     start_initialization:	
   105  0015                     __initialization:	
   106                           
   107                           ; Initialize objects allocated to BANK0
   108  0015  120A  118A  218C   	fcall	__pidataBANK0	;fetch initializer
      +       120A  118A         
   109  001A  00AD               	movwf	__pdataBANK0& (0+127)
   110  001B  120A  118A  218D   	fcall	__pidataBANK0+1	;fetch initializer
      +       120A  118A         
   111  0020  00AE               	movwf	(__pdataBANK0+1)& (0+127)
   112  0021  120A  118A  218E   	fcall	__pidataBANK0+2	;fetch initializer
      +       120A  118A         
   113  0026  00AF               	movwf	(__pdataBANK0+2)& (0+127)
   114  0027  120A  118A  218F   	fcall	__pidataBANK0+3	;fetch initializer
      +       120A  118A         
   115  002C  00B0               	movwf	(__pdataBANK0+3)& (0+127)
   116  002D  120A  118A  2190   	fcall	__pidataBANK0+4	;fetch initializer
      +       120A  118A         
   117  0032  00B1               	movwf	(__pdataBANK0+4)& (0+127)
   118  0033  120A  118A  2191   	fcall	__pidataBANK0+5	;fetch initializer
   119  0036  00B2               	movwf	(__pdataBANK0+5)& (0+127)
   120  0037                     end_of_initialization:	
   121                           ;End of C runtime variable initialization code
   122                           
   123  0037                     __end_of__initialization:	
   124  0037  0183               	clrf	3
   125  0038  120A  118A  2921   	ljmp	_main	;jump to C main() function
   126                           
   127                           	psect	dataBANK0
   128  002D                     __pdataBANK0:	
   129  002D                     playtune@F1315:	
   130  002D                     	ds	6
   131                           
   132                           	psect	cstackCOMMON
   133  0070                     __pcstackCOMMON:	
   134  0070                     ?_init:	
   135  0070                     ?_tc_int:	
   136                           ; 0 bytes @ 0x0
   137                           
   138  0070                     ??_tc_int:	
   139                           ; 0 bytes @ 0x0
   140                           
   141  0070                     ?_beep:	
   142                           ; 0 bytes @ 0x0
   143                           
   144  0070                     ?_getready:	
   145                           ; 0 bytes @ 0x0
   146                           
   147  0070                     ?_playtune:	
   148                           ; 0 bytes @ 0x0
   149                           
   150  0070                     ?_main:	
   151                           ; 0 bytes @ 0x0
   152                           
   153                           
   154                           ; 0 bytes @ 0x0
   155  0070                     	ds	4
   156  0074                     ??_init:	
   157  0074                     ??_beep:	
   158                           ; 0 bytes @ 0x4
   159                           
   160  0074                     ??_playtune:	
   161                           ; 0 bytes @ 0x4
   162                           
   163                           
   164                           ; 0 bytes @ 0x4
   165  0074                     	ds	3
   166  0077                     ??_getready:	
   167                           
   168                           ; 0 bytes @ 0x7
   169  0077                     	ds	3
   170                           
   171                           	psect	cstackBANK0
   172  0020                     __pcstackBANK0:	
   173  0020                     playtune@bitstream:	
   174                           
   175                           ; 6 bytes @ 0x0
   176  0020                     	ds	6
   177  0026                     playtune@i:	
   178                           
   179                           ; 2 bytes @ 0x6
   180  0026                     	ds	2
   181  0028                     ??_main:	
   182                           
   183                           ; 0 bytes @ 0x8
   184  0028                     	ds	3
   185  002B                     main@i:	
   186                           
   187                           ; 2 bytes @ 0xB
   188  002B                     	ds	2
   189                           
   190                           	psect	maintext
   191  0121                     __pmaintext:	
   192 ;;
   193 ;;Main: autosize = 0, tempsize = 3, incstack = 0, save=0
   194 ;;
   195 ;; *************** function _main *****************
   196 ;; Defined at:
   197 ;;		line 107 in file "C:\Users\Dinusha\Documents\PICProjects\PIC877AProjects\CProjects\RAM-Game\main.c"
   198 ;; Parameters:    Size  Location     Type
   199 ;;		None
   200 ;; Auto vars:     Size  Location     Type
   201 ;;  i               2   11[BANK0 ] int 
   202 ;; Return value:  Size  Location     Type
   203 ;;		None               void
   204 ;; Registers used:
   205 ;;		wreg, fsr0l, fsr0h, status,2, status,0, btemp+1, pclath, cstack
   206 ;; Tracked objects:
   207 ;;		On entry : 17F/0
   208 ;;		On exit  : 0/0
   209 ;;		Unchanged: 0/0
   210 ;; Data sizes:     COMMON   BANK0   BANK1   BANK3   BANK2
   211 ;;      Params:         0       0       0       0       0
   212 ;;      Locals:         0       2       0       0       0
   213 ;;      Temps:          0       3       0       0       0
   214 ;;      Totals:         0       5       0       0       0
   215 ;;Total ram usage:        5 bytes
   216 ;; Hardware stack levels required when called:    3
   217 ;; This function calls:
   218 ;;		_getready
   219 ;;		_init
   220 ;;		_playtune
   221 ;; This function is called by:
   222 ;;		Startup code after reset
   223 ;; This function uses a non-reentrant model
   224 ;;
   225                           
   226                           
   227                           ;psect for function _main
   228  0121                     _main:	
   229                           
   230                           ;main.c: 110: init();
   231                           
   232                           ;incstack = 0
   233                           ; Regs used in _main: [wreg-fsr0h+status,2+status,0+btemp+1+pclath+cstack]
   234  0121  120A  118A  216B   	fcall	_init
      +       120A  118A         
   235                           
   236                           ;main.c: 112: getready();
   237  0126  120A  118A  20C6   	fcall	_getready
      +       120A  118A         
   238                           
   239                           ;main.c: 113: playtune();
   240  012B  120A  118A  203B   	fcall	_playtune
      +       120A  118A         
   241  0130                     l703:	
   242                           ;main.c: 114: while(1){
   243                           
   244                           
   245                           ;main.c: 115: for( int i=0;i<4;i++ ){
   246  0130  1283               	bcf	3,5	;RP0=0, select bank0
   247  0131  1303               	bcf	3,6	;RP1=0, select bank0
   248  0132  01AB               	clrf	main@i
   249  0133  01AC               	clrf	main@i+1
   250  0134                     L1:	
   251  0134  082C               	movf	main@i+1,w
   252  0135  3A80               	xorlw	128
   253  0136  00FF               	movwf	127
   254  0137  3080               	movlw	128
   255  0138  027F               	subwf	127,w
   256  0139  1D03               	skipz
   257  013A  293D               	goto	u175
   258  013B  3004               	movlw	4
   259  013C  022B               	subwf	main@i,w
   260  013D                     u175:	
   261  013D  1803               	btfsc	3,0
   262  013E  2930               	goto	l703
   263                           
   264                           ;main.c: 119: _delay((unsigned long)((200)*(20000000/4000.0)));
   265  013F  3006               	movlw	6
   266  0140  1283               	bcf	3,5	;RP0=0, select bank0
   267  0141  1303               	bcf	3,6	;RP1=0, select bank0
   268  0142  00AA               	movwf	??_main+2
   269  0143  3013               	movlw	19
   270  0144  00A9               	movwf	??_main+1
   271  0145  30B1               	movlw	177
   272  0146  00A8               	movwf	??_main
   273  0147                     u197:	
   274  0147  0BA8               	decfsz	??_main,f
   275  0148  2947               	goto	u197
   276  0149  0BA9               	decfsz	??_main+1,f
   277  014A  2947               	goto	u197
   278  014B  0BAA               	decfsz	??_main+2,f
   279  014C  2947               	goto	u197
   280  014D  294E               	nop2
   281  014E  3001               	movlw	1
   282  014F  1283               	bcf	3,5	;RP0=0, select bank0
   283  0150  1303               	bcf	3,6	;RP1=0, select bank0
   284  0151  07AB               	addwf	main@i,f
   285  0152  1803               	skipnc
   286  0153  0AAC               	incf	main@i+1,f
   287  0154  3000               	movlw	0
   288  0155  07AC               	addwf	main@i+1,f
   289  0156  2934               	goto	L1
   290  0157                     __end_of_main:	
   291                           
   292                           	psect	text1
   293  003B                     __ptext1:	
   294 ;; *************** function _playtune *****************
   295 ;; Defined at:
   296 ;;		line 83 in file "C:\Users\Dinusha\Documents\PICProjects\PIC877AProjects\CProjects\RAM-Game\main.c"
   297 ;; Parameters:    Size  Location     Type
   298 ;;		None
   299 ;; Auto vars:     Size  Location     Type
   300 ;;  i               2    6[BANK0 ] int 
   301 ;;  bitstream       6    0[BANK0 ] unsigned char [6]
   302 ;; Return value:  Size  Location     Type
   303 ;;		None               void
   304 ;; Registers used:
   305 ;;		wreg, fsr0l, fsr0h, status,2, status,0, btemp+1
   306 ;; Tracked objects:
   307 ;;		On entry : 0/0
   308 ;;		On exit  : 0/0
   309 ;;		Unchanged: 0/0
   310 ;; Data sizes:     COMMON   BANK0   BANK1   BANK3   BANK2
   311 ;;      Params:         0       0       0       0       0
   312 ;;      Locals:         0       8       0       0       0
   313 ;;      Temps:          3       0       0       0       0
   314 ;;      Totals:         3       8       0       0       0
   315 ;;Total ram usage:       11 bytes
   316 ;; Hardware stack levels used:    1
   317 ;; Hardware stack levels required when called:    1
   318 ;; This function calls:
   319 ;;		Nothing
   320 ;; This function is called by:
   321 ;;		_main
   322 ;; This function uses a non-reentrant model
   323 ;;
   324                           
   325                           
   326                           ;psect for function _playtune
   327  003B                     _playtune:	
   328                           
   329                           ;main.c: 86: uint8_t bitstream[] = {2, 0, 3, 2, 3, 0};
   330                           
   331                           ;incstack = 0
   332                           ; Regs used in _playtune: [wreg-fsr0h+status,2+status,0+btemp+1]
   333  003B  3020               	movlw	playtune@bitstream& (0+255)
   334  003C  0084               	movwf	4
   335  003D  1283               	bcf	3,5	;RP0=0, select bank0
   336  003E  1303               	bcf	3,6	;RP1=0, select bank0
   337  003F  082D               	movf	playtune@F1315,w
   338  0040  1383               	bcf	3,7	;select IRP bank0
   339  0041  0080               	movwf	0
   340  0042  0A84               	incf	4,f
   341  0043  082E               	movf	playtune@F1315+1,w
   342  0044  0080               	movwf	0
   343  0045  0A84               	incf	4,f
   344  0046  082F               	movf	playtune@F1315+2,w
   345  0047  0080               	movwf	0
   346  0048  0A84               	incf	4,f
   347  0049  0830               	movf	playtune@F1315+3,w
   348  004A  0080               	movwf	0
   349  004B  0A84               	incf	4,f
   350  004C  0831               	movf	playtune@F1315+4,w
   351  004D  0080               	movwf	0
   352  004E  0A84               	incf	4,f
   353  004F  0832               	movf	playtune@F1315+5,w
   354  0050  0080               	movwf	0
   355                           
   356                           ;main.c: 88: for(int i=0;i<6;i++){
   357  0051  01A6               	clrf	playtune@i
   358  0052  01A7               	clrf	playtune@i+1
   359  0053                     L2:	
   360  0053  0827               	movf	playtune@i+1,w
   361  0054  3A80               	xorlw	128
   362  0055  00FF               	movwf	127
   363  0056  3080               	movlw	128
   364  0057  027F               	subwf	127,w
   365  0058  1D03               	skipz
   366  0059  285C               	goto	u115
   367  005A  3006               	movlw	6
   368  005B  0226               	subwf	playtune@i,w
   369  005C                     u115:	
   370  005C  1803               	btfsc	3,0
   371  005D  0008               	return
   372                           
   373                           ;main.c: 89: RA5 = 1;
   374  005E  1283               	bcf	3,5	;RP0=0, select bank0
   375  005F  1303               	bcf	3,6	;RP1=0, select bank0
   376  0060  1685               	bsf	5,5	;volatile
   377                           
   378                           ;main.c: 90: if(bitstream[i] == 0){
   379  0061  0826               	movf	playtune@i,w
   380  0062  3E20               	addlw	playtune@bitstream& (0+255)
   381  0063  0084               	movwf	4
   382  0064  1383               	bcf	3,7	;select IRP bank0
   383  0065  0880               	movf	0,f
   384  0066  1903               	btfsc	3,2
   385  0067  2868               	goto	l683
   386  0068                     l683:	
   387                           ;main.c: 91: _delay((unsigned long)((0)*(20000000/4000.0)));
   388                           
   389                           
   390                           ;main.c: 92: }
   391                           ;main.c: 93: if(bitstream[i] == 1){
   392  0068  1283               	bcf	3,5	;RP0=0, select bank0
   393  0069  1303               	bcf	3,6	;RP1=0, select bank0
   394  006A  0826               	movf	playtune@i,w
   395  006B  3E20               	addlw	playtune@bitstream& (0+255)
   396  006C  0084               	movwf	4
   397  006D  1383               	bcf	3,7	;select IRP bank0
   398  006E  0800               	movf	0,w
   399  006F  3A01               	xorlw	1
   400  0070  1D03               	skipz
   401  0071  287F               	goto	l687
   402                           
   403                           ;main.c: 94: _delay((unsigned long)((50)*(20000000/4000.0)));
   404  0072  3002               	movlw	2
   405  0073  00F6               	movwf	??_playtune+2
   406  0074  3045               	movlw	69
   407  0075  00F5               	movwf	??_playtune+1
   408  0076  30A9               	movlw	169
   409  0077  00F4               	movwf	??_playtune
   410  0078                     u207:	
   411  0078  0BF4               	decfsz	??_playtune,f
   412  0079  2878               	goto	u207
   413  007A  0BF5               	decfsz	??_playtune+1,f
   414  007B  2878               	goto	u207
   415  007C  0BF6               	decfsz	??_playtune+2,f
   416  007D  2878               	goto	u207
   417  007E  287F               	nop2
   418  007F                     l687:	
   419                           
   420                           ;main.c: 95: }
   421                           ;main.c: 96: if(bitstream[i] == 2){
   422  007F  1283               	bcf	3,5	;RP0=0, select bank0
   423  0080  1303               	bcf	3,6	;RP1=0, select bank0
   424  0081  0826               	movf	playtune@i,w
   425  0082  3E20               	addlw	playtune@bitstream& (0+255)
   426  0083  0084               	movwf	4
   427  0084  1383               	bcf	3,7	;select IRP bank0
   428  0085  0800               	movf	0,w
   429  0086  3A02               	xorlw	2
   430  0087  1D03               	skipz
   431  0088  2896               	goto	l691
   432                           
   433                           ;main.c: 97: _delay((unsigned long)((100)*(20000000/4000.0)));
   434  0089  3003               	movlw	3
   435  008A  00F6               	movwf	??_playtune+2
   436  008B  308A               	movlw	138
   437  008C  00F5               	movwf	??_playtune+1
   438  008D  3056               	movlw	86
   439  008E  00F4               	movwf	??_playtune
   440  008F                     u217:	
   441  008F  0BF4               	decfsz	??_playtune,f
   442  0090  288F               	goto	u217
   443  0091  0BF5               	decfsz	??_playtune+1,f
   444  0092  288F               	goto	u217
   445  0093  0BF6               	decfsz	??_playtune+2,f
   446  0094  288F               	goto	u217
   447  0095  2896               	nop2
   448  0096                     l691:	
   449                           
   450                           ;main.c: 98: }
   451                           ;main.c: 99: if(bitstream[i] == 3){
   452  0096  1283               	bcf	3,5	;RP0=0, select bank0
   453  0097  1303               	bcf	3,6	;RP1=0, select bank0
   454  0098  0826               	movf	playtune@i,w
   455  0099  3E20               	addlw	playtune@bitstream& (0+255)
   456  009A  0084               	movwf	4
   457  009B  1383               	bcf	3,7	;select IRP bank0
   458  009C  0800               	movf	0,w
   459  009D  3A03               	xorlw	3
   460  009E  1D03               	skipz
   461  009F  28AD               	goto	l695
   462                           
   463                           ;main.c: 100: _delay((unsigned long)((200)*(20000000/4000.0)));
   464  00A0  3006               	movlw	6
   465  00A1  00F6               	movwf	??_playtune+2
   466  00A2  3013               	movlw	19
   467  00A3  00F5               	movwf	??_playtune+1
   468  00A4  30B1               	movlw	177
   469  00A5  00F4               	movwf	??_playtune
   470  00A6                     u227:	
   471  00A6  0BF4               	decfsz	??_playtune,f
   472  00A7  28A6               	goto	u227
   473  00A8  0BF5               	decfsz	??_playtune+1,f
   474  00A9  28A6               	goto	u227
   475  00AA  0BF6               	decfsz	??_playtune+2,f
   476  00AB  28A6               	goto	u227
   477  00AC  28AD               	nop2
   478  00AD                     l695:	
   479                           
   480                           ;main.c: 101: }
   481                           ;main.c: 102: RA5 = 0;
   482  00AD  1283               	bcf	3,5	;RP0=0, select bank0
   483  00AE  1303               	bcf	3,6	;RP1=0, select bank0
   484  00AF  1285               	bcf	5,5	;volatile
   485                           
   486                           ;main.c: 103: _delay((unsigned long)((200)*(20000000/4000.0)));
   487  00B0  3006               	movlw	6
   488  00B1  00F6               	movwf	??_playtune+2
   489  00B2  3013               	movlw	19
   490  00B3  00F5               	movwf	??_playtune+1
   491  00B4  30B1               	movlw	177
   492  00B5  00F4               	movwf	??_playtune
   493  00B6                     u237:	
   494  00B6  0BF4               	decfsz	??_playtune,f
   495  00B7  28B6               	goto	u237
   496  00B8  0BF5               	decfsz	??_playtune+1,f
   497  00B9  28B6               	goto	u237
   498  00BA  0BF6               	decfsz	??_playtune+2,f
   499  00BB  28B6               	goto	u237
   500  00BC  28BD               	nop2
   501  00BD  3001               	movlw	1
   502  00BE  1283               	bcf	3,5	;RP0=0, select bank0
   503  00BF  1303               	bcf	3,6	;RP1=0, select bank0
   504  00C0  07A6               	addwf	playtune@i,f
   505  00C1  1803               	skipnc
   506  00C2  0AA7               	incf	playtune@i+1,f
   507  00C3  3000               	movlw	0
   508  00C4  07A7               	addwf	playtune@i+1,f
   509  00C5  2853               	goto	L2
   510  00C6                     __end_of_playtune:	
   511                           
   512                           	psect	text2
   513  016B                     __ptext2:	
   514 ;; *************** function _init *****************
   515 ;; Defined at:
   516 ;;		line 23 in file "C:\Users\Dinusha\Documents\PICProjects\PIC877AProjects\CProjects\RAM-Game\main.c"
   517 ;; Parameters:    Size  Location     Type
   518 ;;		None
   519 ;; Auto vars:     Size  Location     Type
   520 ;;		None
   521 ;; Return value:  Size  Location     Type
   522 ;;		None               void
   523 ;; Registers used:
   524 ;;		wreg, status,2
   525 ;; Tracked objects:
   526 ;;		On entry : 0/0
   527 ;;		On exit  : 0/0
   528 ;;		Unchanged: 0/0
   529 ;; Data sizes:     COMMON   BANK0   BANK1   BANK3   BANK2
   530 ;;      Params:         0       0       0       0       0
   531 ;;      Locals:         0       0       0       0       0
   532 ;;      Temps:          0       0       0       0       0
   533 ;;      Totals:         0       0       0       0       0
   534 ;;Total ram usage:        0 bytes
   535 ;; Hardware stack levels used:    1
   536 ;; Hardware stack levels required when called:    1
   537 ;; This function calls:
   538 ;;		Nothing
   539 ;; This function is called by:
   540 ;;		_main
   541 ;; This function uses a non-reentrant model
   542 ;;
   543                           
   544                           
   545                           ;psect for function _init
   546  016B                     _init:	
   547                           
   548                           ;main.c: 25: ADCON1 = 0x06;
   549                           
   550                           ;incstack = 0
   551                           ; Regs used in _init: [wreg+status,2]
   552  016B  3006               	movlw	6
   553  016C  1683               	bsf	3,5	;RP0=1, select bank1
   554  016D  1303               	bcf	3,6	;RP1=0, select bank1
   555  016E  009F               	movwf	31	;volatile
   556                           
   557                           ;main.c: 27: TRISA = 0x00;
   558  016F  0185               	clrf	5	;volatile
   559                           
   560                           ;main.c: 30: PORTA = 0x00;
   561  0170  1283               	bcf	3,5	;RP0=0, select bank0
   562  0171  1303               	bcf	3,6	;RP1=0, select bank0
   563  0172  0185               	clrf	5	;volatile
   564                           
   565                           ;main.c: 33: OPTION_REGbits.T0CS = 0;
   566  0173  1683               	bsf	3,5	;RP0=1, select bank1
   567  0174  1303               	bcf	3,6	;RP1=0, select bank1
   568  0175  1281               	bcf	1,5	;volatile
   569                           
   570                           ;main.c: 34: OPTION_REGbits.T0SE = 0;
   571  0176  1201               	bcf	1,4	;volatile
   572                           
   573                           ;main.c: 35: OPTION_REGbits.PSA = 0;
   574  0177  1181               	bcf	1,3	;volatile
   575                           
   576                           ;main.c: 38: OPTION_REGbits.PS0 = 0;
   577  0178  1001               	bcf	1,0	;volatile
   578                           
   579                           ;main.c: 39: OPTION_REGbits.PS1 = 0;
   580  0179  1081               	bcf	1,1	;volatile
   581                           
   582                           ;main.c: 40: OPTION_REGbits.PS2 = 1;
   583  017A  1501               	bsf	1,2	;volatile
   584  017B  0008               	return
   585  017C                     __end_of_init:	
   586                           
   587                           	psect	text3
   588  00C6                     __ptext3:	
   589 ;; *************** function _getready *****************
   590 ;; Defined at:
   591 ;;		line 63 in file "C:\Users\Dinusha\Documents\PICProjects\PIC877AProjects\CProjects\RAM-Game\main.c"
   592 ;; Parameters:    Size  Location     Type
   593 ;;		None
   594 ;; Auto vars:     Size  Location     Type
   595 ;;		None
   596 ;; Return value:  Size  Location     Type
   597 ;;		None               void
   598 ;; Registers used:
   599 ;;		wreg, status,2, status,0, pclath, cstack
   600 ;; Tracked objects:
   601 ;;		On entry : 0/0
   602 ;;		On exit  : 0/0
   603 ;;		Unchanged: 0/0
   604 ;; Data sizes:     COMMON   BANK0   BANK1   BANK3   BANK2
   605 ;;      Params:         0       0       0       0       0
   606 ;;      Locals:         0       0       0       0       0
   607 ;;      Temps:          3       0       0       0       0
   608 ;;      Totals:         3       0       0       0       0
   609 ;;Total ram usage:        3 bytes
   610 ;; Hardware stack levels used:    1
   611 ;; Hardware stack levels required when called:    2
   612 ;; This function calls:
   613 ;;		_beep
   614 ;; This function is called by:
   615 ;;		_main
   616 ;; This function uses a non-reentrant model
   617 ;;
   618                           
   619                           
   620                           ;psect for function _getready
   621  00C6                     _getready:	
   622                           
   623                           ;main.c: 65: beep();
   624                           
   625                           ;incstack = 0
   626                           ; Regs used in _getready: [wreg+status,2+status,0+pclath+cstack]
   627  00C6  120A  118A  2157   	fcall	_beep
      +       120A  118A         
   628                           
   629                           ;main.c: 66: RA0 = 1;
   630  00CB  1283               	bcf	3,5	;RP0=0, select bank0
   631  00CC  1303               	bcf	3,6	;RP1=0, select bank0
   632  00CD  1405               	bsf	5,0	;volatile
   633                           
   634                           ;main.c: 67: _delay((unsigned long)((200)*(20000000/4000.0)));
   635  00CE  3006               	movlw	6
   636  00CF  00F9               	movwf	??_getready+2
   637  00D0  3013               	movlw	19
   638  00D1  00F8               	movwf	??_getready+1
   639  00D2  30B1               	movlw	177
   640  00D3  00F7               	movwf	??_getready
   641  00D4                     u247:	
   642  00D4  0BF7               	decfsz	??_getready,f
   643  00D5  28D4               	goto	u247
   644  00D6  0BF8               	decfsz	??_getready+1,f
   645  00D7  28D4               	goto	u247
   646  00D8  0BF9               	decfsz	??_getready+2,f
   647  00D9  28D4               	goto	u247
   648  00DA  28DB               	nop2
   649                           
   650                           ;main.c: 68: beep();
   651  00DB  120A  118A  2157   	fcall	_beep
      +       120A  118A         
   652                           
   653                           ;main.c: 69: RA1 = 1;
   654  00E0  1283               	bcf	3,5	;RP0=0, select bank0
   655  00E1  1303               	bcf	3,6	;RP1=0, select bank0
   656  00E2  1485               	bsf	5,1	;volatile
   657                           
   658                           ;main.c: 70: _delay((unsigned long)((200)*(20000000/4000.0)));
   659  00E3  3006               	movlw	6
   660  00E4  00F9               	movwf	??_getready+2
   661  00E5  3013               	movlw	19
   662  00E6  00F8               	movwf	??_getready+1
   663  00E7  30B1               	movlw	177
   664  00E8  00F7               	movwf	??_getready
   665  00E9                     u257:	
   666  00E9  0BF7               	decfsz	??_getready,f
   667  00EA  28E9               	goto	u257
   668  00EB  0BF8               	decfsz	??_getready+1,f
   669  00EC  28E9               	goto	u257
   670  00ED  0BF9               	decfsz	??_getready+2,f
   671  00EE  28E9               	goto	u257
   672  00EF  28F0               	nop2
   673                           
   674                           ;main.c: 71: beep();
   675  00F0  120A  118A  2157   	fcall	_beep
      +       120A  118A         
   676                           
   677                           ;main.c: 72: RA2 = 1;
   678  00F5  1283               	bcf	3,5	;RP0=0, select bank0
   679  00F6  1303               	bcf	3,6	;RP1=0, select bank0
   680  00F7  1505               	bsf	5,2	;volatile
   681                           
   682                           ;main.c: 73: _delay((unsigned long)((200)*(20000000/4000.0)));
   683  00F8  3006               	movlw	6
   684  00F9  00F9               	movwf	??_getready+2
   685  00FA  3013               	movlw	19
   686  00FB  00F8               	movwf	??_getready+1
   687  00FC  30B1               	movlw	177
   688  00FD  00F7               	movwf	??_getready
   689  00FE                     u267:	
   690  00FE  0BF7               	decfsz	??_getready,f
   691  00FF  28FE               	goto	u267
   692  0100  0BF8               	decfsz	??_getready+1,f
   693  0101  28FE               	goto	u267
   694  0102  0BF9               	decfsz	??_getready+2,f
   695  0103  28FE               	goto	u267
   696  0104  2905               	nop2
   697                           
   698                           ;main.c: 74: beep();
   699  0105  120A  118A  2157   	fcall	_beep
      +       120A  118A         
   700                           
   701                           ;main.c: 75: RA3 = 1;
   702  010A  1283               	bcf	3,5	;RP0=0, select bank0
   703  010B  1303               	bcf	3,6	;RP1=0, select bank0
   704  010C  1585               	bsf	5,3	;volatile
   705                           
   706                           ;main.c: 76: _delay((unsigned long)((200)*(20000000/4000.0)));
   707  010D  3006               	movlw	6
   708  010E  00F9               	movwf	??_getready+2
   709  010F  3013               	movlw	19
   710  0110  00F8               	movwf	??_getready+1
   711  0111  30B1               	movlw	177
   712  0112  00F7               	movwf	??_getready
   713  0113                     u277:	
   714  0113  0BF7               	decfsz	??_getready,f
   715  0114  2913               	goto	u277
   716  0115  0BF8               	decfsz	??_getready+1,f
   717  0116  2913               	goto	u277
   718  0117  0BF9               	decfsz	??_getready+2,f
   719  0118  2913               	goto	u277
   720  0119  291A               	nop2
   721                           
   722                           ;main.c: 77: RA0 = 0;
   723  011A  1283               	bcf	3,5	;RP0=0, select bank0
   724  011B  1303               	bcf	3,6	;RP1=0, select bank0
   725  011C  1005               	bcf	5,0	;volatile
   726                           
   727                           ;main.c: 78: RA1 = 0;
   728  011D  1085               	bcf	5,1	;volatile
   729                           
   730                           ;main.c: 79: RA2 = 0;
   731  011E  1105               	bcf	5,2	;volatile
   732                           
   733                           ;main.c: 80: RA3 = 0;
   734  011F  1185               	bcf	5,3	;volatile
   735  0120  0008               	return
   736  0121                     __end_of_getready:	
   737                           
   738                           	psect	text4
   739  0157                     __ptext4:	
   740 ;; *************** function _beep *****************
   741 ;; Defined at:
   742 ;;		line 56 in file "C:\Users\Dinusha\Documents\PICProjects\PIC877AProjects\CProjects\RAM-Game\main.c"
   743 ;; Parameters:    Size  Location     Type
   744 ;;		None
   745 ;; Auto vars:     Size  Location     Type
   746 ;;		None
   747 ;; Return value:  Size  Location     Type
   748 ;;		None               void
   749 ;; Registers used:
   750 ;;		wreg
   751 ;; Tracked objects:
   752 ;;		On entry : 0/0
   753 ;;		On exit  : 0/0
   754 ;;		Unchanged: 0/0
   755 ;; Data sizes:     COMMON   BANK0   BANK1   BANK3   BANK2
   756 ;;      Params:         0       0       0       0       0
   757 ;;      Locals:         0       0       0       0       0
   758 ;;      Temps:          3       0       0       0       0
   759 ;;      Totals:         3       0       0       0       0
   760 ;;Total ram usage:        3 bytes
   761 ;; Hardware stack levels used:    1
   762 ;; Hardware stack levels required when called:    1
   763 ;; This function calls:
   764 ;;		Nothing
   765 ;; This function is called by:
   766 ;;		_getready
   767 ;; This function uses a non-reentrant model
   768 ;;
   769                           
   770                           
   771                           ;psect for function _beep
   772  0157                     _beep:	
   773                           
   774                           ;main.c: 58: RA5 = 1;
   775                           
   776                           ;incstack = 0
   777                           ; Regs used in _beep: [wreg]
   778  0157  1283               	bcf	3,5	;RP0=0, select bank0
   779  0158  1303               	bcf	3,6	;RP1=0, select bank0
   780  0159  1685               	bsf	5,5	;volatile
   781                           
   782                           ;main.c: 59: _delay((unsigned long)((100)*(20000000/4000.0)));
   783  015A  3003               	movlw	3
   784  015B  00F6               	movwf	??_beep+2
   785  015C  308A               	movlw	138
   786  015D  00F5               	movwf	??_beep+1
   787  015E  3056               	movlw	86
   788  015F  00F4               	movwf	??_beep
   789  0160                     u287:	
   790  0160  0BF4               	decfsz	??_beep,f
   791  0161  2960               	goto	u287
   792  0162  0BF5               	decfsz	??_beep+1,f
   793  0163  2960               	goto	u287
   794  0164  0BF6               	decfsz	??_beep+2,f
   795  0165  2960               	goto	u287
   796  0166  2967               	nop2
   797                           
   798                           ;main.c: 60: RA5 = 0;
   799  0167  1283               	bcf	3,5	;RP0=0, select bank0
   800  0168  1303               	bcf	3,6	;RP1=0, select bank0
   801  0169  1285               	bcf	5,5	;volatile
   802  016A  0008               	return
   803  016B                     __end_of_beep:	
   804                           
   805                           	psect	text5
   806  017C                     __ptext5:	
   807 ;; *************** function _tc_int *****************
   808 ;; Defined at:
   809 ;;		line 45 in file "C:\Users\Dinusha\Documents\PICProjects\PIC877AProjects\CProjects\RAM-Game\main.c"
   810 ;; Parameters:    Size  Location     Type
   811 ;;		None
   812 ;; Auto vars:     Size  Location     Type
   813 ;;		None
   814 ;; Return value:  Size  Location     Type
   815 ;;		None               void
   816 ;; Registers used:
   817 ;;		status,2
   818 ;; Tracked objects:
   819 ;;		On entry : 0/0
   820 ;;		On exit  : 0/0
   821 ;;		Unchanged: 0/0
   822 ;; Data sizes:     COMMON   BANK0   BANK1   BANK3   BANK2
   823 ;;      Params:         0       0       0       0       0
   824 ;;      Locals:         0       0       0       0       0
   825 ;;      Temps:          4       0       0       0       0
   826 ;;      Totals:         4       0       0       0       0
   827 ;;Total ram usage:        4 bytes
   828 ;; Hardware stack levels used:    1
   829 ;; This function calls:
   830 ;;		Nothing
   831 ;; This function is called by:
   832 ;;		Interrupt level 1
   833 ;; This function uses a non-reentrant model
   834 ;;
   835                           
   836                           
   837                           ;psect for function _tc_int
   838  017C                     _tc_int:	
   839                           
   840                           ;main.c: 47: if( TMR0IE && TMR0IF ){
   841  017C  1A8B               	btfsc	11,5	;volatile
   842  017D  1D0B               	btfss	11,2	;volatile
   843  017E  2981               	goto	i1l33
   844                           
   845                           ;main.c: 48: TMR0IF = 0;
   846  017F  110B               	bcf	11,2	;volatile
   847                           
   848                           ;main.c: 49: TMR0 = 0;
   849  0180  0181               	clrf	1	;volatile
   850  0181                     i1l33:	
   851                           ;main.c: 52: return;
   852                           
   853  0181  0873               	movf	??_tc_int+3,w
   854  0182  00FF               	movwf	127
   855  0183  0872               	movf	??_tc_int+2,w
   856  0184  008A               	movwf	10
   857  0185  0871               	movf	??_tc_int+1,w
   858  0186  0084               	movwf	4
   859  0187  0E70               	swapf	??_tc_int^(0+-128),w
   860  0188  0083               	movwf	3
   861  0189  0EFE               	swapf	126,f
   862  018A  0E7E               	swapf	126,w
   863  018B  0009               	retfie
   864  018C                     __end_of_tc_int:	
   865  007E                     btemp	set	126	;btemp
   866  007E                     wtemp	set	126
   867  007E                     wtemp0	set	126
   868  0080                     wtemp1	set	128
   869  0082                     wtemp2	set	130
   870  0084                     wtemp3	set	132
   871  0086                     wtemp4	set	134
   872  0088                     wtemp5	set	136
   873  007F                     wtemp6	set	127
   874  007E                     ttemp	set	126
   875  007E                     ttemp0	set	126
   876  0081                     ttemp1	set	129
   877  0084                     ttemp2	set	132
   878  0087                     ttemp3	set	135
   879  007F                     ttemp4	set	127
   880  007E                     ltemp	set	126
   881  007E                     ltemp0	set	126
   882  0082                     ltemp1	set	130
   883  0086                     ltemp2	set	134
   884  0080                     ltemp3	set	128
   885                           
   886                           	psect	intentry
   887  0004                     __pintentry:	
   888                           ;incstack = 0
   889                           ; Regs used in _tc_int: [status,2]
   890                           
   891  0004                     interrupt_function:	
   892  007E                     saved_w	set	btemp
   893  0004  00FE               	movwf	btemp
   894  0005  0E03               	swapf	3,w
   895  0006  00F0               	movwf	??_tc_int
   896  0007  0804               	movf	4,w
   897  0008  00F1               	movwf	??_tc_int+1
   898  0009  080A               	movf	10,w
   899  000A  00F2               	movwf	??_tc_int+2
   900  000B  1283               	bcf	3,5	;RP0=0, select bank0
   901  000C  1303               	bcf	3,6	;RP1=0, select bank0
   902  000D  087F               	movf	btemp+1,w
   903  000E  00F3               	movwf	??_tc_int+3
   904  000F  120A  118A  297C   	ljmp	_tc_int


Data Sizes:
    Strings     0
    Constant    0
    Data        6
    BSS         0
    Persistent  0
    Stack       0

Auto Spaces:
    Space          Size  Autos    Used
    COMMON           14     10      10
    BANK0            80     13      19
    BANK1            80      0       0
    BANK3            96      0       0
    BANK2            96      0       0

Pointer List with Targets:

    None.

Critical Paths under _main in COMMON

    _main->_getready
    _getready->_beep

Critical Paths under _tc_int in COMMON

    None.

Critical Paths under _main in BANK0

    _main->_playtune

Critical Paths under _tc_int in BANK0

    None.

Critical Paths under _main in BANK1

    None.

Critical Paths under _tc_int in BANK1

    None.

Critical Paths under _main in BANK3

    None.

Critical Paths under _tc_int in BANK3

    None.

Critical Paths under _main in BANK2

    None.

Critical Paths under _tc_int in BANK2

    None.

Call Graph Tables:

 ---------------------------------------------------------------------------------
 (Depth) Function   	        Calls       Base Space   Used Autos Params    Refs
 ---------------------------------------------------------------------------------
 (0) _main                                                 5     5      0     273
                                              8 BANK0      5     5      0
                           _getready
                               _init
                           _playtune
 ---------------------------------------------------------------------------------
 (1) _playtune                                            11    11      0     227
                                              4 COMMON     3     3      0
                                              0 BANK0      8     8      0
 ---------------------------------------------------------------------------------
 (1) _init                                                 0     0      0       0
 ---------------------------------------------------------------------------------
 (1) _getready                                             3     3      0       0
                                              7 COMMON     3     3      0
                               _beep
 ---------------------------------------------------------------------------------
 (2) _beep                                                 3     3      0       0
                                              4 COMMON     3     3      0
 ---------------------------------------------------------------------------------
 Estimated maximum stack depth 2
 ---------------------------------------------------------------------------------
 (Depth) Function   	        Calls       Base Space   Used Autos Params    Refs
 ---------------------------------------------------------------------------------
 (3) _tc_int                                               4     4      0       0
                                              0 COMMON     4     4      0
 ---------------------------------------------------------------------------------
 Estimated maximum stack depth 3
 ---------------------------------------------------------------------------------

 Call Graph Graphs:

 _main (ROOT)
   _getready
     _beep
   _init
   _playtune

 _tc_int (ROOT)

 Address spaces:
Name               Size   Autos  Total    Cost      Usage
BANK3               60      0       0       9        0.0%
BITBANK3            60      0       0       8        0.0%
SFR3                 0      0       0       4        0.0%
BITSFR3              0      0       0       4        0.0%
BANK2               60      0       0      11        0.0%
BITBANK2            60      0       0      10        0.0%
SFR2                 0      0       0       5        0.0%
BITSFR2              0      0       0       5        0.0%
BANK1               50      0       0       7        0.0%
BITBANK1            50      0       0       6        0.0%
SFR1                 0      0       0       2        0.0%
BITSFR1              0      0       0       2        0.0%
BANK0               50      D      13       5       23.8%
BITBANK0            50      0       0       4        0.0%
SFR0                 0      0       0       1        0.0%
BITSFR0              0      0       0       1        0.0%
COMMON               E      A       A       1       71.4%
BITCOMMON            E      0       0       0        0.0%
CODE                 0      0       0       0        0.0%
DATA                 0      0      1D      12        0.0%
ABS                  0      0      1D       3        0.0%
NULL                 0      0       0       0        0.0%
STACK                0      0       0       2        0.0%
EEDATA             100      0       0       0        0.0%


Microchip Technology PIC Macro Assembler V1.30 build 55553 
Symbol Table                                                                                   Tue Apr 15 22:42:08 2014

            __CFG_CP$OFF 0000                      l703 0130                      l691 0096  
                    l683 0068                      l695 00AD                      l687 007F  
                    _RA0 0028                      _RA1 0029                      _RA2 002A  
                    _RA3 002B                      _RA5 002D                      u115 005C  
                    u207 0078                      u217 008F                      u227 00A6  
                    u237 00B6                      u247 00D4                      u175 013D  
                    u257 00E9             __CFG_CPD$OFF 0000                      u267 00FE  
                    u277 0113                      u197 0147                      u287 0160  
                    fsr0 0004                      indf 0000             __CFG_FOSC$HS 0000  
           __CFG_LVP$OFF 0000                     i1l33 0181                     _TMR0 0001  
                   _beep 0157                     _main 0121                     _init 016B  
                   btemp 007E            __CFG_BOREN$ON 0000                     ltemp 007E  
                   start 0012                     ttemp 007E                     wtemp 007E  
                  ?_beep 0070                    ?_main 0070                    ?_init 0070  
          __CFG_WDTE$OFF 0000                    _PORTA 0005                    _TRISA 0085  
          __CFG_PWRTE$ON 0000                    main@i 002B                    pclath 000A  
                  ltemp0 007E                    ltemp1 0082                    ltemp2 0086  
                  ltemp3 0080                    ttemp0 007E                    ttemp1 0081  
                  ttemp2 0084                    ttemp3 0087                    ttemp4 007F  
                  status 0003                    wtemp0 007E                    wtemp1 0080  
                  wtemp2 0082                    wtemp3 0084                    wtemp4 0086  
                  wtemp5 0088                    wtemp6 007F          __initialization 0015  
           __end_of_beep 016B             __end_of_main 0157             __end_of_init 017C  
                 ??_beep 0074                   ??_main 0028                   ??_init 0074  
                 _ADCON1 009F                   _TMR0IE 005D                   _TMR0IF 005A  
       __end_of_getready 0121                   _tc_int 017C         __end_of_playtune 00C6  
                 saved_w 007E  __end_of__initialization 0037           __pcstackCOMMON 0070  
           __pidataBANK0 018C           _OPTION_REGbits 0081               __pmaintext 0121  
             __pintentry 0004                  ?_tc_int 0070                ?_getready 0070  
              ?_playtune 0070          __size_of_tc_int 0010                  __ptext1 003B  
                __ptext2 016B                  __ptext3 00C6                  __ptext4 0157  
                __ptext5 017C     end_of_initialization 0037               ??_getready 0077  
             ??_playtune 0074        playtune@bitstream 0020           __end_of_tc_int 018C  
    start_initialization 0015              __pdataBANK0 002D                 ??_tc_int 0070  
              ___latbits 0002            __pcstackBANK0 0020        __size_of_getready 005B  
      __size_of_playtune 008B            playtune@F1315 002D        interrupt_function 0004  
               _getready 00C6            __size_of_beep 0014            __size_of_main 0036  
          __size_of_init 0011                playtune@i 0026                 _playtune 003B  
               intlevel1 0000  
