MPASM  5.43                        DELAYS.ASM   8-17-2014  19:53:15         PAGE  1


LOC  OBJECT CODE     LINE SOURCE TEXT
  VALUE

                      00001 ; Delay Routines for PIC877A
                      00002 ; 20Mhz Clock = 200ns per Intruction
                      00003 
Warning[205]: Found directive in column 1. (GLOBAL)
  0000                00004 GLOBAL uDelay
Warning[205]: Found directive in column 1. (GLOBAL)
  0000                00005 GLOBAL mDelay
Warning[205]: Found directive in column 1. (GLOBAL)
  0000                00006 GLOBAL sDelay
                      00007 
                      00008 
Warning[205]: Found directive in column 1. (UDATA)
                      00009 UDATA
0000                  00010 ucount                  RES     1
0001                  00011 mcount                  RES     1
0002                  00012 scount                  RES     1
                      00013 
Warning[205]: Found directive in column 1. (CODE)
                      00014 CODE
                      00015 
                      00016 ;-----------------------------------------
0000                  00017 uDelay
0000   ????           00018         banksel ucount
0001   00??           00019         movwf   ucount
                      00020 
0002                  00021 uloop
0002   0000           00022         nop
                      00023         ;nop
0003   0064           00024         clrwdt
0004   ????           00025         banksel ucount
0005   0B??           00026         decfsz  ucount, f
0006   2???           00027         goto    uloop
                      00028 
0007   0008           00029         return
                      00030 ;-----------------------------------------
0008                  00031 mDelay
0008   ????           00032         banksel mcount
0009   00??           00033         movwf   mcount
                      00034 
000A                  00035 mloop
000A   30FF           00036         movlw   .255
Message[312]: Page or Bank selection not needed for this device.  No code generated.
                      00037         pagesel uDelay
000B   2???           00038         call    uDelay
000C   2???           00039         call    uDelay
                      00040         ;call   uDelay
                      00041 
000D   ????           00042         banksel mcount
000E   0B??           00043         decfsz  mcount, f
000F   2???           00044         goto    mloop
                      00045 
0010   0008           00046         return
                      00047 ;-----------------------------------------
MPASM  5.43                        DELAYS.ASM   8-17-2014  19:53:15         PAGE  2


LOC  OBJECT CODE     LINE SOURCE TEXT
  VALUE

0011                  00048 sDelay
0011   ????           00049         banksel scount
0012   00??           00050         movwf   scount
                      00051 
0013                  00052 sloop
0013   30FF           00053         movlw   .255
Message[312]: Page or Bank selection not needed for this device.  No code generated.
                      00054         pagesel mDelay
0014   2???           00055         call    mDelay
0015   2???           00056         call    mDelay
                      00057         ;call   uDelay
                      00058 
0016   ????           00059         banksel scount
0017   0B??           00060         decfsz  scount, f
0018   2???           00061         goto    sloop
                      00062 
0019   0008           00063         return
                      00064 ;-----------------------------------------
Warning[205]: Found directive in column 1. (END)
                      00065 END
MPASM  5.43                        DELAYS.ASM   8-17-2014  19:53:15         PAGE  3


SYMBOL TABLE
  LABEL                             VALUE 

__16F716                          00000001
__DEBUG                           1
mDelay                            00000008
mcount                            00000001
mloop                             0000000A
sDelay                            00000011
scount                            00000002
sloop                             00000013
uDelay                            00000000
ucount                            00000000
uloop                             00000002

Errors   :     0
Warnings :     6 reported,     0 suppressed
Messages :     2 reported,     0 suppressed

