

Microchip Technology PIC Macro Assembler V1.30 build 55553 
                                                                                                           Sun Mar 09 20:40:36 2014


     1                           
     2                           	; Microchip MPLAB XC8 C Compiler V1.30
     3                           	; Copyright (C) 1984-2014 HI-TECH Software
     4                           
     5                           	; Auto-generated runtime startup code for final link stage.
     6                           
     7                           	;
     8                           	; Compiler options:
     9                           	;
    10                           	; -ohd44780.cof -mhd44780.map --summary=default --output=default \
    11                           	; main.p1 hd44780.p1 --chip=16F628A -P --runtime=default --opt=default \
    12                           	; -N-1 -D__DEBUG=1 -g --asmlist --errformat=Error   [%n] %f; %l.%c %s \
    13                           	; --msgformat=Advisory[%n] %s --warnformat=Warning [%n] %f; %l.%c %s
    14                           	;
    15                           
    16                           
    17                           	processor	16F628A
    18                           
    19                           	global	_main,start,reset_vec
    20                           	fnroot	_main
    21                           	psect	config,class=CONFIG,delta=2,noexec
    22                           	psect	idloc,class=IDLOC,delta=2,noexec
    23                           	psect	code,class=CODE,delta=2
    24                           	psect	powerup,class=CODE,delta=2
    25                           	psect	reset_vec,class=CODE,delta=2
    26                           	psect	maintext,class=CODE,delta=2
    27  0000                     	C	set	0
    28  0002                     	Z	set	2
    29  0002                     	PCL	set	2
    30  0000                     	INDF	set	0
    31                           
    32  0003                     	STATUS	equ	3
    33  000A                     	PCLATH	equ	0Ah
    34                           
    35                           	psect	eeprom_data,class=EEDATA,delta=2,space=3,noexec
    36                           	psect	intentry,class=CODE,delta=2
    37                           	psect	functab,class=CODE,delta=2
    38                           	global	intlevel0,intlevel1,intlevel2, intlevel3, intlevel4, intlevel5
    39  0000                     intlevel0:
    40  0000                     intlevel1:
    41  0000                     intlevel2:
    42  0000                     intlevel3:
    43  0000                     intlevel4:
    44  0000                     intlevel5:
    45                           	psect	init,class=CODE,delta=2
    46                           	psect	cinit,class=CODE,delta=2
    47                           	psect	text,class=CODE,delta=2
    48                           	psect	end_init,class=CODE,delta=2
    49                           	psect	clrtext,class=CODE,delta=2
    50  0004                     	FSR	set	4
    51                           	psect	strings,class=CODE,delta=2,reloc=256
    52                           
    53                           	global stacklo, stackhi
    54  0000                     	stacklo	equ	0
    55  0000                     	stackhi	equ	0
    56                           
    57                           
    58                           	psect	stack,class=STACK,space=2,noexec
    59                           	global ___sp,___int_sp
    60  0000                     	___sp:
    61  0000                     	___int_sp:
    62                           	psect	reset_vec
    63  0000                     reset_vec:
    64                           	; No powerup routine
    65                           	; No interrupt routine
    66                           
    67                           
    68                           	psect	init
    69  0000                     start
    70                           	psect	end_init
    71                           	global start_initialization
    72  0000  2FFD               	ljmp start_initialization	;jump to C runtime clear & initialization
    73                           
    74                           ; Config register CONFIG @ 0x2007
    75                           ;	Brown-out Detect Enable bit
    76                           ;	BOREN = ON, BOD enabled
    77                           ;	Data EE Memory Code Protection bit
    78                           ;	CPD = OFF, Data memory code protection off
    79                           ;	Oscillator Selection bits
    80                           ;	FOSC = XT, XT oscillator: Crystal/resonator on RA6/OSC2/CLKOUT and RA7/OSC1/CLKIN
    81                           ;	RA5/MCLR/VPP Pin Function Select bit
    82                           ;	MCLRE = ON, RA5/MCLR/VPP pin function is MCLR
    83                           ;	Watchdog Timer Enable bit
    84                           ;	WDTE = OFF, WDT disabled
    85                           ;	Flash Program Memory Code Protection bit
    86                           ;	CP = OFF, Code protection off
    87                           ;	Low-Voltage Programming Enable bit
    88                           ;	LVP = OFF, RB4/PGM pin has digital I/O function, HV on MCLR must be used for programming
    89                           ;	Power-up Timer Enable bit
    90                           ;	PWRTE = ON, PWRT enabled
    91                           
    92                           	psect	config
    93  2007                     		org 0x0
    94  2007  FF61               		dw 0xFF61


Microchip Technology PIC Macro Assembler V1.30 build 55553 
Symbol Table                                                                                               Sun Mar 09 20:40:36 2014

               ___sp 0000                 _main 069D                 start 0000               stackhi 0000  
             stacklo 0000  start_initialization 07FD             ___int_sp 0000             intlevel0 0000  
           intlevel1 0000             intlevel2 0000             intlevel3 0000             intlevel4 0000  
           intlevel5 0000             reset_vec 0000  
